[00:00:36] [User Authenticator #18/INFO]: UUID of player BenDoesMusic is 19a02d34-63af-49e9-bfbc-7646e15ee022
[00:00:37] [Server thread/INFO]: BenDoesMusic joined the game
[00:00:37] [Server thread/INFO]: BenDoesMusic[/98.111.229.85:52647] logged in with entity id 148679 at ([world]210.895042240685, 63.0, -1905.518236233321)
[00:00:51] [Async Chat Thread - #20/INFO]: [12:00 AM] [hot sister] <Lhendy51> oh you do music? name every song
[00:01:01] [Async Chat Thread - #20/INFO]: [12:01 AM] [Leslie] <BenDoesMusic> blue bossa
[00:01:10] [Async Chat Thread - #20/INFO]: [12:01 AM] [hot sister] <Lhendy51> guys he really does do music
[00:01:18] [Async Chat Thread - #20/INFO]: [12:01 AM] [communist] <Comrade91> dawg
[00:02:06] [Async Chat Thread - #20/INFO]: [12:02 AM] [Doer Of Moms] <ya_boi_ehoff> slabs
[00:02:30] [Async Chat Thread - #20/INFO]: [12:02 AM] [communist] <Comrade91> eaf its snowing
[00:02:40] [Async Chat Thread - #20/INFO]: [12:02 AM] [Doer Of Moms] <ya_boi_ehoff> yeah its kinda lame doe
[00:02:58] [Server thread/INFO]: [Server Log]: The folder 'plugins/ServerLog/Compiled Log' has been created...
[00:02:58] [Server thread/INFO]: [Server Log]: The folder 'plugins/ServerLog/Server Information' has been created...
[00:02:58] [Server thread/INFO]: [Server Log]: The folder 'plugins/ServerLog/Server Information/TPS' has been created...
[00:02:58] [Server thread/INFO]: [Server Log]: The folder 'plugins/ServerLog/Server Information/Ram Usage' has been created...
[00:02:58] [Server thread/INFO]: [Server Log]: The folder 'plugins/ServerLog/Server Information/Player Count' has been created...
[00:02:58] [Server thread/INFO]: [Server Log]: The folder 'plugins/ServerLog/Server Information/Entity Count' has been created...
[00:02:58] [Server thread/INFO]: [Server Log]: The folder 'plugins/ServerLog/Server Information/Entity Count/world' has been created...
[00:02:58] [Server thread/INFO]: [Server Log]: The folder 'plugins/ServerLog/Server Information/Entity Count/world_nether' has been created...
[00:02:58] [Server thread/INFO]: [Server Log]: The folder 'plugins/ServerLog/Server Information/Entity Count/world_the_end' has been created...
[00:02:58] [Server thread/INFO]: [Server Log]: The folder 'plugins/ServerLog/Server Information/Chunks Loaded' has been created...
[00:02:58] [Server thread/INFO]: [Server Log]: The folder 'plugins/ServerLog/Server Information/Chunks Loaded/world' has been created...
[00:02:58] [Server thread/INFO]: [Server Log]: The folder 'plugins/ServerLog/Server Information/Chunks Loaded/world_nether' has been created...
[00:02:58] [Server thread/INFO]: [Server Log]: The folder 'plugins/ServerLog/Server Information/Chunks Loaded/world_the_end' has been created...
[00:02:58] [Server thread/INFO]: [Server Log]: The folder 'plugins/ServerLog/Activity' has been created...
[00:02:58] [Server thread/INFO]: [Server Log]: The folder 'plugins/ServerLog/Activity/Player Join' has been created...
[00:02:58] [Server thread/INFO]: [Server Log]: The folder 'plugins/ServerLog/Activity/Player Quit' has been created...
[00:02:58] [Server thread/INFO]: [Server Log]: The folder 'plugins/ServerLog/Activity/Player Kick' has been created...
[00:02:58] [Server thread/INFO]: [Server Log]: The folder 'plugins/ServerLog/Blocks' has been created...
[00:02:58] [Server thread/INFO]: [Server Log]: The folder 'plugins/ServerLog/Blocks/Block Place' has been created...
[00:02:58] [Server thread/INFO]: [Server Log]: The folder 'plugins/ServerLog/Blocks/Block Break' has been created...
[00:02:58] [Server thread/INFO]: [Server Log]: The folder 'plugins/ServerLog/Blocks/Empty Bucket' has been created...
[00:02:58] [Server thread/INFO]: [Server Log]: The folder 'plugins/ServerLog/Chat' has been created...
[00:02:58] [Server thread/INFO]: [Server Log]: The folder 'plugins/ServerLog/Commands' has been created...
[00:02:58] [Server thread/INFO]: [Server Log]: The folder 'plugins/ServerLog/Items' has been created...
[00:02:58] [Server thread/INFO]: [Server Log]: The folder 'plugins/ServerLog/Items/Item Pickup' has been created...
[00:02:58] [Server thread/INFO]: [Server Log]: The folder 'plugins/ServerLog/Items/Item Drop' has been created...
[00:02:58] [Server thread/INFO]: [Server Log]: The folder 'plugins/ServerLog/Players' has been created...
[00:02:58] [Server thread/INFO]: [Server Log]: The folder 'plugins/ServerLog/Players/Death' has been created...
[00:02:58] [Server thread/INFO]: [Server Log]: The folder 'plugins/ServerLog/Players/Spawn Mob Egg' has been created...
[00:02:58] [Server thread/INFO]: [Server Log]: The folder 'plugins/ServerLog/Players/Gamemode Change' has been created...
[00:02:58] [Server thread/INFO]: [Server Log]: The folder 'plugins/ServerLog/Players/Respawn' has been created...
[00:02:58] [Server thread/INFO]: [Server Log]: The folder 'plugins/ServerLog/Players/Teleport' has been created...
[00:02:58] [Server thread/INFO]: [Server Log]: The folder 'plugins/ServerLog/Custom APIs' has been created...
[00:02:58] [Server thread/INFO]: [Server Log]: The folder 'plugins/ServerLog/Custom APIs/Vouchers' has been created...
[00:02:58] [Server thread/INFO]: [Server Log]: All files have been initiated...
[00:03:40] [Async Chat Thread - #21/INFO]: [12:03 AM] [communist] <Comrade91> also scotty is joining us tn cause he says he misses u and mar
[00:03:48] [Async Chat Thread - #21/INFO]: [12:03 AM] [Doer Of Moms] <ya_boi_ehoff> EPIC
[00:10:44] [Server thread/INFO]: Comrade91 fell from a high place
[00:10:48] [Async Chat Thread - #22/INFO]: [12:10 AM] [Doer Of Moms] <ya_boi_ehoff> ahh
[00:11:00] [Async Chat Thread - #22/INFO]: [12:11 AM] [communist] <Comrade91> mckill myself
[00:11:15] [Async Chat Thread - #22/INFO]: [12:11 AM] [hot sister] <Lhendy51> 8830 -353
[00:11:29] [Server thread/INFO]: Comrade91 fell from a high place
[00:11:41] [Async Chat Thread - #22/INFO]: [12:11 AM] [communist] <Comrade91> i cant count ethan
[00:12:48] [Server thread/INFO]: Comrade91 fell from a high place
[00:13:59] [Async Chat Thread - #23/INFO]: [12:13 AM] [hot sister] <Lhendy51> whom is at my base lol
[00:14:03] [Async Chat Thread - #23/INFO]: [12:14 AM] [Doer Of Moms] <ya_boi_ehoff> ME
[00:14:14] [Async Chat Thread - #23/INFO]: [12:14 AM] [Doer Of Moms] <ya_boi_ehoff> im here for you prismarine
[00:14:18] [Async Chat Thread - #23/INFO]: [12:14 AM] [hot sister] <Lhendy51> ah
[00:14:24] [Async Chat Thread - #23/INFO]: [12:14 AM] [hot sister] <Lhendy51> take all u need
[00:15:45] [Async Chat Thread - #24/INFO]: [12:15 AM] [Leslie] <BenDoesMusic> -1415 847
[00:16:25] [Async Chat Thread - #24/INFO]: [12:16 AM] [Doer Of Moms] <ya_boi_ehoff> floor again?
[00:16:37] [Async Chat Thread - #24/INFO]: [12:16 AM] [communist] <Comrade91> yessir
[00:17:00] [Async Chat Thread - #24/INFO]: [12:17 AM] [Leslie] <BenDoesMusic> can someone sleep
[00:19:30] [Server thread/INFO]: ya_boi_ehoff fell from a high place
[00:26:37] [Async Chat Thread - #25/INFO]: [12:26 AM] [hot sister] <Lhendy51> ha
[00:26:42] [Async Chat Thread - #25/INFO]: [12:26 AM] [hot sister] <Lhendy51> u shot a firework
[00:26:45] [Async Chat Thread - #25/INFO]: [12:26 AM] [hot sister] <Lhendy51> thats what u get
[00:30:32] [Async Chat Thread - #26/INFO]: [12:30 AM] [communist] <Comrade91> need midnight snack idead
[00:30:34] [Async Chat Thread - #26/INFO]: [12:30 AM] [communist] <Comrade91> ideas
[00:30:36] [Async Chat Thread - #26/INFO]: [12:30 AM] [Leslie] <BenDoesMusic> cum
[00:30:40] [Async Chat Thread - #26/INFO]: [12:30 AM] [hot sister] <Lhendy51> fard
[00:30:43] [Async Chat Thread - #26/INFO]: [12:30 AM] [communist] <Comrade91> shut
[00:30:45] [Async Chat Thread - #26/INFO]: [12:30 AM] [hot sister] <Lhendy51> piss
[00:30:47] [Async Chat Thread - #26/INFO]: [12:30 AM] [Doer Of Moms] <ya_boi_ehoff> ice cweam
[00:30:47] [Async Chat Thread - #26/INFO]: [12:30 AM] [hot sister] <Lhendy51> pee
[00:30:53] [Async Chat Thread - #26/INFO]: [12:30 AM] [communist] <Comrade91> thank you eaf
[00:31:14] [Async Chat Thread - #26/INFO]: [12:31 AM] [Doer Of Moms] <ya_boi_ehoff> cereal
[00:31:23] [Async Chat Thread - #26/INFO]: [12:31 AM] [communist] <Comrade91> wha kind
[00:31:30] [Async Chat Thread - #26/INFO]: [12:31 AM] [hot sister] <Lhendy51> cum cereal
[00:38:38] [Async Chat Thread - #27/INFO]: [12:38 AM] [communist] <Comrade91> baf
[00:38:52] [Async Chat Thread - #27/INFO]: [12:38 AM] [Leslie] <BenDoesMusic> baf
[00:42:18] [Server thread/INFO]: Comrade91 lost connection: Disconnected
[00:42:18] [Server thread/INFO]: Comrade91 left the game
[00:42:23] [User Authenticator #19/INFO]: UUID of player Comrade91 is 7304482c-27a6-487a-8070-e886e8c31735
[00:42:23] [Server thread/WARN]: Can't keep up! Is the server overloaded? Running 5013ms or 100 ticks behind
[00:42:24] [Server thread/INFO]: Comrade91 joined the game
[00:42:24] [Server thread/INFO]: Comrade91[/24.154.121.93:55316] logged in with entity id 177027 at ([world]-596.976512013521, 102.0, 341.08364655751143)
[00:43:10] [Server thread/WARN]: Can't keep up! Is the server overloaded? Running 5198ms or 103 ticks behind
[00:44:02] [Server thread/WARN]: Can't keep up! Is the server overloaded? Running 5010ms or 100 ticks behind
[00:45:19] [Server thread/WARN]: Can't keep up! Is the server overloaded? Running 5024ms or 100 ticks behind
[00:47:25] [Async Chat Thread - #28/INFO]: [12:47 AM] [communist] <Comrade91> hey
[00:47:28] [Async Chat Thread - #28/INFO]: [12:47 AM] [hot sister] <Lhendy51> hye
[00:47:31] [Async Chat Thread - #28/INFO]: [12:47 AM] [communist] <Comrade91> hye
[00:47:33] [Async Chat Thread - #28/INFO]: [12:47 AM] [Leslie] <BenDoesMusic> hye
[00:47:39] [Async Chat Thread - #28/INFO]: [12:47 AM] [hot sister] <Lhendy51> hy
[00:47:46] [Async Chat Thread - #28/INFO]: [12:47 AM] [communist] <Comrade91> take a baf stimky
[00:47:53] [Async Chat Thread - #28/INFO]: [12:47 AM] [hot sister] <Lhendy51> ha ur on fire
[00:47:54] [Async Chat Thread - #28/INFO]: [12:47 AM] [communist] <Comrade91> rude ass
[00:47:59] [Async Chat Thread - #28/INFO]: [12:47 AM] [hot sister] <Lhendy51> no u
[00:48:07] [Async Chat Thread - #28/INFO]: [12:48 AM] [hot sister] <Lhendy51> do u want purpur
[00:48:10] [Async Chat Thread - #28/INFO]: [12:48 AM] [communist] <Comrade91> gimme
[00:48:57] [Async Chat Thread - #28/INFO]: [12:48 AM] [communist] <Comrade91> thank .
[00:48:58] [Async Chat Thread - #28/INFO]: [12:48 AM] [hot sister] <Lhendy51> less than three
[00:49:19] [Async Chat Thread - #28/INFO]: [12:49 AM] [communist] <Comrade91> haha logan failed english
[00:49:27] [Async Chat Thread - #28/INFO]: [12:49 AM] [hot sister] <Lhendy51> what
[00:49:30] [Async Chat Thread - #28/INFO]: [12:49 AM] [communist] <Comrade91> stinky bitch
[00:49:41] [Async Chat Thread - #28/INFO]: [12:49 AM] [hot sister] <Lhendy51> im not gonna send actual heart bc 1) i h8 u and 2) thats gay
[00:49:48] [Async Chat Thread - #28/INFO]: [12:49 AM] [communist] <Comrade91> no homo
[00:49:53] [Async Chat Thread - #28/INFO]: [12:49 AM] [hot sister] <Lhendy51> fair enuf
[00:50:53] [Server thread/WARN]: Can't keep up! Is the server overloaded? Running 5018ms or 100 ticks behind
[00:51:21] [Async Chat Thread - #29/INFO]: [12:51 AM] [communist] <Comrade91> ethan stop selling kids bath salts
[00:56:59] [Async Chat Thread - #30/INFO]: [12:56 AM] [communist] <Comrade91> organic condoms
[00:57:10] [Async Chat Thread - #30/INFO]: [12:57 AM] [communist] <Comrade91> marketing idea
[00:57:12] [Async Chat Thread - #30/INFO]: [12:57 AM] [communist] <Comrade91> please respond
[00:57:17] [Async Chat Thread - #30/INFO]: [12:57 AM] [Leslie] <BenDoesMusic> terrible
[00:57:21] [Async Chat Thread - #30/INFO]: [12:57 AM] [hot sister] <Lhendy51> only if they work for pussy and ass
[00:57:30] [Async Chat Thread - #30/INFO]: [12:57 AM] [communist] <Comrade91> but theyre not actually organic
[00:57:35] [Async Chat Thread - #30/INFO]: [12:57 AM] [hot sister] <Lhendy51> failure
[00:57:40] [Async Chat Thread - #30/INFO]: [12:57 AM] [communist] <Comrade91> i just market them with that word so white people buy them
[00:57:59] [Async Chat Thread - #30/INFO]: [12:57 AM] [communist] <Comrade91> its fool proof
[01:00:29] [Server thread/INFO]: ya_boi_ehoff lost connection: Disconnected
[01:00:29] [Server thread/INFO]: ya_boi_ehoff left the game
[01:01:00] [Server thread/INFO]: Lhendy51 lost connection: Disconnected
[01:01:00] [Server thread/INFO]: Lhendy51 left the game
[01:01:14] [Async Chat Thread - #31/INFO]: [1:01 AM] [communist] <Comrade91> this town aint big enough for the two of us
[01:01:34] [Async Chat Thread - #31/INFO]: [1:01 AM] [communist] <Comrade91> why are u ignoring me .
[01:01:53] [Server thread/INFO]: Comrade91 lost connection: Disconnected
[01:01:53] [Server thread/INFO]: Comrade91 left the game
[01:06:21] [Server thread/INFO]: BenDoesMusic lost connection: Disconnected
[01:06:21] [Server thread/INFO]: BenDoesMusic left the game
[04:25:30] [Server thread/INFO]: [ProtocolLib] The updater found an update, and has readied it to be loaded the next time the server restarts/reloads.
[12:45:48] [User Authenticator #20/INFO]: UUID of player Lhendy51 is a060e158-277d-4fcd-9d79-a11f60316abf
[12:45:49] [Server thread/INFO]: Lhendy51 joined the game
[12:45:49] [Server thread/INFO]: Lhendy51[/73.154.195.184:58507] logged in with entity id 193586 at ([world]1285.227784690921, 65.0, 769.3616000721177)
[13:32:11] [Server thread/INFO]: Lhendy51 lost connection: Disconnected
[13:32:11] [Server thread/INFO]: Lhendy51 left the game
[14:51:03] [User Authenticator #21/INFO]: UUID of player Borps is d6b1ba70-5e88-4d6c-8dff-2266dde50f0f
[14:51:03] [Server thread/INFO]: Borps joined the game
[14:51:03] [Server thread/INFO]: Borps[/98.111.253.154:1024] logged in with entity id 209567 at ([world]743.446848940798, 63.0, 303.48261892014006)
[14:51:30] [Server thread/INFO]: Borps lost connection: Disconnected
[14:51:30] [Server thread/INFO]: Borps left the game
