[22:30:32] [Server thread/INFO]: Starting minecraft server version 1.15.2
[22:30:32] [Server thread/INFO]: Loading properties
[22:30:33] [Server thread/INFO]: This server is running Paper version git-Paper-361 (MC: 1.15.2) (Implementing API version 1.15.2-R0.1-SNAPSHOT)
[22:30:33] [Server thread/INFO]: Debug logging is disabled
[22:30:33] [Server thread/INFO]: Server Ping Player Sample Count: 12
[22:30:33] [Server thread/INFO]: Using 4 threads for Netty based IO
[22:30:34] [Server thread/INFO]: Default game type: SURVIVAL
[22:30:34] [Server thread/INFO]: Generating keypair
[22:30:34] [Server thread/INFO]: Starting Minecraft server on *:25565
[22:30:34] [Server thread/INFO]: Using epoll channel type
[22:30:36] [Server thread/WARN]: Initializing Legacy Material Support. Unless you have legacy plugins and/or data this is a bug!
[22:30:45] [Server thread/WARN]: Legacy plugin ImageMaps v0.5.0 does not specify an api-version.
[22:30:45] [Server thread/WARN]: Legacy plugin PluginManager v2.0.1 does not specify an api-version.
[22:30:46] [Server thread/WARN]: Legacy plugin SimplePrefix v2.5.1 does not specify an api-version.
[22:30:46] [Server thread/WARN]: Legacy plugin AdvancedBan v2.1.9 does not specify an api-version.
[22:30:46] [Server thread/INFO]: [TARDISChunkGenerator] Loading TARDISChunkGenerator v4.4.1
[22:30:46] [Server thread/INFO]: [LuckPerms] Loading LuckPerms v5.0.72
[22:30:46] [Server thread/INFO]: [WorldEdit] Loading WorldEdit v7.1.0;8e55131
[22:30:48] [Server thread/INFO]: Got request to register class com.sk89q.worldedit.bukkit.BukkitServerInterface with WorldEdit [com.sk89q.worldedit.extension.platform.PlatformManager@3f3a37c2]
[22:30:48] [Server thread/INFO]: [ImageMaps] Loading ImageMaps v0.5.0
[22:30:48] [Server thread/INFO]: [OpenInv] Loading OpenInv v4.0.8
[22:30:48] [Server thread/INFO]: [ServerLog] Loading ServerLog v1.1.3
[22:30:48] [Server thread/INFO]: [PlaceholderAPI] Loading PlaceholderAPI v2.10.6
[22:30:48] [Server thread/INFO]: [PluginManager] Loading PluginManager v2.0.1
[22:30:48] [Server thread/INFO]: [GSit] Loading GSit v[2.15.0.0]
[22:30:48] [Server thread/INFO]: [Vault] Loading Vault v1.7.2-b107
[22:30:48] [Server thread/INFO]: [MyCommand] Loading MyCommand v5.6.5
[22:30:48] [Server thread/INFO]: [Multiverse-Core] Loading Multiverse-Core v4.1.0-b775
[22:30:49] [Server thread/INFO]: [ProtocolLib] Loading ProtocolLib v4.5.0
[22:30:49] [Server thread/WARN]: [ProtocolLib] Version (MC: 1.15.2) has not yet been tested! Proceed with caution.
[22:30:49] [Server thread/INFO]: [Shopkeepers] Loading Shopkeepers v2.9.3
[22:30:49] [Server thread/INFO]: [Shopkeepers] Loading config.
[22:30:50] [Server thread/INFO]: [Shopkeepers] Registering defaults.
[22:30:50] [Server thread/INFO]: [SimplePrefix] Loading SimplePrefix v2.5.1
[22:30:50] [Server thread/INFO]: [AdvancedBan] Loading AdvancedBan v2.1.9
[22:30:50] [Server thread/INFO]: [TAB] Loading TAB v2.7.1
[22:30:50] [Server thread/INFO]: [TARDIS] Loading TARDIS v4.4.1-b2130
[22:30:50] [Server thread/INFO]: Server permissions file permissions.yml is empty, ignoring it
[22:30:50] [Server thread/INFO]: [TARDISChunkGenerator] Enabling TARDISChunkGenerator v4.4.1
[22:30:50] [Server thread/INFO]: [LuckPerms] Enabling LuckPerms v5.0.72
[22:30:50] [Server thread/INFO]:         __    
[22:30:50] [Server thread/INFO]:   |    |__)   LuckPerms v5.0.72
[22:30:50] [Server thread/INFO]:   |___ |      Running on Bukkit - Paper
[22:30:50] [Server thread/INFO]: 
[22:30:50] [Server thread/INFO]: [LuckPerms] Loading configuration...
[22:30:51] [Server thread/INFO]: [LuckPerms] Loading storage provider... [H2]
[22:30:53] [Server thread/INFO]: [LuckPerms] Loading internal permission managers...
[22:30:53] [Server thread/INFO]: [LuckPerms] Performing initial data load...
[22:30:53] [Server thread/INFO]: [LuckPerms] Successfully enabled. (took 3537ms)
[22:30:53] [Server thread/INFO]: [WorldEdit] Enabling WorldEdit v7.1.0;8e55131
[22:30:53] [Server thread/WARN]: [WorldEdit] Loaded class net.milkbowl.vault.permission.Permission from Vault v1.7.2-b107 which is not a depend, softdepend or loadbefore of this plugin.
[22:30:53] [Server thread/INFO]: WEPIF: Using the Bukkit Permissions API.
[22:30:54] [Server thread/INFO]: Using com.sk89q.worldedit.bukkit.adapter.impl.Spigot_v1_15_R2 as the Bukkit adapter
[22:30:56] [Server thread/INFO]: [Vault] Enabling Vault v1.7.2-b107
[22:30:56] [Server thread/INFO]: [Vault] [Permission] SuperPermissions loaded as backup permission system.
[22:30:56] [Server thread/INFO]: [Vault] Enabled Version 1.7.2-b107
[22:30:56] [Server thread/WARN]: [LuckPerms] Loaded class net.milkbowl.vault.permission.Permission from Vault v1.7.2-b107 which is not a depend, softdepend or loadbefore of this plugin.
[22:30:56] [Server thread/INFO]: [LuckPerms] Registered Vault permission & chat hook.
[22:30:56] [Server thread/INFO]: WEPIF: Vault detected! Using Vault for permissions
[22:30:56] [Server thread/INFO]: [ProtocolLib] Enabling ProtocolLib v4.5.0
[22:30:56] [Server thread/INFO]: [ProtocolLib] Started structure compiler thread.
[22:30:56] [Server thread/INFO]: Preparing level "world"
[22:30:57] [Server thread/INFO]: Reloading ResourceManager: Default, bukkit, multiplayer_sleep, durability_ping, player head drops v1.0.0.zip, player_head_drops, time_datapack, death_coords, silence_mobs, tardis
[22:31:12] [Server thread/INFO]: Loaded 6 recipes
[22:31:13] [Server thread/INFO]: Loaded 51 custom command functions
[22:31:13] [Server thread/INFO]: -------- World Settings For [world] --------
[22:31:13] [Server thread/INFO]: Cactus Growth Modifier: 100%
[22:31:13] [Server thread/INFO]: Cane Growth Modifier: 100%
[22:31:13] [Server thread/INFO]: Melon Growth Modifier: 100%
[22:31:13] [Server thread/INFO]: Mushroom Growth Modifier: 100%
[22:31:13] [Server thread/INFO]: Pumpkin Growth Modifier: 100%
[22:31:13] [Server thread/INFO]: Sapling Growth Modifier: 100%
[22:31:13] [Server thread/INFO]: Beetroot Growth Modifier: 100%
[22:31:13] [Server thread/INFO]: Carrot Growth Modifier: 100%
[22:31:13] [Server thread/INFO]: Potato Growth Modifier: 100%
[22:31:13] [Server thread/INFO]: Wheat Growth Modifier: 100%
[22:31:13] [Server thread/INFO]: NetherWart Growth Modifier: 100%
[22:31:13] [Server thread/INFO]: Vine Growth Modifier: 100%
[22:31:13] [Server thread/INFO]: Cocoa Growth Modifier: 100%
[22:31:13] [Server thread/INFO]: Bamboo Growth Modifier: 100%
[22:31:13] [Server thread/INFO]: SweetBerry Growth Modifier: 100%
[22:31:13] [Server thread/INFO]: Kelp Growth Modifier: 100%
[22:31:13] [Server thread/INFO]: Entity Activation Range: An 32 / Mo 32 / Ra 48 / Mi 16 / Tiv true
[22:31:13] [Server thread/INFO]: Mob Spawn Range: 8
[22:31:13] [Server thread/INFO]: Experience Merge Radius: 3.0
[22:31:13] [Server thread/INFO]: Entity Tracking Range: Pl 48 / An 48 / Mo 48 / Mi 32 / Other 64
[22:31:13] [Server thread/INFO]: Hopper Transfer: 8 Hopper Check: 1 Hopper Amount: 1
[22:31:13] [Server thread/INFO]: Custom Map Seeds:  Village: 10387312 Desert: 14357617 Igloo: 14357618 Jungle: 14357619 Swamp: 14357620 Monument: 10387313 Ocean: 14357621 Shipwreck: 165745295 End City: 10387313 Slime: 987234911
[22:31:13] [Server thread/INFO]: Max TNT Explosions: 100
[22:31:13] [Server thread/INFO]: Tile Max Tick Time: 50ms Entity max Tick Time: 50ms
[22:31:13] [Server thread/INFO]: View Distance: 10
[22:31:13] [Server thread/INFO]: Allow Zombie Pigmen to spawn from portal blocks: true
[22:31:13] [Server thread/INFO]: Item Despawn Rate: 6000
[22:31:13] [Server thread/INFO]: Item Merge Radius: 2.5
[22:31:13] [Server thread/INFO]: Arrow Despawn Rate: 1200 Trident Respawn Rate:1200
[22:31:13] [Server thread/INFO]: Zombie Aggressive Towards Villager: true
[22:31:13] [Server thread/INFO]: Nerfing mobs spawned from spawners: false
[22:31:14] [Server thread/INFO]: Registering commands with com.sk89q.worldedit.bukkit.BukkitServerInterface
[22:31:14] [Server thread/INFO]: -------- World Settings For [world_nether] --------
[22:31:14] [Server thread/INFO]: Cactus Growth Modifier: 100%
[22:31:14] [Server thread/INFO]: Cane Growth Modifier: 100%
[22:31:14] [Server thread/INFO]: Melon Growth Modifier: 100%
[22:31:14] [Server thread/INFO]: Mushroom Growth Modifier: 100%
[22:31:14] [Server thread/INFO]: Pumpkin Growth Modifier: 100%
[22:31:14] [Server thread/INFO]: Sapling Growth Modifier: 100%
[22:31:14] [Server thread/INFO]: Beetroot Growth Modifier: 100%
[22:31:14] [Server thread/INFO]: Carrot Growth Modifier: 100%
[22:31:14] [Server thread/INFO]: Potato Growth Modifier: 100%
[22:31:14] [Server thread/INFO]: Wheat Growth Modifier: 100%
[22:31:14] [Server thread/INFO]: NetherWart Growth Modifier: 100%
[22:31:14] [Server thread/INFO]: Vine Growth Modifier: 100%
[22:31:14] [Server thread/INFO]: Cocoa Growth Modifier: 100%
[22:31:14] [Server thread/INFO]: Bamboo Growth Modifier: 100%
[22:31:14] [Server thread/INFO]: SweetBerry Growth Modifier: 100%
[22:31:14] [Server thread/INFO]: Kelp Growth Modifier: 100%
[22:31:14] [Server thread/INFO]: Entity Activation Range: An 32 / Mo 32 / Ra 48 / Mi 16 / Tiv true
[22:31:14] [Server thread/INFO]: Mob Spawn Range: 8
[22:31:14] [Server thread/INFO]: Experience Merge Radius: 3.0
[22:31:14] [Server thread/INFO]: Entity Tracking Range: Pl 48 / An 48 / Mo 48 / Mi 32 / Other 64
[22:31:14] [Server thread/INFO]: Hopper Transfer: 8 Hopper Check: 1 Hopper Amount: 1
[22:31:14] [Server thread/INFO]: Custom Map Seeds:  Village: 10387312 Desert: 14357617 Igloo: 14357618 Jungle: 14357619 Swamp: 14357620 Monument: 10387313 Ocean: 14357621 Shipwreck: 165745295 End City: 10387313 Slime: 987234911
[22:31:14] [Server thread/INFO]: Max TNT Explosions: 100
[22:31:14] [Server thread/INFO]: Tile Max Tick Time: 50ms Entity max Tick Time: 50ms
[22:31:14] [Server thread/INFO]: View Distance: 10
[22:31:14] [Server thread/INFO]: Allow Zombie Pigmen to spawn from portal blocks: true
[22:31:14] [Server thread/INFO]: Item Despawn Rate: 6000
[22:31:14] [Server thread/INFO]: Item Merge Radius: 2.5
[22:31:14] [Server thread/INFO]: Arrow Despawn Rate: 1200 Trident Respawn Rate:1200
[22:31:14] [Server thread/INFO]: Zombie Aggressive Towards Villager: true
[22:31:14] [Server thread/INFO]: Nerfing mobs spawned from spawners: false
[22:31:14] [Server thread/INFO]: -------- World Settings For [world_the_end] --------
[22:31:14] [Server thread/INFO]: Cactus Growth Modifier: 100%
[22:31:14] [Server thread/INFO]: Cane Growth Modifier: 100%
[22:31:14] [Server thread/INFO]: Melon Growth Modifier: 100%
[22:31:14] [Server thread/INFO]: Mushroom Growth Modifier: 100%
[22:31:14] [Server thread/INFO]: Pumpkin Growth Modifier: 100%
[22:31:14] [Server thread/INFO]: Sapling Growth Modifier: 100%
[22:31:14] [Server thread/INFO]: Beetroot Growth Modifier: 100%
[22:31:14] [Server thread/INFO]: Carrot Growth Modifier: 100%
[22:31:14] [Server thread/INFO]: Potato Growth Modifier: 100%
[22:31:14] [Server thread/INFO]: Wheat Growth Modifier: 100%
[22:31:14] [Server thread/INFO]: NetherWart Growth Modifier: 100%
[22:31:14] [Server thread/INFO]: Vine Growth Modifier: 100%
[22:31:14] [Server thread/INFO]: Cocoa Growth Modifier: 100%
[22:31:14] [Server thread/INFO]: Bamboo Growth Modifier: 100%
[22:31:14] [Server thread/INFO]: SweetBerry Growth Modifier: 100%
[22:31:14] [Server thread/INFO]: Kelp Growth Modifier: 100%
[22:31:14] [Server thread/INFO]: Entity Activation Range: An 32 / Mo 32 / Ra 48 / Mi 16 / Tiv true
[22:31:14] [Server thread/INFO]: Mob Spawn Range: 8
[22:31:14] [Server thread/INFO]: Experience Merge Radius: 3.0
[22:31:14] [Server thread/INFO]: Entity Tracking Range: Pl 48 / An 48 / Mo 48 / Mi 32 / Other 64
[22:31:14] [Server thread/INFO]: Hopper Transfer: 8 Hopper Check: 1 Hopper Amount: 1
[22:31:14] [Server thread/INFO]: Custom Map Seeds:  Village: 10387312 Desert: 14357617 Igloo: 14357618 Jungle: 14357619 Swamp: 14357620 Monument: 10387313 Ocean: 14357621 Shipwreck: 165745295 End City: 10387313 Slime: 987234911
[22:31:14] [Server thread/INFO]: Max TNT Explosions: 100
[22:31:14] [Server thread/INFO]: Tile Max Tick Time: 50ms Entity max Tick Time: 50ms
[22:31:14] [Server thread/INFO]: View Distance: 10
[22:31:14] [Server thread/INFO]: Allow Zombie Pigmen to spawn from portal blocks: true
[22:31:14] [Server thread/INFO]: Item Despawn Rate: 6000
[22:31:14] [Server thread/INFO]: Item Merge Radius: 2.5
[22:31:14] [Server thread/INFO]: Arrow Despawn Rate: 1200 Trident Respawn Rate:1200
[22:31:14] [Server thread/INFO]: Zombie Aggressive Towards Villager: true
[22:31:14] [Server thread/INFO]: Nerfing mobs spawned from spawners: false
[22:31:14] [Server thread/INFO]: Preparing start region for dimension 'world'/minecraft:overworld
[22:31:15] [Server thread/INFO]: Loaded 0 spawn chunks for world world
[22:31:15] [Server thread/INFO]: Preparing spawn area: 0%
[22:31:15] [Server thread/INFO]: Preparing spawn area: 0%
[22:31:15] [Server thread/INFO]: Preparing spawn area: 0%
[22:31:16] [Server thread/INFO]: Time elapsed: 1419 ms
[22:31:16] [Server thread/INFO]: Preparing start region for dimension 'world_nether'/minecraft:the_nether
[22:31:16] [Server thread/INFO]: Loaded 0 spawn chunks for world world_nether
[22:31:16] [Server thread/INFO]: Time elapsed: 157 ms
[22:31:16] [Server thread/INFO]: Preparing start region for dimension 'world_the_end'/minecraft:the_end
[22:31:16] [Server thread/INFO]: Loaded 0 spawn chunks for world world_the_end
[22:31:16] [Server thread/INFO]: Time elapsed: 89 ms
[22:31:16] [Server thread/INFO]: [ImageMaps] Enabling ImageMaps v0.5.0*
[22:31:31] [Server thread/INFO]: [OpenInv] Enabling OpenInv v4.0.8
[22:31:32] [Server thread/INFO]: [ServerLog] Enabling ServerLog v1.1.3
[22:31:32] [Server thread/INFO]: [Server Log]: Thank you for choosing Server Log to log your server's functions.
[22:31:32] [Server thread/INFO]: [Server Log]: The current version you are using is ServerLog v1.1.3
[22:31:32] [Server thread/INFO]: [Server Log]: This is the full version of Server Log, so all features are enabled.
[22:31:32] [Server thread/INFO]: [Server Log]: bStats is enabled!
[22:31:32] [Server thread/INFO]: [Server Log]: All files have been initiated...
[22:31:32] [Server thread/INFO]: [PlaceholderAPI] Enabling PlaceholderAPI v2.10.6
[22:31:32] [Server thread/INFO]: [PlaceholderAPI] Fetching available expansion information...
[22:31:32] [Server thread/INFO]: [PluginManager] Enabling PluginManager v2.0.1*
[22:31:32] [Server thread/INFO]: [GSit] Enabling GSit v[2.15.0.0]
[22:31:32] [Server thread/INFO]: [GSit] The Plugin was successfully enabled.
[22:31:32] [Server thread/INFO]: [MyCommand] Enabling MyCommand v5.6.5
[22:31:32] [Server thread/INFO]: *-=-=-=-=-=-=-=-=-=-* MyCommand *-=-=-=-=-=-=-=-=-=-=-*
[22:31:32] [Server thread/INFO]: | Vault  : Ok. Hooked on Vault 1.7.2-b107
[22:31:32] [Server thread/INFO]: | Command file(s) found : 2
[22:31:32] [Server thread/INFO]: | Config : Ready.
[22:31:32] [Server thread/INFO]: | PlaceholderAPI: Hooked, Ok.
[22:31:32] [Server thread/INFO]: | Custom commands loaded : 50
[22:31:32] [Server thread/INFO]: | Version: 5.6.5
[22:31:32] [Server thread/INFO]: | Author : emmerrei a.k.a Ivanpro
[22:31:33] [Server thread/INFO]: | You are running the latest version of MyCommand.
[22:31:33] [Server thread/INFO]: *-=-=-=-=-=-=-=-=-=-*   Done!   *-=-=-=-=-=-=-=-=-=-=-*
[22:31:33] [Server thread/INFO]: [Multiverse-Core] Enabling Multiverse-Core v4.1.0-b775
[22:31:33] [Server thread/WARN]: [Multiverse-Core] Loaded class net.milkbowl.vault.economy.Economy from Vault v1.7.2-b107 which is not a depend, softdepend or loadbefore of this plugin.
[22:31:33] [Server thread/WARN]: [Multiverse-Core] "Multiverse-Core v4.1.0-b775" has registered a listener for org.bukkit.event.entity.EntityCreatePortalEvent on method "public void com.onarandombox.MultiverseCore.listeners.MVPortalListener.entityPortalCreate(org.bukkit.event.entity.EntityCreatePortalEvent)", but the event is Deprecated. "Server performance will be affected"; please notify the authors [Rigby, fernferret, lithium3141, main--, dumptruckman].
[22:31:33] [Server thread/INFO]: [Multiverse-Core] We are aware of the warning about the deprecated event. There is no alternative that allows us to do what we need to do. The performance impact is negligible.
[22:31:33] [Server thread/INFO]: [Multiverse-Core] 3 - World(s) loaded.
[22:31:34] [Server thread/WARN]: Warning: Nashorn engine is planned to be removed from a future JDK release
[22:31:34] [Server thread/INFO]: [Multiverse-Core] Version 4.1.0-b775 (API v24) Enabled - By Rigby, fernferret, lithium3141, main-- and dumptruckman
[22:31:34] [Server thread/INFO]: [Multiverse-Core] Help dumptruckman keep this project alive. Become a patron! https://www.patreon.com/dumptruckman
[22:31:34] [Server thread/INFO]: [Multiverse-Core] One time donations are also appreciated: https://www.paypal.me/dumptruckman
[22:31:34] [Server thread/INFO]: [Shopkeepers] Enabling Shopkeepers v2.9.3
[22:31:35] [Server thread/INFO]: [Shopkeepers] Loading data of 8 shopkeepers..
[22:31:35] [Server thread/INFO]: [SimplePrefix] Enabling SimplePrefix v2.5.1*
[22:31:35] [Server thread/INFO]: [AdvancedBan] Enabling AdvancedBan v2.1.9*
[22:31:35] [Server thread/INFO]: [com.zaxxer.hikari.HikariDataSource] HikariPool-1 - Starting...
[22:31:36] [Server thread/INFO]: [com.zaxxer.hikari.pool.PoolBase] HikariPool-1 - Driver does not support get/set network timeout for connections. (feature not supported)
[22:31:36] [Server thread/INFO]: [com.zaxxer.hikari.HikariDataSource] HikariPool-1 - Start completed.
[22:31:36] [Server thread/INFO]: 
 
[]=====[Enabling AdvancedBan]=====[]
| Information:
|   Name: AdvancedBan
|   Developer: Leoko
|   Version: 2.1.9
|   Storage: HSQLDB (local)
| Support:
|   Github: https://github.com/DevLeoko/AdvancedBan/issues
|   Discord: https://discord.gg/ycDG6rS
| Twitter: @LeokoGar
| Update:
|   You have the newest version
[]================================[]
 
[22:31:36] [Server thread/INFO]: [TAB] Enabling TAB v2.7.1
[22:31:36] [Server thread/INFO]: [TAB] Server version: 1.15.2 (v1_15_R1)
[22:31:36] [Server thread/INFO]: [TAB] File plugins/TAB/errors.txt exists and is not empty. Please take a look at the errors and try to correct them. You can also join our discord for assistance. After you resolve them, delete the file.
[22:31:37] [Server thread/INFO]: [TAB] Version 2.8.1 is out! Your version: 2.7.1
[22:31:37] [Server thread/INFO]: [TAB] Get the update at https://www.spigotmc.org/resources/57806/
[22:31:37] [Server thread/INFO]: [TAB] There was 1 startup warning.
[22:31:37] [Server thread/INFO]: [TAB] Enabled in 406ms
[22:31:37] [Server thread/INFO]: [TARDIS] Enabling TARDIS v4.4.1-b2130
[22:31:37] [Server thread/INFO]: [TARDIS] Loading language: ENGLISH
[22:31:37] [Server thread/INFO]: [TARDIS] Attempting to load world: 'TARDIS_TimeVortex'
[22:31:37] [Server thread/INFO]: -------- World Settings For [TARDIS_TimeVortex] --------
[22:31:37] [Server thread/INFO]: Cactus Growth Modifier: 100%
[22:31:37] [Server thread/INFO]: Cane Growth Modifier: 100%
[22:31:37] [Server thread/INFO]: Melon Growth Modifier: 100%
[22:31:37] [Server thread/INFO]: Mushroom Growth Modifier: 100%
[22:31:37] [Server thread/INFO]: Pumpkin Growth Modifier: 100%
[22:31:37] [Server thread/INFO]: Sapling Growth Modifier: 100%
[22:31:37] [Server thread/INFO]: Beetroot Growth Modifier: 100%
[22:31:37] [Server thread/INFO]: Carrot Growth Modifier: 100%
[22:31:37] [Server thread/INFO]: Potato Growth Modifier: 100%
[22:31:37] [Server thread/INFO]: Wheat Growth Modifier: 100%
[22:31:37] [Server thread/INFO]: NetherWart Growth Modifier: 100%
[22:31:37] [Server thread/INFO]: Vine Growth Modifier: 100%
[22:31:37] [Server thread/INFO]: Cocoa Growth Modifier: 100%
[22:31:37] [Server thread/INFO]: Bamboo Growth Modifier: 100%
[22:31:37] [Server thread/INFO]: SweetBerry Growth Modifier: 100%
[22:31:37] [Server thread/INFO]: Kelp Growth Modifier: 100%
[22:31:37] [Server thread/INFO]: Entity Activation Range: An 32 / Mo 32 / Ra 48 / Mi 16 / Tiv true
[22:31:37] [Server thread/INFO]: Mob Spawn Range: 8
[22:31:37] [Server thread/INFO]: Experience Merge Radius: 3.0
[22:31:37] [Server thread/INFO]: Entity Tracking Range: Pl 48 / An 48 / Mo 48 / Mi 32 / Other 64
[22:31:37] [Server thread/INFO]: Hopper Transfer: 8 Hopper Check: 1 Hopper Amount: 1
[22:31:37] [Server thread/INFO]: Custom Map Seeds:  Village: 10387312 Desert: 14357617 Igloo: 14357618 Jungle: 14357619 Swamp: 14357620 Monument: 10387313 Ocean: 14357621 Shipwreck: 165745295 End City: 10387313 Slime: 987234911
[22:31:37] [Server thread/INFO]: Max TNT Explosions: 100
[22:31:37] [Server thread/INFO]: Tile Max Tick Time: 50ms Entity max Tick Time: 50ms
[22:31:37] [Server thread/INFO]: View Distance: 10
[22:31:37] [Server thread/INFO]: Allow Zombie Pigmen to spawn from portal blocks: true
[22:31:37] [Server thread/INFO]: Item Despawn Rate: 6000
[22:31:37] [Server thread/INFO]: Item Merge Radius: 2.5
[22:31:37] [Server thread/INFO]: Arrow Despawn Rate: 1200 Trident Respawn Rate:1200
[22:31:37] [Server thread/INFO]: Zombie Aggressive Towards Villager: true
[22:31:37] [Server thread/INFO]: Nerfing mobs spawned from spawners: false
[22:31:37] [Server thread/INFO]: Preparing start region for dimension 'TARDIS_TimeVortex'/minecraft:overworld
[22:31:37] [Server thread/INFO]: Loaded 0 spawn chunks for world TARDIS_TimeVortex
[22:31:38] [Server thread/INFO]: Preparing spawn area: 0%
[22:31:38] [Server thread/INFO]: Preparing spawn area: 0%
[22:31:38] [Server thread/INFO]: Preparing spawn area: 0%
[22:31:39] [Server thread/INFO]: Time elapsed: 1450 ms
[22:31:39] [Server thread/WARN]: [TARDIS] Loaded class org.hsqldb.jdbc.JDBCDriver from AdvancedBan v2.1.9 which is not a depend, softdepend or loadbefore of this plugin.
[22:31:42] [Server thread/INFO]: [TARDIS] Loaded 2 portals.
[22:31:42] [Server thread/INFO]: [TARDIS] Loaded 0 TARDISes in Siege Mode.
[22:31:42] [Server thread/INFO]: [TARDIS] Loaded 0 dispersed Police Boxes.
[22:31:43] [Server thread/INFO]: [PlaceholderAPI] Placeholder expansion registration initializing...
[22:31:43] [Server thread/INFO]: Running delayed init tasks
[22:31:43] [Craft Scheduler Thread - 10/INFO]: [Vault] Checking for Updates ... 
[22:31:43] [Server thread/INFO]: Done (71.233s)! For help, type "help"
[22:31:43] [Server thread/INFO]: Timings Reset
[22:31:43] [Craft Scheduler Thread - 6/INFO]: [PlaceholderAPI] 174 placeholder expansions are available on the cloud.
[22:31:44] [Craft Scheduler Thread - 10/INFO]: [Vault] No new version available
[22:31:44] [Craft Scheduler Thread - 7/INFO]: PM | You are using the latest version of PluginManager.
[22:31:44] [Server thread/INFO]: com.mojang.authlib.GameProfile@6ec0782[id=<null>,name=TARDIS_360,properties={},legacy=false] (/73.154.210.58:54421) lost connection: Disconnected
[22:31:44] [Craft Scheduler Thread - 9/INFO]: [TARDIS] There is a new TARDIS build! You are using #2130, the latest build is #2154!
http://tardisjenkins.duckdns.org:8080/job/TARDIS/
[22:32:04] [User Authenticator #1/INFO]: UUID of player Austin_Powers_ is 33763e4d-26f0-433d-be7f-234836699127
[22:32:05] [Server thread/INFO]: Austin_Powers_ joined the game
[22:32:06] [Server thread/INFO]: Austin_Powers_[/73.154.194.210:59296] logged in with entity id 1002 at ([world]45.83049972693608, 69.0, 51.45917380439943)
[22:32:10] [Server thread/WARN]: Can't keep up! Is the server overloaded? Running 5784ms or 115 ticks behind
[22:32:32] [Server thread/INFO]: Austin_Powers_ lost connection: Disconnected
[22:32:32] [Server thread/INFO]: Austin_Powers_ left the game
[22:32:44] [User Authenticator #1/INFO]: UUID of player captainasia_ is e8e60f43-3dbf-4da9-9ab0-fc81939c64c0
[22:32:45] [Server thread/INFO]: captainasia_ joined the game
[22:32:45] [Server thread/INFO]: captainasia_[/24.154.114.227:56803] logged in with entity id 1063 at ([TARDIS_TimeVortex]501.25492996888147, 69.0, 2551.0827352590677)
[22:33:15] [User Authenticator #1/INFO]: UUID of player Lhendy51 is a060e158-277d-4fcd-9d79-a11f60316abf
[22:33:15] [Server thread/INFO]: Lhendy51 joined the game
[22:33:15] [Server thread/INFO]: Lhendy51[/73.154.195.184:55096] logged in with entity id 1067 at ([world]18.351376270951185, 69.0, -122.54781799167596)
[22:34:29] [Server thread/INFO]: Lhendy51 issued server command: /day
[22:34:29] [Server thread/INFO]: /day
[22:34:29] [Server thread/INFO]: Lhendy51 issued mycmd command ID(2) /day
[22:34:29] [Server thread/INFO]: Lhendy51 issued server command: /time set day
[22:34:29] [Server thread/INFO]: /time
[22:34:29] [Server thread/INFO]: [Lhendy51: Set the time to 1000]
