[00:00:04] [Server thread/INFO]: [Server Log]: The folder 'plugins/ServerLog/Compiled Log' has been created...
[00:00:04] [Server thread/INFO]: [Server Log]: The folder 'plugins/ServerLog/Server Information' has been created...
[00:00:04] [Server thread/INFO]: [Server Log]: The folder 'plugins/ServerLog/Server Information/TPS' has been created...
[00:00:04] [Server thread/INFO]: [Server Log]: The folder 'plugins/ServerLog/Server Information/Ram Usage' has been created...
[00:00:04] [Server thread/INFO]: [Server Log]: The folder 'plugins/ServerLog/Server Information/Player Count' has been created...
[00:00:04] [Server thread/INFO]: [Server Log]: The folder 'plugins/ServerLog/Server Information/Entity Count' has been created...
[00:00:04] [Server thread/INFO]: [Server Log]: The folder 'plugins/ServerLog/Server Information/Entity Count/world' has been created...
[00:00:04] [Server thread/INFO]: [Server Log]: The folder 'plugins/ServerLog/Server Information/Entity Count/world_nether' has been created...
[00:00:04] [Server thread/INFO]: [Server Log]: The folder 'plugins/ServerLog/Server Information/Entity Count/world_the_end' has been created...
[00:00:04] [Server thread/INFO]: [Server Log]: The folder 'plugins/ServerLog/Server Information/Chunks Loaded' has been created...
[00:00:04] [Server thread/INFO]: [Server Log]: The folder 'plugins/ServerLog/Server Information/Chunks Loaded/world' has been created...
[00:00:04] [Server thread/INFO]: [Server Log]: The folder 'plugins/ServerLog/Server Information/Chunks Loaded/world_nether' has been created...
[00:00:04] [Server thread/INFO]: [Server Log]: The folder 'plugins/ServerLog/Server Information/Chunks Loaded/world_the_end' has been created...
[00:00:04] [Server thread/INFO]: [Server Log]: The folder 'plugins/ServerLog/Activity' has been created...
[00:00:04] [Server thread/INFO]: [Server Log]: The folder 'plugins/ServerLog/Activity/Player Join' has been created...
[00:00:04] [Server thread/INFO]: [Server Log]: The folder 'plugins/ServerLog/Activity/Player Quit' has been created...
[00:00:04] [Server thread/INFO]: [Server Log]: The folder 'plugins/ServerLog/Activity/Player Kick' has been created...
[00:00:04] [Server thread/INFO]: [Server Log]: The folder 'plugins/ServerLog/Blocks' has been created...
[00:00:04] [Server thread/INFO]: [Server Log]: The folder 'plugins/ServerLog/Blocks/Block Place' has been created...
[00:00:04] [Server thread/INFO]: [Server Log]: The folder 'plugins/ServerLog/Blocks/Block Break' has been created...
[00:00:04] [Server thread/INFO]: [Server Log]: The folder 'plugins/ServerLog/Blocks/Empty Bucket' has been created...
[00:00:04] [Server thread/INFO]: [Server Log]: The folder 'plugins/ServerLog/Chat' has been created...
[00:00:04] [Server thread/INFO]: [Server Log]: The folder 'plugins/ServerLog/Commands' has been created...
[00:00:04] [Server thread/INFO]: [Server Log]: The folder 'plugins/ServerLog/Items' has been created...
[00:00:04] [Server thread/INFO]: [Server Log]: The folder 'plugins/ServerLog/Items/Item Pickup' has been created...
[00:00:04] [Server thread/INFO]: [Server Log]: The folder 'plugins/ServerLog/Items/Item Drop' has been created...
[00:00:04] [Server thread/INFO]: [Server Log]: The folder 'plugins/ServerLog/Players' has been created...
[00:00:04] [Server thread/INFO]: [Server Log]: The folder 'plugins/ServerLog/Players/Death' has been created...
[00:00:04] [Server thread/INFO]: [Server Log]: The folder 'plugins/ServerLog/Players/Spawn Mob Egg' has been created...
[00:00:04] [Server thread/INFO]: [Server Log]: The folder 'plugins/ServerLog/Players/Gamemode Change' has been created...
[00:00:04] [Server thread/INFO]: [Server Log]: The folder 'plugins/ServerLog/Players/Respawn' has been created...
[00:00:04] [Server thread/INFO]: [Server Log]: The folder 'plugins/ServerLog/Players/Teleport' has been created...
[00:00:04] [Server thread/INFO]: [Server Log]: The folder 'plugins/ServerLog/Custom APIs' has been created...
[00:00:04] [Server thread/INFO]: [Server Log]: The folder 'plugins/ServerLog/Custom APIs/Vouchers' has been created...
[00:00:04] [Server thread/INFO]: [Server Log]: All files have been initiated...
[01:31:20] [Server thread/INFO]: There are 0 of a max 100 players online: 
[01:33:18] [Server thread/INFO]: Stopping the server
[01:33:18] [Server thread/INFO]: Stopping server
[01:33:18] [Server thread/INFO]: [dynmap] Disabling dynmap v3.0-beta-10-257
[01:33:19] [Server thread/INFO]: [dynmap] Unloaded 11 components.
[01:33:19] [Server thread/INFO]: [dynmap] Stopping map renderer...
[01:33:20] [Server thread/INFO]: [dynmap] Saved 3 pending tile renders in world 'world'
[01:33:20] [Server thread/INFO]: [dynmap] Disabled
[01:33:20] [Server thread/INFO]: [ProtocolLib] Disabling ProtocolLib v4.5.0
[01:33:20] [Server thread/INFO]: [Multiverse-Core] Disabling Multiverse-Core v4.1.0-b775
[01:33:20] [Server thread/INFO]: [AdvancedBan] Disabling AdvancedBan v2.1.5-RELEASE
[01:33:21] [Server thread/INFO]: [hsqldb.db.HSQLDB70F69822AB.ENGINE] Database closed
[01:33:21] [Server thread/INFO]: 
 
[]=====[Disabling AdvancedBan]=====[]
| Information:
|   Name: AdvancedBan
|   Developer: Leoko
|   Version: 2.1.5-RELEASE
|   Storage: HSQLDB (local)
| Support:
|   Skype: Leoko33
|   Mail: Leoko4433@gmail.com
|   Github: https://github.com/DevLeoko/AdvancedBan/issues
|   Discord: https://discord.gg/ycDG6rS
[]================================[]
 
[01:33:21] [Server thread/INFO]: [TAB] Disabling TAB v2.7.1
[01:33:21] [Server thread/INFO]: [TAB] Disabled in 19ms
[01:33:21] [Server thread/INFO]: [PluginManager] Disabling PluginManager v2.0.1
[01:33:21] [Server thread/INFO]: [PlaceholderAPI] Disabling PlaceholderAPI v2.10.4
[01:33:21] [Server thread/INFO]: [SimplePrefix] Disabling SimplePrefix v2.5.1
[01:33:21] [Server thread/INFO]: [ServerLog] Disabling ServerLog v1.1.3
[01:33:21] [Server thread/INFO]: [OpenInv] Disabling OpenInv v4.0.8
[01:33:21] [Server thread/INFO]: [ImageMaps] Disabling ImageMaps v0.5.0
[01:33:21] [Server thread/INFO]: [WorldEdit] Disabling WorldEdit v7.1.0;8e55131
[01:33:21] [Server thread/INFO]: Unregistering com.sk89q.worldedit.bukkit.BukkitServerInterface from WorldEdit
[01:33:22] [Server thread/INFO]: [LuckPerms] Disabling LuckPerms v5.0.72
[01:33:22] [Server thread/INFO]: [LuckPerms] Starting shutdown process...
[01:33:22] [Server thread/INFO]: [LuckPerms] Closing storage...
[01:33:22] [Server thread/INFO]: [LuckPerms] Goodbye!
[01:33:22] [Server thread/INFO]: Saving players
[01:33:22] [Server thread/INFO]: Saving worlds
[01:33:22] [Server thread/INFO]: Saving chunks for level 'world'/minecraft:overworld
[01:33:22] [Server thread/INFO]: ThreadedAnvilChunkStorage (world): All chunks are saved
[01:33:22] [Server thread/INFO]: Saving chunks for level 'world_nether'/minecraft:the_nether
[01:33:22] [Server thread/INFO]: ThreadedAnvilChunkStorage (DIM-1): All chunks are saved
[01:33:22] [Server thread/INFO]: Saving chunks for level 'world_the_end'/minecraft:the_end
[01:33:22] [Server thread/INFO]: ThreadedAnvilChunkStorage (DIM1): All chunks are saved
[01:33:22] [Server thread/INFO]: ThreadedAnvilChunkStorage (world): All chunks are saved
[01:33:32] [Server thread/INFO]: ThreadedAnvilChunkStorage (DIM-1): All chunks are saved
[01:33:37] [Server thread/INFO]: ThreadedAnvilChunkStorage (DIM1): All chunks are saved
