[00:00:40] [Server thread/INFO]: captainasia_ was shot by Skeleton
[00:02:27] [Server thread/INFO]: [Server Log]: The folder 'plugins/ServerLog/Compiled Log' has been created...
[00:02:27] [Server thread/INFO]: [Server Log]: The folder 'plugins/ServerLog/Server Information' has been created...
[00:02:27] [Server thread/INFO]: [Server Log]: The folder 'plugins/ServerLog/Server Information/TPS' has been created...
[00:02:27] [Server thread/INFO]: [Server Log]: The folder 'plugins/ServerLog/Server Information/Ram Usage' has been created...
[00:02:27] [Server thread/INFO]: [Server Log]: The folder 'plugins/ServerLog/Server Information/Player Count' has been created...
[00:02:27] [Server thread/INFO]: [Server Log]: The folder 'plugins/ServerLog/Server Information/Entity Count' has been created...
[00:02:27] [Server thread/INFO]: [Server Log]: The folder 'plugins/ServerLog/Server Information/Entity Count/world' has been created...
[00:02:27] [Server thread/INFO]: [Server Log]: The folder 'plugins/ServerLog/Server Information/Entity Count/world_nether' has been created...
[00:02:27] [Server thread/INFO]: [Server Log]: The folder 'plugins/ServerLog/Server Information/Entity Count/world_the_end' has been created...
[00:02:27] [Server thread/INFO]: [Server Log]: The folder 'plugins/ServerLog/Server Information/Chunks Loaded' has been created...
[00:02:27] [Server thread/INFO]: [Server Log]: The folder 'plugins/ServerLog/Server Information/Chunks Loaded/world' has been created...
[00:02:27] [Server thread/INFO]: [Server Log]: The folder 'plugins/ServerLog/Server Information/Chunks Loaded/world_nether' has been created...
[00:02:27] [Server thread/INFO]: [Server Log]: The folder 'plugins/ServerLog/Server Information/Chunks Loaded/world_the_end' has been created...
[00:02:27] [Server thread/INFO]: [Server Log]: The folder 'plugins/ServerLog/Activity' has been created...
[00:02:27] [Server thread/INFO]: [Server Log]: The folder 'plugins/ServerLog/Activity/Player Join' has been created...
[00:02:27] [Server thread/INFO]: [Server Log]: The folder 'plugins/ServerLog/Activity/Player Quit' has been created...
[00:02:27] [Server thread/INFO]: [Server Log]: The folder 'plugins/ServerLog/Activity/Player Kick' has been created...
[00:02:27] [Server thread/INFO]: [Server Log]: The folder 'plugins/ServerLog/Blocks' has been created...
[00:02:27] [Server thread/INFO]: [Server Log]: The folder 'plugins/ServerLog/Blocks/Block Place' has been created...
[00:02:27] [Server thread/INFO]: [Server Log]: The folder 'plugins/ServerLog/Blocks/Block Break' has been created...
[00:02:27] [Server thread/INFO]: [Server Log]: The folder 'plugins/ServerLog/Blocks/Empty Bucket' has been created...
[00:02:27] [Server thread/INFO]: [Server Log]: The folder 'plugins/ServerLog/Chat' has been created...
[00:02:27] [Server thread/INFO]: [Server Log]: The folder 'plugins/ServerLog/Commands' has been created...
[00:02:27] [Server thread/INFO]: [Server Log]: The folder 'plugins/ServerLog/Items' has been created...
[00:02:27] [Server thread/INFO]: [Server Log]: The folder 'plugins/ServerLog/Items/Item Pickup' has been created...
[00:02:27] [Server thread/INFO]: [Server Log]: The folder 'plugins/ServerLog/Items/Item Drop' has been created...
[00:02:27] [Server thread/INFO]: [Server Log]: The folder 'plugins/ServerLog/Players' has been created...
[00:02:27] [Server thread/INFO]: [Server Log]: The folder 'plugins/ServerLog/Players/Death' has been created...
[00:02:27] [Server thread/INFO]: [Server Log]: The folder 'plugins/ServerLog/Players/Spawn Mob Egg' has been created...
[00:02:27] [Server thread/INFO]: [Server Log]: The folder 'plugins/ServerLog/Players/Gamemode Change' has been created...
[00:02:27] [Server thread/INFO]: [Server Log]: The folder 'plugins/ServerLog/Players/Respawn' has been created...
[00:02:27] [Server thread/INFO]: [Server Log]: The folder 'plugins/ServerLog/Players/Teleport' has been created...
[00:02:27] [Server thread/INFO]: [Server Log]: The folder 'plugins/ServerLog/Custom APIs' has been created...
[00:02:27] [Server thread/INFO]: [Server Log]: The folder 'plugins/ServerLog/Custom APIs/Vouchers' has been created...
[00:02:27] [Server thread/INFO]: [Server Log]: All files have been initiated...
[00:02:49] [Server thread/INFO]: captainasia_ was shot by Skeleton
[00:03:57] [Server thread/INFO]: TARDIS_360 went up in flames
[00:03:58] [Server thread/INFO]: captainasia_ was slain by Zombie
[00:05:46] [Server thread/INFO]: captainasia_ was slain by Zombie
[00:08:24] [Server thread/WARN]: Lhendy51 moved too quickly! -9.890826997625162,2.127203340253729,0.5766181735985136
[00:08:25] [Server thread/WARN]: TARDIS_360 moved too quickly! 7.770724256499429,-3.121296840539202,5.471912414781357
[00:08:32] [Server thread/INFO]: TARDIS_360 fell from a high place
[00:12:07] [Server thread/INFO]: captainasia_ has made the advancement [We Need to Go Deeper]
[00:14:55] [Server thread/INFO]: captainasia_ has made the advancement [Cover Me With Diamonds]
[00:21:12] [Server thread/INFO]: TARDIS_360 lost connection: Disconnected
[00:21:12] [Server thread/INFO]: TARDIS_360 left the game
[00:24:38] [Server thread/INFO]: Lhendy51 lost connection: Disconnected
[00:24:39] [Server thread/INFO]: Lhendy51 left the game
[00:24:49] [Server thread/INFO]: captainasia_ lost connection: Disconnected
[00:24:49] [Server thread/INFO]: captainasia_ left the game
[00:28:56] [User Authenticator #71/INFO]: UUID of player Austin_Powers_ is 33763e4d-26f0-433d-be7f-234836699127
[00:28:56] [Server thread/INFO]: Austin_Powers_ joined the game
[00:28:56] [Server thread/INFO]: Austin_Powers_[/73.154.194.210:55726] logged in with entity id 556963 at ([world_nether]5.5, 129.0, -0.08258838521831535)
[00:44:15] [Server thread/INFO]: com.mojang.authlib.GameProfile@2ee157e4[id=<null>,name=Comrade91,properties={},legacy=false] (/24.154.121.93:50377) lost connection: Disconnected
[00:46:35] [User Authenticator #72/INFO]: UUID of player Comrade91 is 7304482c-27a6-487a-8070-e886e8c31735
[00:46:35] [Server thread/INFO]: Comrade91 joined the game
[00:46:35] [Server thread/INFO]: Comrade91[/24.154.121.93:50495] logged in with entity id 559643 at ([world]12.596845234783682, 64.0, 139.26509034270578)
[00:46:52] [Async Chat Thread - #74/INFO]: [12:46 AM] <Austin_Powers_> hola sexy
[00:46:59] [Async Chat Thread - #74/INFO]: [12:46 AM] [communist] <Comrade91> whats up person ive never met
[00:47:05] [Async Chat Thread - #74/INFO]: [12:47 AM] <Austin_Powers_> nm my guy
[00:47:24] [Async Chat Thread - #74/INFO]: [12:47 AM] [communist] <Comrade91> i am a girl ahahah
[00:47:32] [Async Chat Thread - #74/INFO]: [12:47 AM] <Austin_Powers_> my dude*
[00:47:42] [Async Chat Thread - #74/INFO]: [12:47 AM] <Austin_Powers_> theres only 2 genders
[00:47:45] [Async Chat Thread - #74/INFO]: [12:47 AM] <Austin_Powers_> guys and dudes
[00:47:48] [Async Chat Thread - #74/INFO]: [12:47 AM] [communist] <Comrade91> i agree
[00:47:53] [Async Chat Thread - #74/INFO]: [12:47 AM] <Austin_Powers_> exactky
[01:07:04] [Async Chat Thread - #75/INFO]: [1:07 AM] [communist] <Comrade91> if i may ask
[01:07:06] [Async Chat Thread - #75/INFO]: [1:07 AM] [communist] <Comrade91> who are u
[01:07:14] [Async Chat Thread - #75/INFO]: [1:07 AM] <Austin_Powers_> my name is Logan Gobbel lmao
[01:07:20] [Async Chat Thread - #75/INFO]: [1:07 AM] [communist] <Comrade91> freshman?
[01:07:24] [Async Chat Thread - #75/INFO]: [1:07 AM] <Austin_Powers_> yes maam
[01:07:28] [Async Chat Thread - #75/INFO]: [1:07 AM] [communist] <Comrade91> oh swag
[01:07:31] [Async Chat Thread - #75/INFO]: [1:07 AM] [communist] <Comrade91> im a junior
[01:07:37] [Async Chat Thread - #75/INFO]: [1:07 AM] <Austin_Powers_> that's sick
[02:10:27] [Async Chat Thread - #76/INFO]: [2:10 AM] [communist] <Comrade91> im getting off for the night, have a good one logan gobbel:-) also mu name is paige btw lol
[02:10:35] [Async Chat Thread - #76/INFO]: [2:10 AM] <Austin_Powers_> i gotcha lmao
[02:10:38] [Async Chat Thread - #76/INFO]: [2:10 AM] [communist] <Comrade91> u can refer to me as pidgeon or pidgey or peach or bitch. idc
[02:10:39] [Async Chat Thread - #76/INFO]: [2:10 AM] <Austin_Powers_> goodnight
[02:10:44] [Server thread/INFO]: Comrade91 lost connection: Disconnected
[02:10:44] [Server thread/INFO]: Comrade91 left the game
[02:10:45] [Async Chat Thread - #76/INFO]: [2:10 AM] <Austin_Powers_> i gotchu
[02:23:23] [Server thread/INFO]: Austin_Powers_ lost connection: Disconnected
[02:23:23] [Server thread/INFO]: Austin_Powers_ left the game
[03:01:43] [User Authenticator #73/INFO]: UUID of player Austin_Powers_ is 33763e4d-26f0-433d-be7f-234836699127
[03:01:43] [Server thread/INFO]: Austin_Powers_ joined the game
[03:01:43] [Server thread/INFO]: Austin_Powers_[/73.154.194.210:56531] logged in with entity id 590956 at ([world]-1603.494834597339, 10.0, -76.1401149106382)
[03:25:39] [Server thread/INFO]: Austin_Powers_ was slain by Enderman
[03:27:27] [Server thread/INFO]: Austin_Powers_ was blown up by Creeper
[03:36:36] [Server thread/INFO]: Austin_Powers_ was blown up by Creeper
[03:38:04] [Server thread/INFO]: Austin_Powers_ was shot by Skeleton
[03:39:53] [Server thread/INFO]: Austin_Powers_ was blown up by Creeper
[03:40:13] [Server thread/INFO]: Austin_Powers_ was slain by Zombie
[03:40:19] [Server thread/INFO]: Austin_Powers_ was slain by Zombie
[04:00:34] [User Authenticator #74/INFO]: UUID of player Comrade91 is 7304482c-27a6-487a-8070-e886e8c31735
[04:00:34] [Server thread/INFO]: Comrade91 joined the game
[04:00:34] [Server thread/INFO]: Comrade91[/24.154.121.93:51345] logged in with entity id 600131 at ([world]1297.2030293198072, 65.0, 764.4746397826797)
[04:00:45] [Async Chat Thread - #77/INFO]: [4:00 AM] <Austin_Powers_> sleeping went well
[04:00:50] [Async Chat Thread - #77/INFO]: [4:00 AM] [communist] <Comrade91> hahaha
[04:00:55] [Async Chat Thread - #77/INFO]: [4:00 AM] [communist] <Comrade91> i dont go to sleep until 6 oops
[04:01:02] [Async Chat Thread - #77/INFO]: [4:01 AM] <Austin_Powers_> me either lmao
[04:01:55] [Async Chat Thread - #77/INFO]: [4:01 AM] [communist] <Comrade91> u got snap or insta or whatever
[04:01:58] [Async Chat Thread - #77/INFO]: [4:01 AM] <Austin_Powers_> yeah
[04:02:08] [Async Chat Thread - #77/INFO]: [4:02 AM] <Austin_Powers_> add me on snap @logan_gobbel22
[04:02:12] [Async Chat Thread - #77/INFO]: [4:02 AM] [communist] <Comrade91> swag ok
[04:02:17] [Async Chat Thread - #77/INFO]: [4:02 AM] <Austin_Powers_> my insta is logangobbelofficial
[04:03:09] [Async Chat Thread - #77/INFO]: [4:03 AM] [communist] <Comrade91> LMAOO do u know who drew myers is
[04:03:12] [Async Chat Thread - #77/INFO]: [4:03 AM] [communist] <Comrade91> he's in my grade
[04:03:29] [Async Chat Thread - #77/INFO]: [4:03 AM] <Austin_Powers_> i think but probably not
[04:03:36] [Async Chat Thread - #77/INFO]: [4:03 AM] [communist] <Comrade91> u look so much like him
[04:03:43] [Async Chat Thread - #77/INFO]: [4:03 AM] <Austin_Powers_> what
[04:03:51] [Async Chat Thread - #77/INFO]: [4:03 AM] <Austin_Powers_> is that a good thing
[04:04:08] [Async Chat Thread - #77/INFO]: [4:04 AM] [communist] <Comrade91> hahaha sure idk its just resemblance
[04:04:17] [Async Chat Thread - #77/INFO]: [4:04 AM] <Austin_Powers_> hahah ok
[04:04:23] [Async Chat Thread - #77/INFO]: [4:04 AM] [communist] <Comrade91> anyways im actually logging off this time but ill be up on snap okie bye whore
[04:04:26] [Server thread/INFO]: Comrade91 lost connection: Disconnected
[04:04:26] [Server thread/INFO]: Comrade91 left the game
[04:04:31] [Async Chat Thread - #77/INFO]: [4:04 AM] <Austin_Powers_> lmao ok
[04:12:20] [Server thread/INFO]: Austin_Powers_ lost connection: Timed out
[04:12:20] [Server thread/INFO]: Austin_Powers_ left the game
[04:25:44] [Server thread/INFO]: [ProtocolLib] The updater found an update, and has readied it to be loaded the next time the server restarts/reloads.
[13:52:13] [Server thread/WARN]: Can't keep up! Is the server overloaded? Running 7480ms or 149 ticks behind
[13:53:05] [Paper Watchdog Thread/ERROR]: --- DO NOT REPORT THIS TO PAPER - THIS IS NOT A BUG OR A CRASH  - git-Paper-214 (MC: 1.15.2) ---
[13:53:05] [Paper Watchdog Thread/ERROR]: The server has not responded for 10 seconds! Creating thread dump
[13:53:05] [Paper Watchdog Thread/ERROR]: ------------------------------
[13:53:05] [Paper Watchdog Thread/ERROR]: Server thread dump (Look for plugins here before reporting to Paper!):
[13:53:08] [Paper Watchdog Thread/ERROR]: ------------------------------
[13:53:08] [Paper Watchdog Thread/ERROR]: Current Thread: Server thread
[13:53:08] [Paper Watchdog Thread/ERROR]: 	PID: 20 | Suspended: false | Native: false | State: RUNNABLE
[13:53:08] [Paper Watchdog Thread/ERROR]: 	Stack:
[13:53:08] [Paper Watchdog Thread/ERROR]: 		java.base@11.0.6/java.util.HashMap$HashIterator.nextNode(HashMap.java:1497)
[13:53:08] [Paper Watchdog Thread/ERROR]: 		java.base@11.0.6/java.util.HashMap$ValueIterator.next(HashMap.java:1521)
[13:53:08] [Paper Watchdog Thread/ERROR]: 		app//net.minecraft.server.v1_15_R1.WorldPersistentData.a(WorldPersistentData.java:168)
[13:53:08] [Paper Watchdog Thread/ERROR]: 		app//net.minecraft.server.v1_15_R1.WorldServer.m_(WorldServer.java:1043)
[13:53:08] [Paper Watchdog Thread/ERROR]: 		app//net.minecraft.server.v1_15_R1.WorldServer.saveData(WorldServer.java:1039)
[13:53:08] [Paper Watchdog Thread/ERROR]: 		app//net.minecraft.server.v1_15_R1.WorldServer.saveIncrementally(WorldServer.java:985)
[13:53:08] [Paper Watchdog Thread/ERROR]: 		app//net.minecraft.server.v1_15_R1.MinecraftServer.a(MinecraftServer.java:1177)
[13:53:08] [Paper Watchdog Thread/ERROR]: 		app//net.minecraft.server.v1_15_R1.MinecraftServer.run(MinecraftServer.java:946)
[13:53:08] [Paper Watchdog Thread/ERROR]: 		java.base@11.0.6/java.lang.Thread.run(Thread.java:834)
[13:53:08] [Paper Watchdog Thread/ERROR]: ------------------------------
[13:53:08] [Paper Watchdog Thread/ERROR]: --- DO NOT REPORT THIS TO PAPER - THIS IS NOT A BUG OR A CRASH ---
[13:53:08] [Paper Watchdog Thread/ERROR]: ------------------------------
[13:53:09] [Paper Watchdog Thread/ERROR]: --- DO NOT REPORT THIS TO PAPER - THIS IS NOT A BUG OR A CRASH  - git-Paper-214 (MC: 1.15.2) ---
[13:53:09] [Paper Watchdog Thread/ERROR]: The server has not responded for 15 seconds! Creating thread dump
[13:53:09] [Paper Watchdog Thread/ERROR]: ------------------------------
[13:53:09] [Paper Watchdog Thread/ERROR]: Server thread dump (Look for plugins here before reporting to Paper!):
[13:53:09] [Paper Watchdog Thread/ERROR]: ------------------------------
[13:53:09] [Paper Watchdog Thread/ERROR]: Current Thread: Server thread
[13:53:09] [Paper Watchdog Thread/ERROR]: 	PID: 20 | Suspended: false | Native: false | State: RUNNABLE
[13:53:09] [Paper Watchdog Thread/ERROR]: 	Stack:
[13:53:09] [Paper Watchdog Thread/ERROR]: 		java.base@11.0.6/java.util.HashMap$HashIterator.nextNode(HashMap.java:1497)
[13:53:09] [Paper Watchdog Thread/ERROR]: 		java.base@11.0.6/java.util.HashMap$ValueIterator.next(HashMap.java:1521)
[13:53:09] [Paper Watchdog Thread/ERROR]: 		app//net.minecraft.server.v1_15_R1.WorldPersistentData.a(WorldPersistentData.java:168)
[13:53:09] [Paper Watchdog Thread/ERROR]: 		app//net.minecraft.server.v1_15_R1.WorldServer.m_(WorldServer.java:1043)
[13:53:09] [Paper Watchdog Thread/ERROR]: 		app//net.minecraft.server.v1_15_R1.WorldServer.saveData(WorldServer.java:1039)
[13:53:09] [Paper Watchdog Thread/ERROR]: 		app//net.minecraft.server.v1_15_R1.WorldServer.saveIncrementally(WorldServer.java:985)
[13:53:09] [Paper Watchdog Thread/ERROR]: 		app//net.minecraft.server.v1_15_R1.MinecraftServer.a(MinecraftServer.java:1177)
[13:53:09] [Paper Watchdog Thread/ERROR]: 		app//net.minecraft.server.v1_15_R1.MinecraftServer.run(MinecraftServer.java:946)
[13:53:09] [Paper Watchdog Thread/ERROR]: 		java.base@11.0.6/java.lang.Thread.run(Thread.java:834)
[13:53:09] [Paper Watchdog Thread/ERROR]: ------------------------------
[13:53:09] [Paper Watchdog Thread/ERROR]: --- DO NOT REPORT THIS TO PAPER - THIS IS NOT A BUG OR A CRASH ---
[13:53:09] [Paper Watchdog Thread/ERROR]: ------------------------------
[13:53:23] [Paper Watchdog Thread/ERROR]: --- DO NOT REPORT THIS TO PAPER - THIS IS NOT A BUG OR A CRASH  - git-Paper-214 (MC: 1.15.2) ---
[13:53:23] [Paper Watchdog Thread/ERROR]: The server has not responded for 10 seconds! Creating thread dump
[13:53:23] [Paper Watchdog Thread/ERROR]: ------------------------------
[13:53:23] [Paper Watchdog Thread/ERROR]: Server thread dump (Look for plugins here before reporting to Paper!):
[13:53:23] [Paper Watchdog Thread/ERROR]: ------------------------------
[13:53:23] [Paper Watchdog Thread/ERROR]: Current Thread: Server thread
[13:53:23] [Paper Watchdog Thread/ERROR]: 	PID: 20 | Suspended: false | Native: false | State: RUNNABLE
[13:53:23] [Paper Watchdog Thread/ERROR]: 	Stack:
[13:53:23] [Paper Watchdog Thread/ERROR]: 		java.base@11.0.6/java.util.stream.SpinedBuffer.copyInto(SpinedBuffer.java:197)
[13:53:23] [Paper Watchdog Thread/ERROR]: 		java.base@11.0.6/java.util.stream.Nodes$SpinedNodeBuilder.copyInto(Nodes.java:1298)
[13:53:23] [Paper Watchdog Thread/ERROR]: 		java.base@11.0.6/java.util.stream.SpinedBuffer.asArray(SpinedBuffer.java:215)
[13:53:23] [Paper Watchdog Thread/ERROR]: 		java.base@11.0.6/java.util.stream.Nodes$SpinedNodeBuilder.asArray(Nodes.java:1304)
[13:53:23] [Paper Watchdog Thread/ERROR]: 		java.base@11.0.6/java.util.stream.ReferencePipeline.toArray(ReferencePipeline.java:518)
[13:53:23] [Paper Watchdog Thread/ERROR]: 		app//org.bukkit.craftbukkit.v1_15_R1.CraftWorld.getLoadedChunks(CraftWorld.java:448)
[13:53:23] [Paper Watchdog Thread/ERROR]: 		app//co.aikar.timings.TimingHistory$2.apply(TimingHistory.java:110)
[13:53:23] [Paper Watchdog Thread/ERROR]: 		app//co.aikar.timings.TimingHistory$2.apply(TimingHistory.java:104)
[13:53:23] [Paper Watchdog Thread/ERROR]: 		app//co.aikar.util.JSONUtil.toObjectMapper(JSONUtil.java:119)
[13:53:23] [Paper Watchdog Thread/ERROR]: 		app//co.aikar.timings.TimingHistory.<init>(TimingHistory.java:104)
[13:53:23] [Paper Watchdog Thread/ERROR]: 		app//co.aikar.timings.FullServerTickHandler.stopTiming(FullServerTickHandler.java:75)
[13:53:23] [Paper Watchdog Thread/ERROR]: 		app//net.minecraft.server.v1_15_R1.MinecraftServer.a(MinecraftServer.java:1228)
[13:53:23] [Paper Watchdog Thread/ERROR]: 		app//net.minecraft.server.v1_15_R1.MinecraftServer.run(MinecraftServer.java:946)
[13:53:23] [Paper Watchdog Thread/ERROR]: 		java.base@11.0.6/java.lang.Thread.run(Thread.java:834)
[13:53:23] [Paper Watchdog Thread/ERROR]: ------------------------------
[13:53:23] [Paper Watchdog Thread/ERROR]: --- DO NOT REPORT THIS TO PAPER - THIS IS NOT A BUG OR A CRASH ---
[13:53:23] [Paper Watchdog Thread/ERROR]: ------------------------------
[13:53:28] [Paper Watchdog Thread/ERROR]: --- DO NOT REPORT THIS TO PAPER - THIS IS NOT A BUG OR A CRASH  - git-Paper-214 (MC: 1.15.2) ---
[13:53:28] [Paper Watchdog Thread/ERROR]: The server has not responded for 15 seconds! Creating thread dump
[13:53:28] [Paper Watchdog Thread/ERROR]: ------------------------------
[13:53:28] [Paper Watchdog Thread/ERROR]: Server thread dump (Look for plugins here before reporting to Paper!):
[13:53:28] [Paper Watchdog Thread/ERROR]: ------------------------------
[13:53:28] [Paper Watchdog Thread/ERROR]: Current Thread: Server thread
[13:53:28] [Paper Watchdog Thread/ERROR]: 	PID: 20 | Suspended: false | Native: false | State: RUNNABLE
[13:53:28] [Paper Watchdog Thread/ERROR]: 	Stack:
[13:53:28] [Paper Watchdog Thread/ERROR]: 		app//co.aikar.timings.TimingHistory$2.apply(TimingHistory.java:113)
[13:53:28] [Paper Watchdog Thread/ERROR]: 		app//co.aikar.timings.TimingHistory$2.apply(TimingHistory.java:104)
[13:53:28] [Paper Watchdog Thread/ERROR]: 		app//co.aikar.util.JSONUtil.toObjectMapper(JSONUtil.java:119)
[13:53:28] [Paper Watchdog Thread/ERROR]: 		app//co.aikar.timings.TimingHistory.<init>(TimingHistory.java:104)
[13:53:28] [Paper Watchdog Thread/ERROR]: 		app//co.aikar.timings.FullServerTickHandler.stopTiming(FullServerTickHandler.java:75)
[13:53:28] [Paper Watchdog Thread/ERROR]: 		app//net.minecraft.server.v1_15_R1.MinecraftServer.a(MinecraftServer.java:1228)
[13:53:28] [Paper Watchdog Thread/ERROR]: 		app//net.minecraft.server.v1_15_R1.MinecraftServer.run(MinecraftServer.java:946)
[13:53:28] [Paper Watchdog Thread/ERROR]: 		java.base@11.0.6/java.lang.Thread.run(Thread.java:834)
[13:53:28] [Paper Watchdog Thread/ERROR]: ------------------------------
[13:53:28] [Paper Watchdog Thread/ERROR]: --- DO NOT REPORT THIS TO PAPER - THIS IS NOT A BUG OR A CRASH ---
[13:53:28] [Paper Watchdog Thread/ERROR]: ------------------------------
[13:53:33] [Paper Watchdog Thread/ERROR]: --- DO NOT REPORT THIS TO PAPER - THIS IS NOT A BUG OR A CRASH  - git-Paper-214 (MC: 1.15.2) ---
[13:53:33] [Paper Watchdog Thread/ERROR]: The server has not responded for 20 seconds! Creating thread dump
[13:53:33] [Paper Watchdog Thread/ERROR]: ------------------------------
[13:53:33] [Paper Watchdog Thread/ERROR]: Server thread dump (Look for plugins here before reporting to Paper!):
[13:53:33] [Paper Watchdog Thread/ERROR]: ------------------------------
[13:53:33] [Paper Watchdog Thread/ERROR]: Current Thread: Server thread
[13:53:33] [Paper Watchdog Thread/ERROR]: 	PID: 20 | Suspended: false | Native: false | State: RUNNABLE
[13:53:33] [Paper Watchdog Thread/ERROR]: 	Stack:
[13:53:33] [Paper Watchdog Thread/ERROR]: 		app//co.aikar.timings.TimingHistory$2.apply(TimingHistory.java:113)
[13:53:33] [Paper Watchdog Thread/ERROR]: 		app//co.aikar.timings.TimingHistory$2.apply(TimingHistory.java:104)
[13:53:33] [Paper Watchdog Thread/ERROR]: 		app//co.aikar.util.JSONUtil.toObjectMapper(JSONUtil.java:119)
[13:53:33] [Paper Watchdog Thread/ERROR]: 		app//co.aikar.timings.TimingHistory.<init>(TimingHistory.java:104)
[13:53:33] [Paper Watchdog Thread/ERROR]: 		app//co.aikar.timings.FullServerTickHandler.stopTiming(FullServerTickHandler.java:75)
[13:53:33] [Paper Watchdog Thread/ERROR]: 		app//net.minecraft.server.v1_15_R1.MinecraftServer.a(MinecraftServer.java:1228)
[13:53:33] [Paper Watchdog Thread/ERROR]: 		app//net.minecraft.server.v1_15_R1.MinecraftServer.run(MinecraftServer.java:946)
[13:53:33] [Paper Watchdog Thread/ERROR]: 		java.base@11.0.6/java.lang.Thread.run(Thread.java:834)
[13:53:33] [Paper Watchdog Thread/ERROR]: ------------------------------
[13:53:33] [Paper Watchdog Thread/ERROR]: --- DO NOT REPORT THIS TO PAPER - THIS IS NOT A BUG OR A CRASH ---
[13:53:33] [Paper Watchdog Thread/ERROR]: ------------------------------
[13:53:38] [Paper Watchdog Thread/ERROR]: --- DO NOT REPORT THIS TO PAPER - THIS IS NOT A BUG OR A CRASH  - git-Paper-214 (MC: 1.15.2) ---
[13:53:38] [Paper Watchdog Thread/ERROR]: The server has not responded for 25 seconds! Creating thread dump
[13:53:38] [Paper Watchdog Thread/ERROR]: ------------------------------
[13:53:38] [Paper Watchdog Thread/ERROR]: Server thread dump (Look for plugins here before reporting to Paper!):
[13:53:38] [Paper Watchdog Thread/ERROR]: ------------------------------
[13:53:38] [Paper Watchdog Thread/ERROR]: Current Thread: Server thread
[13:53:38] [Paper Watchdog Thread/ERROR]: 	PID: 20 | Suspended: false | Native: false | State: RUNNABLE
[13:53:38] [Paper Watchdog Thread/ERROR]: 	Stack:
[13:53:38] [Paper Watchdog Thread/ERROR]: 		app//co.aikar.timings.TimingHistory$2.apply(TimingHistory.java:113)
[13:53:38] [Paper Watchdog Thread/ERROR]: 		app//co.aikar.timings.TimingHistory$2.apply(TimingHistory.java:104)
[13:53:38] [Paper Watchdog Thread/ERROR]: 		app//co.aikar.util.JSONUtil.toObjectMapper(JSONUtil.java:119)
[13:53:38] [Paper Watchdog Thread/ERROR]: 		app//co.aikar.timings.TimingHistory.<init>(TimingHistory.java:104)
[13:53:38] [Paper Watchdog Thread/ERROR]: 		app//co.aikar.timings.FullServerTickHandler.stopTiming(FullServerTickHandler.java:75)
[13:53:38] [Paper Watchdog Thread/ERROR]: 		app//net.minecraft.server.v1_15_R1.MinecraftServer.a(MinecraftServer.java:1228)
[13:53:38] [Paper Watchdog Thread/ERROR]: 		app//net.minecraft.server.v1_15_R1.MinecraftServer.run(MinecraftServer.java:946)
[13:53:38] [Paper Watchdog Thread/ERROR]: 		java.base@11.0.6/java.lang.Thread.run(Thread.java:834)
[13:53:38] [Paper Watchdog Thread/ERROR]: ------------------------------
[13:53:38] [Paper Watchdog Thread/ERROR]: --- DO NOT REPORT THIS TO PAPER - THIS IS NOT A BUG OR A CRASH ---
[13:53:38] [Paper Watchdog Thread/ERROR]: ------------------------------
[13:53:43] [Paper Watchdog Thread/ERROR]: --- DO NOT REPORT THIS TO PAPER - THIS IS NOT A BUG OR A CRASH  - git-Paper-214 (MC: 1.15.2) ---
[13:53:43] [Paper Watchdog Thread/ERROR]: The server has not responded for 30 seconds! Creating thread dump
[13:53:43] [Paper Watchdog Thread/ERROR]: ------------------------------
[13:53:43] [Paper Watchdog Thread/ERROR]: Server thread dump (Look for plugins here before reporting to Paper!):
[13:53:43] [Paper Watchdog Thread/ERROR]: ------------------------------
[13:53:43] [Paper Watchdog Thread/ERROR]: Current Thread: Server thread
[13:53:43] [Paper Watchdog Thread/ERROR]: 	PID: 20 | Suspended: false | Native: false | State: RUNNABLE
[13:53:43] [Paper Watchdog Thread/ERROR]: 	Stack:
[13:53:43] [Paper Watchdog Thread/ERROR]: 		java.base@11.0.6/java.util.stream.ReferencePipeline$3$1.accept(ReferencePipeline.java:195)
[13:53:43] [Paper Watchdog Thread/ERROR]: 		java.base@11.0.6/java.util.Iterator.forEachRemaining(Iterator.java:133)
[13:53:43] [Paper Watchdog Thread/ERROR]: 		java.base@11.0.6/java.util.Spliterators$IteratorSpliterator.forEachRemaining(Spliterators.java:1801)
[13:53:43] [Paper Watchdog Thread/ERROR]: 		java.base@11.0.6/java.util.stream.AbstractPipeline.copyInto(AbstractPipeline.java:484)
[13:53:43] [Paper Watchdog Thread/ERROR]: 		java.base@11.0.6/java.util.stream.AbstractPipeline.wrapAndCopyInto(AbstractPipeline.java:474)
[13:53:43] [Paper Watchdog Thread/ERROR]: 		java.base@11.0.6/java.util.stream.AbstractPipeline.evaluate(AbstractPipeline.java:550)
[13:53:43] [Paper Watchdog Thread/ERROR]: 		java.base@11.0.6/java.util.stream.AbstractPipeline.evaluateToArrayNode(AbstractPipeline.java:260)
[13:53:43] [Paper Watchdog Thread/ERROR]: 		java.base@11.0.6/java.util.stream.ReferencePipeline.toArray(ReferencePipeline.java:517)
[13:53:43] [Paper Watchdog Thread/ERROR]: 		app//org.bukkit.craftbukkit.v1_15_R1.CraftWorld.getLoadedChunks(CraftWorld.java:448)
[13:53:43] [Paper Watchdog Thread/ERROR]: 		app//co.aikar.timings.TimingHistory$2.apply(TimingHistory.java:110)
[13:53:43] [Paper Watchdog Thread/ERROR]: 		app//co.aikar.timings.TimingHistory$2.apply(TimingHistory.java:104)
[13:53:43] [Paper Watchdog Thread/ERROR]: 		app//co.aikar.util.JSONUtil.toObjectMapper(JSONUtil.java:119)
[13:53:43] [Paper Watchdog Thread/ERROR]: 		app//co.aikar.timings.TimingHistory.<init>(TimingHistory.java:104)
[13:53:43] [Paper Watchdog Thread/ERROR]: 		app//co.aikar.timings.FullServerTickHandler.stopTiming(FullServerTickHandler.java:75)
[13:53:43] [Paper Watchdog Thread/ERROR]: 		app//net.minecraft.server.v1_15_R1.MinecraftServer.a(MinecraftServer.java:1228)
[13:53:43] [Paper Watchdog Thread/ERROR]: 		app//net.minecraft.server.v1_15_R1.MinecraftServer.run(MinecraftServer.java:946)
[13:53:43] [Paper Watchdog Thread/ERROR]: 		java.base@11.0.6/java.lang.Thread.run(Thread.java:834)
[13:53:43] [Paper Watchdog Thread/ERROR]: ------------------------------
[13:53:43] [Paper Watchdog Thread/ERROR]: --- DO NOT REPORT THIS TO PAPER - THIS IS NOT A BUG OR A CRASH ---
[13:53:43] [Paper Watchdog Thread/ERROR]: ------------------------------
[13:53:55] [Server thread/WARN]: Can't keep up! Is the server overloaded? Running 73873ms or 1477 ticks behind
