[00:00:10] [Async Chat Thread - #72/INFO]: [12:00 AM] [groovy] <Austin_Powers_> cum
[00:00:11] [Server thread/INFO]: [Server Log]: The folder 'plugins/ServerLog/Compiled Log' has been created...
[00:00:11] [Server thread/INFO]: [Server Log]: The folder 'plugins/ServerLog/Server Information' has been created...
[00:00:11] [Server thread/INFO]: [Server Log]: The folder 'plugins/ServerLog/Server Information/TPS' has been created...
[00:00:11] [Server thread/INFO]: [Server Log]: The folder 'plugins/ServerLog/Server Information/Ram Usage' has been created...
[00:00:11] [Server thread/INFO]: [Server Log]: The folder 'plugins/ServerLog/Server Information/Player Count' has been created...
[00:00:11] [Server thread/INFO]: [Server Log]: The folder 'plugins/ServerLog/Server Information/Entity Count' has been created...
[00:00:11] [Server thread/INFO]: [Server Log]: The folder 'plugins/ServerLog/Server Information/Entity Count/world' has been created...
[00:00:11] [Server thread/INFO]: [Server Log]: The folder 'plugins/ServerLog/Server Information/Entity Count/world_nether' has been created...
[00:00:11] [Server thread/INFO]: [Server Log]: The folder 'plugins/ServerLog/Server Information/Entity Count/world_the_end' has been created...
[00:00:11] [Server thread/INFO]: [Server Log]: The folder 'plugins/ServerLog/Server Information/Chunks Loaded' has been created...
[00:00:11] [Server thread/INFO]: [Server Log]: The folder 'plugins/ServerLog/Server Information/Chunks Loaded/world' has been created...
[00:00:11] [Server thread/INFO]: [Server Log]: The folder 'plugins/ServerLog/Server Information/Chunks Loaded/world_nether' has been created...
[00:00:11] [Server thread/INFO]: [Server Log]: The folder 'plugins/ServerLog/Server Information/Chunks Loaded/world_the_end' has been created...
[00:00:11] [Server thread/INFO]: [Server Log]: The folder 'plugins/ServerLog/Activity' has been created...
[00:00:11] [Server thread/INFO]: [Server Log]: The folder 'plugins/ServerLog/Activity/Player Join' has been created...
[00:00:11] [Server thread/INFO]: [Server Log]: The folder 'plugins/ServerLog/Activity/Player Quit' has been created...
[00:00:11] [Server thread/INFO]: [Server Log]: The folder 'plugins/ServerLog/Activity/Player Kick' has been created...
[00:00:11] [Server thread/INFO]: [Server Log]: The folder 'plugins/ServerLog/Blocks' has been created...
[00:00:11] [Server thread/INFO]: [Server Log]: The folder 'plugins/ServerLog/Blocks/Block Place' has been created...
[00:00:11] [Server thread/INFO]: [Server Log]: The folder 'plugins/ServerLog/Blocks/Block Break' has been created...
[00:00:11] [Server thread/INFO]: [Server Log]: The folder 'plugins/ServerLog/Blocks/Empty Bucket' has been created...
[00:00:11] [Server thread/INFO]: [Server Log]: The folder 'plugins/ServerLog/Chat' has been created...
[00:00:11] [Server thread/INFO]: [Server Log]: The folder 'plugins/ServerLog/Commands' has been created...
[00:00:11] [Server thread/INFO]: [Server Log]: The folder 'plugins/ServerLog/Items' has been created...
[00:00:11] [Server thread/INFO]: [Server Log]: The folder 'plugins/ServerLog/Items/Item Pickup' has been created...
[00:00:11] [Server thread/INFO]: [Server Log]: The folder 'plugins/ServerLog/Items/Item Drop' has been created...
[00:00:11] [Server thread/INFO]: [Server Log]: The folder 'plugins/ServerLog/Players' has been created...
[00:00:11] [Server thread/INFO]: [Server Log]: The folder 'plugins/ServerLog/Players/Death' has been created...
[00:00:11] [Server thread/INFO]: [Server Log]: The folder 'plugins/ServerLog/Players/Spawn Mob Egg' has been created...
[00:00:11] [Server thread/INFO]: [Server Log]: The folder 'plugins/ServerLog/Players/Gamemode Change' has been created...
[00:00:11] [Server thread/INFO]: [Server Log]: The folder 'plugins/ServerLog/Players/Respawn' has been created...
[00:00:11] [Server thread/INFO]: [Server Log]: The folder 'plugins/ServerLog/Players/Teleport' has been created...
[00:00:11] [Server thread/INFO]: [Server Log]: The folder 'plugins/ServerLog/Custom APIs' has been created...
[00:00:11] [Server thread/INFO]: [Server Log]: The folder 'plugins/ServerLog/Custom APIs/Vouchers' has been created...
[00:00:11] [Server thread/INFO]: [Server Log]: All files have been initiated...
[00:02:34] [Server thread/INFO]: BenDoesMusic was slain by Iron Golem
[00:07:27] [Server thread/INFO]: Lhendy51 lost connection: Disconnected
[00:07:27] [Server thread/INFO]: Lhendy51 left the game
[00:08:29] [Server thread/INFO]: Borps lost connection: Disconnected
[00:08:29] [Server thread/INFO]: Borps left the game
[00:08:42] [Server thread/INFO]: BenDoesMusic lost connection: Disconnected
[00:08:42] [Server thread/INFO]: BenDoesMusic left the game
[00:08:46] [Server thread/INFO]: captainasia_ lost connection: Disconnected
[00:08:46] [Server thread/INFO]: captainasia_ left the game
[00:09:14] [Server thread/INFO]: Austin_Powers_ lost connection: Disconnected
[00:09:14] [Server thread/INFO]: Austin_Powers_ left the game
[01:37:24] [User Authenticator #63/INFO]: UUID of player Austin_Powers_ is 33763e4d-26f0-433d-be7f-234836699127
[01:37:24] [Server thread/INFO]: Austin_Powers_ joined the game
[01:37:24] [Server thread/INFO]: Austin_Powers_[/73.154.194.210:60011] logged in with entity id 496215 at ([world]81.20102100152998, 69.0, 44.477412633842)
[01:37:51] [Server thread/WARN]: Austin_Powers_ moved too quickly! -2.0060073443106745,1.0244240882136921,-15.767668966216227
[01:56:15] [Server thread/INFO]: Austin_Powers_ lost connection: Disconnected
[01:56:15] [Server thread/INFO]: Austin_Powers_ left the game
[01:59:30] [User Authenticator #64/INFO]: UUID of player Austin_Powers_ is 33763e4d-26f0-433d-be7f-234836699127
[01:59:30] [Server thread/INFO]: Austin_Powers_ joined the game
[01:59:30] [Server thread/INFO]: Austin_Powers_[/73.154.194.210:61403] logged in with entity id 500290 at ([world]135.4505364810317, 11.0, -166.98777436761713)
[02:15:06] [Server thread/WARN]: Austin_Powers_ moved wrongly!
[03:05:12] [Server thread/INFO]: Austin_Powers_ lost connection: Disconnected
[03:05:12] [Server thread/INFO]: Austin_Powers_ left the game
[04:25:52] [Server thread/INFO]: [ProtocolLib] The updater found an update, and has readied it to be loaded the next time the server restarts/reloads.
