[00:02:55] [Server thread/INFO]: [0;37;1m[Server Log]: [0;32;1mThe folder 'plugins/ServerLog/Compiled Log' has been created...[m
[00:02:55] [Server thread/INFO]: [0;37;1m[Server Log]: [0;32;1mThe folder 'plugins/ServerLog/Server Information' has been created...[m
[00:02:55] [Server thread/INFO]: [0;37;1m[Server Log]: [0;32;1mThe folder 'plugins/ServerLog/Server Information/TPS' has been created...[m
[00:02:55] [Server thread/INFO]: [0;37;1m[Server Log]: [0;32;1mThe folder 'plugins/ServerLog/Server Information/Ram Usage' has been created...[m
[00:02:55] [Server thread/INFO]: [0;37;1m[Server Log]: [0;32;1mThe folder 'plugins/ServerLog/Server Information/Player Count' has been created...[m
[00:02:55] [Server thread/INFO]: [0;37;1m[Server Log]: [0;32;1mThe folder 'plugins/ServerLog/Server Information/Entity Count' has been created...[m
[00:02:55] [Server thread/INFO]: [0;37;1m[Server Log]: [0;32;1mThe folder 'plugins/ServerLog/Server Information/Entity Count/world' has been created...[m
[00:02:55] [Server thread/INFO]: [0;37;1m[Server Log]: [0;32;1mThe folder 'plugins/ServerLog/Server Information/Entity Count/world_nether' has been created...[m
[00:02:55] [Server thread/INFO]: [0;37;1m[Server Log]: [0;32;1mThe folder 'plugins/ServerLog/Server Information/Entity Count/world_the_end' has been created...[m
[00:02:55] [Server thread/INFO]: [0;37;1m[Server Log]: [0;32;1mThe folder 'plugins/ServerLog/Server Information/Chunks Loaded' has been created...[m
[00:02:55] [Server thread/INFO]: [0;37;1m[Server Log]: [0;32;1mThe folder 'plugins/ServerLog/Server Information/Chunks Loaded/world' has been created...[m
[00:02:55] [Server thread/INFO]: [0;37;1m[Server Log]: [0;32;1mThe folder 'plugins/ServerLog/Server Information/Chunks Loaded/world_nether' has been created...[m
[00:02:55] [Server thread/INFO]: [0;37;1m[Server Log]: [0;32;1mThe folder 'plugins/ServerLog/Server Information/Chunks Loaded/world_the_end' has been created...[m
[00:02:55] [Server thread/INFO]: [0;37;1m[Server Log]: [0;32;1mThe folder 'plugins/ServerLog/Activity' has been created...[m
[00:02:55] [Server thread/INFO]: [0;37;1m[Server Log]: [0;32;1mThe folder 'plugins/ServerLog/Activity/Player Join' has been created...[m
[00:02:55] [Server thread/INFO]: [0;37;1m[Server Log]: [0;32;1mThe folder 'plugins/ServerLog/Activity/Player Quit' has been created...[m
[00:02:55] [Server thread/INFO]: [0;37;1m[Server Log]: [0;32;1mThe folder 'plugins/ServerLog/Activity/Player Kick' has been created...[m
[00:02:55] [Server thread/INFO]: [0;37;1m[Server Log]: [0;32;1mThe folder 'plugins/ServerLog/Blocks' has been created...[m
[00:02:55] [Server thread/INFO]: [0;37;1m[Server Log]: [0;32;1mThe folder 'plugins/ServerLog/Blocks/Block Place' has been created...[m
[00:02:55] [Server thread/INFO]: [0;37;1m[Server Log]: [0;32;1mThe folder 'plugins/ServerLog/Blocks/Block Break' has been created...[m
[00:02:55] [Server thread/INFO]: [0;37;1m[Server Log]: [0;32;1mThe folder 'plugins/ServerLog/Blocks/Empty Bucket' has been created...[m
[00:02:55] [Server thread/INFO]: [0;37;1m[Server Log]: [0;32;1mThe folder 'plugins/ServerLog/Chat' has been created...[m
[00:02:55] [Server thread/INFO]: [0;37;1m[Server Log]: [0;32;1mThe folder 'plugins/ServerLog/Commands' has been created...[m
[00:02:55] [Server thread/INFO]: [0;37;1m[Server Log]: [0;32;1mThe folder 'plugins/ServerLog/Items' has been created...[m
[00:02:55] [Server thread/INFO]: [0;37;1m[Server Log]: [0;32;1mThe folder 'plugins/ServerLog/Items/Item Pickup' has been created...[m
[00:02:55] [Server thread/INFO]: [0;37;1m[Server Log]: [0;32;1mThe folder 'plugins/ServerLog/Items/Item Drop' has been created...[m
[00:02:55] [Server thread/INFO]: [0;37;1m[Server Log]: [0;32;1mThe folder 'plugins/ServerLog/Players' has been created...[m
[00:02:55] [Server thread/INFO]: [0;37;1m[Server Log]: [0;32;1mThe folder 'plugins/ServerLog/Players/Death' has been created...[m
[00:02:55] [Server thread/INFO]: [0;37;1m[Server Log]: [0;32;1mThe folder 'plugins/ServerLog/Players/Spawn Mob Egg' has been created...[m
[00:02:55] [Server thread/INFO]: [0;37;1m[Server Log]: [0;32;1mThe folder 'plugins/ServerLog/Players/Gamemode Change' has been created...[m
[00:02:55] [Server thread/INFO]: [0;37;1m[Server Log]: [0;32;1mThe folder 'plugins/ServerLog/Players/Respawn' has been created...[m
[00:02:55] [Server thread/INFO]: [0;37;1m[Server Log]: [0;32;1mThe folder 'plugins/ServerLog/Players/Teleport' has been created...[m
[00:02:55] [Server thread/INFO]: [0;37;1m[Server Log]: [0;32;1mThe folder 'plugins/ServerLog/Custom APIs' has been created...[m
[00:02:55] [Server thread/INFO]: [0;37;1m[Server Log]: [0;32;1mThe folder 'plugins/ServerLog/Custom APIs/Vouchers' has been created...[m
[00:02:55] [Server thread/INFO]: [0;37;1m[Server Log]: [0;32;22mAll files have been initiated...[m
[03:57:55] [Craft Scheduler Thread - 1095/INFO]: [Vault] Checking for Updates ... 
[03:57:55] [Craft Scheduler Thread - 1095/INFO]: [Vault] No new version available
[08:32:16] [Server thread/INFO]: [0;33;1m[ProtocolLib] The updater found an update, and has readied it to be loaded the next time the server restarts/reloads.[m
[09:57:55] [Craft Scheduler Thread - 1120/INFO]: [Vault] Checking for Updates ... 
[09:57:55] [Craft Scheduler Thread - 1120/INFO]: [Vault] No new version available
[12:01:38] [User Authenticator #127/INFO]: UUID of player thebrendan is 7dd77e19-175b-442e-a1ab-48f109891559
[12:01:38] [Server thread/INFO]: Disconnecting com.mojang.authlib.GameProfile@742d167c[id=7dd77e19-175b-442e-a1ab-48f109891559,name=thebrendan,properties={textures=[com.mojang.authlib.properties.Property@2e287f23]},legacy=false] (/74.111.106.138:63616): You are not whitelisted on this server!
[12:01:38] [Server thread/INFO]: com.mojang.authlib.GameProfile@742d167c[id=7dd77e19-175b-442e-a1ab-48f109891559,name=thebrendan,properties={textures=[com.mojang.authlib.properties.Property@2e287f23]},legacy=false] (/74.111.106.138:63616) lost connection: You are not whitelisted on this server!
[12:04:48] [User Authenticator #128/INFO]: UUID of player thebrendan is 7dd77e19-175b-442e-a1ab-48f109891559
[12:04:48] [Server thread/INFO]: Disconnecting com.mojang.authlib.GameProfile@28dfd9aa[id=7dd77e19-175b-442e-a1ab-48f109891559,name=thebrendan,properties={textures=[com.mojang.authlib.properties.Property@3122ddf8]},legacy=false] (/74.111.106.138:63634): You are not whitelisted on this server!
[12:04:48] [Server thread/INFO]: com.mojang.authlib.GameProfile@28dfd9aa[id=7dd77e19-175b-442e-a1ab-48f109891559,name=thebrendan,properties={textures=[com.mojang.authlib.properties.Property@3122ddf8]},legacy=false] (/74.111.106.138:63634) lost connection: You are not whitelisted on this server!
[12:05:51] [User Authenticator #129/INFO]: UUID of player thebrendan is 7dd77e19-175b-442e-a1ab-48f109891559
[12:05:51] [Server thread/INFO]: Disconnecting com.mojang.authlib.GameProfile@65b79d24[id=7dd77e19-175b-442e-a1ab-48f109891559,name=thebrendan,properties={textures=[com.mojang.authlib.properties.Property@5d13fbe6]},legacy=false] (/74.111.106.138:63636): You are not whitelisted on this server!
[12:05:51] [Server thread/INFO]: com.mojang.authlib.GameProfile@65b79d24[id=7dd77e19-175b-442e-a1ab-48f109891559,name=thebrendan,properties={textures=[com.mojang.authlib.properties.Property@5d13fbe6]},legacy=false] (/74.111.106.138:63636) lost connection: You are not whitelisted on this server!
[12:10:39] [User Authenticator #130/INFO]: UUID of player thebrendan is 7dd77e19-175b-442e-a1ab-48f109891559
[12:10:39] [Server thread/INFO]: Disconnecting com.mojang.authlib.GameProfile@7cd9e293[id=7dd77e19-175b-442e-a1ab-48f109891559,name=thebrendan,properties={textures=[com.mojang.authlib.properties.Property@3583b011]},legacy=false] (/74.111.106.138:63641): You are not whitelisted on this server!
[12:10:39] [Server thread/INFO]: com.mojang.authlib.GameProfile@7cd9e293[id=7dd77e19-175b-442e-a1ab-48f109891559,name=thebrendan,properties={textures=[com.mojang.authlib.properties.Property@3583b011]},legacy=false] (/74.111.106.138:63641) lost connection: You are not whitelisted on this server!
[13:38:33] [Server thread/INFO]: Added thebrendan to the whitelist
[13:38:34] [Server thread/INFO]: There are 0 of a max of 42069 players online: 
[15:03:46] [User Authenticator #131/INFO]: UUID of player thebrendan is 7dd77e19-175b-442e-a1ab-48f109891559
[15:03:47] [Server thread/INFO]: thebrendan[/71.61.224.181:63702] logged in with entity id 610739 at ([world]-2.5, 70.0, 20.5)
[15:04:17] [Server thread/INFO]: [Server] oh its you
[15:04:47] [Server thread/WARN]: thebrendan moved too quickly! -3.9424123233508848,0.0,-13.086396012386874
[15:04:56] [Server thread/WARN]: thebrendan moved too quickly! -10.383969233781144,1.0,-11.121171688718995
[15:05:06] [Server thread/INFO]: [Server] hello?
[15:05:16] [Async Chat Thread - #63/INFO]: [3:05 PM] <thebrendan> is it you braydon[m
[15:05:23] [Server thread/INFO]: [Server] idk you tell me
[15:05:30] [Async Chat Thread - #63/INFO]: [3:05 PM] <thebrendan> hi braydon[m
[15:05:37] [Async Chat Thread - #63/INFO]: [3:05 PM] <thebrendan> what am i supposed to do[m
[15:05:40] [Server thread/INFO]: [Server] hhii bbrreennddaannnnn
[15:05:50] [Server thread/INFO]: [Server] wdym its minecraft
[15:06:01] [Async Chat Thread - #63/INFO]: [3:06 PM] <thebrendan> no like what is this world[m
[15:06:10] [Server thread/INFO]: [Server] we build it
[15:06:14] [Server thread/INFO]: [Server] hold on
[15:06:18] [Async Chat Thread - #63/INFO]: [3:06 PM] <thebrendan> but where did all the trees go[m
[15:06:22] [Async Chat Thread - #63/INFO]: [3:06 PM] <thebrendan> i need a tree[m
[15:06:24] [Async Chat Thread - #63/INFO]: [3:06 PM] <thebrendan> for wood[m
[15:06:39] [Server thread/INFO]: [Server] hold on i joining
[15:07:18] [User Authenticator #132/INFO]: UUID of player Borps is d6b1ba70-5e88-4d6c-8dff-2266dde50f0f
[15:07:18] [Server thread/INFO]: Borps[/10.0.156.1:62484] logged in with entity id 611287 at ([world]48.978790117679424, 78.00763036289261, -4.419405551588395)
[15:07:32] [Server thread/INFO]: thebrendan drowned
[15:07:37] [Async Chat Thread - #64/INFO]: [3:07 PM] [[0;31;1mServer Operator[m] [m<Borps> oh thats lovely[m
[15:07:40] [Server thread/INFO]: Borps issued server command: /gms
[15:07:40] [Server thread/INFO]: /gms
[15:07:40] [Server thread/INFO]: Borps issued mycmd command ID(5) /gms
[15:07:40] [Server thread/INFO]: Borps issued server command: /gamemode survival
[15:07:40] [Server thread/INFO]: /gamemode
[15:07:40] [Server thread/INFO]: [Borps: Set own game mode to Survival Mode]
[15:07:56] [Async Chat Thread - #64/INFO]: [3:07 PM] <thebrendan> it was InTenTiOnAl[m
[15:08:00] [Async Chat Thread - #64/INFO]: [3:08 PM] [[0;31;1mServer Operator[m] [m<Borps> where is ye[m
[15:08:07] [Async Chat Thread - #64/INFO]: [3:08 PM] <thebrendan> spawn[m
[15:08:14] [Async Chat Thread - #64/INFO]: [3:08 PM] <thebrendan> that's why me died me harty[m
[15:08:38] [Async Chat Thread - #64/INFO]: [3:08 PM] [[0;31;1mServer Operator[m] [m<Borps> im by the portal[m
[15:09:03] [Async Chat Thread - #64/INFO]: [3:09 PM] <thebrendan> no pls[m
[15:09:05] [Async Chat Thread - #64/INFO]: [3:09 PM] <thebrendan> mercy[m
[15:09:15] [Async Chat Thread - #64/INFO]: [3:09 PM] [[0;31;1mServer Operator[m] [m<Borps> wow this shit laggy today[m
[15:09:17] [Server thread/INFO]: [@] GAVE 69 V-BUCKS TO Borps
[15:09:23] [Async Chat Thread - #64/INFO]: [3:09 PM] <thebrendan> i aint laggin[m
[15:09:31] [Async Chat Thread - #64/INFO]: [3:09 PM] [[0;31;1mServer Operator[m] [m<Borps> server lag[m
[15:09:32] [Async Chat Thread - #64/INFO]: [3:09 PM] <thebrendan> where do i get resources[m
[15:09:38] [Async Chat Thread - #64/INFO]: [3:09 PM] [[0;31;1mServer Operator[m] [m<Borps> follow[m
[15:09:49] [Server thread/WARN]: thebrendan moved too quickly! 12.158752877851533,0.0,6.272174021183162
[15:09:53] [Server thread/WARN]: thebrendan moved too quickly! 10.916635421248685,1.5,1.2749732465455565
[15:10:08] [Async Chat Thread - #64/INFO]: [3:10 PM] <thebrendan> may i takey[m
[15:10:12] [Async Chat Thread - #64/INFO]: [3:10 PM] [[0;31;1mServer Operator[m] [m<Borps> ehg[m
[15:10:17] [Async Chat Thread - #64/INFO]: [3:10 PM] <thebrendan> wtf[m
[15:10:22] [Async Chat Thread - #64/INFO]: [3:10 PM] [[0;31;1mServer Operator[m] [m<Borps> theyre probably going to go sooner or later[m
[15:10:24] [Async Chat Thread - #64/INFO]: [3:10 PM] [[0;31;1mServer Operator[m] [m<Borps> go for it[m
[15:10:32] [Async Chat Thread - #64/INFO]: [3:10 PM] [[0;31;1mServer Operator[m] [m<Borps> ignore the forest fire[m
[15:14:12] [Server thread/INFO]: thebrendan lost connection: Timed out
[15:14:12] [Server thread/INFO]: thebrendan left the game
[15:15:13] [Server thread/INFO]: Borps lost connection: Disconnected
[15:15:13] [Server thread/INFO]: Borps left the game
[15:44:47] [User Authenticator #133/INFO]: UUID of player thebrendan is 7dd77e19-175b-442e-a1ab-48f109891559
[15:44:48] [Server thread/INFO]: thebrendan[/71.61.224.181:63764] logged in with entity id 612680 at ([world]49.53549934204551, 72.5, -4.380846556802045)
[15:44:59] [Server thread/INFO]: [@] GAVE 69 V-BUCKS TO thebrendan
[15:45:59] [Server thread/INFO]: thebrendan drowned
[15:47:07] [Server thread/INFO]: thebrendan has made the advancement [Acquire Hardware]
[15:51:21] [Server thread/INFO]: thebrendan lost connection: Disconnected
[15:51:21] [Server thread/INFO]: thebrendan left the game
[15:57:55] [Craft Scheduler Thread - 1151/INFO]: [Vault] Checking for Updates ... 
[15:57:55] [Craft Scheduler Thread - 1151/INFO]: [Vault] No new version available
[16:13:44] [User Authenticator #134/INFO]: UUID of player thebrendan is 7dd77e19-175b-442e-a1ab-48f109891559
[16:13:44] [Server thread/INFO]: thebrendan[/71.61.224.181:63878] logged in with entity id 613655 at ([world]12.446086045496783, 72.0, -35.312664578006036)
[16:15:00] [Server thread/INFO]: [@] GAVE 69 V-BUCKS TO thebrendan
[16:15:01] [Server thread/INFO]: thebrendan has completed the challenge [Great View From Up Here]
[16:15:09] [Server thread/INFO]: [@] GAVE 69 V-BUCKS TO thebrendan
[16:15:09] [Server thread/INFO]: thebrendan fell from a high place
[16:15:32] [Server thread/INFO]: thebrendan was slain by Zombie
[16:15:55] [Server thread/WARN]: thebrendan moved too quickly! 3.0747723237108646,0.7531999805212024,9.628049730897484
[16:16:27] [Server thread/INFO]: thebrendan was slain by Zombie
[16:17:02] [Server thread/WARN]: thebrendan moved too quickly! 10.17059511054835,0.5,-1.2396877296431477
[16:17:14] [Server thread/WARN]: thebrendan moved too quickly! 7.514540951726126,0.0,22.385693534477205
[16:17:19] [User Authenticator #135/INFO]: UUID of player BenjaboyQ is 4e9f84a9-9843-4286-a20e-79bd3f9cbe11
[16:17:20] [Server thread/INFO]: BenjaboyQ[/96.236.218.9:49206] logged in with entity id 614227 at ([world]39.96595170131354, 70.5, 26.483614857331013)
[16:19:30] [Server thread/INFO]: thebrendan has made the advancement [Suit Up]
[16:21:27] [Async Chat Thread - #65/INFO]: [4:21 PM] [[0;34;1mCodfather[m] [m<BenjaboyQ> epic[m
[16:25:19] [Server thread/INFO]: thebrendan has made the advancement [We Need to Go Deeper]
[16:28:49] [Server thread/WARN]: thebrendan moved too quickly! 1.3993311888783353,1.0,20.712377619541943
[16:29:07] [Server thread/WARN]: thebrendan moved too quickly! 9.935891234651848,0.20326439933130303,5.893449085083127
[16:36:05] [Server thread/WARN]: thebrendan moved too quickly! 4.191473520673753,-5.4375,-8.345510495598091
[16:36:16] [Server thread/INFO]: thebrendan lost connection: Timed out
[16:36:16] [Server thread/INFO]: thebrendan left the game
[16:36:20] [User Authenticator #136/INFO]: UUID of player thebrendan is 7dd77e19-175b-442e-a1ab-48f109891559
[16:36:20] [Server thread/INFO]: thebrendan[/71.61.224.181:64024] logged in with entity id 617193 at ([world]1264.1051337117729, 58.0, 762.4855401301398)
[16:37:19] [Server thread/WARN]: thebrendan moved too quickly! 0.1003230210910715,0.0,-17.95200391494336
[16:38:52] [Server thread/WARN]: thebrendan moved too quickly! -9.811829094773202,0.0,-2.540420631307825
[16:40:36] [Server thread/WARN]: thebrendan moved too quickly! -9.181854360242141,0.0,4.063418923545896
[16:40:48] [Server thread/WARN]: thebrendan moved too quickly! 20.75011518949964,0.0,-18.314998626319266
[16:40:59] [Server thread/WARN]: thebrendan moved too quickly! -10.250012667740066,0.0,1.2693806323496801
[16:41:11] [Server thread/WARN]: thebrendan moved too quickly! -4.163119169340007,0.0,18.026411294501827
[16:41:24] [Server thread/WARN]: thebrendan moved too quickly! -3.0670398067895803,12.957906265163643,-4.6362438571420626
[16:41:34] [Server thread/WARN]: thebrendan moved too quickly! 2.921030408354227,14.497093822693607,0.5563897096990331
[16:41:46] [Server thread/WARN]: thebrendan moved too quickly! -8.156194959964523,1.0,-18.967162215497524
[16:42:18] [Server thread/WARN]: thebrendan moved too quickly! 16.904174531475235,-1.0,11.921051625879585
[16:42:29] [Server thread/WARN]: thebrendan moved too quickly! 0.033730174041153305,0.0,-13.792316661489224
[16:43:24] [Server thread/INFO]: thebrendan has made the advancement [Isn't It Iron Pick]
[16:46:16] [Server thread/INFO]: thebrendan lost connection: Timed out
[16:46:16] [Server thread/INFO]: thebrendan left the game
[16:54:25] [Server thread/INFO]: BenjaboyQ lost connection: Disconnected
[16:54:25] [Server thread/INFO]: BenjaboyQ left the game
[18:05:28] [User Authenticator #137/INFO]: UUID of player thebrendan is 7dd77e19-175b-442e-a1ab-48f109891559
[18:05:28] [Server thread/INFO]: thebrendan[/71.61.224.181:64834] logged in with entity id 621639 at ([world_nether]147.69999998807907, 43.0, 56.633376590048286)
[18:07:35] [Server thread/WARN]: thebrendan moved too quickly! -1.6155874621108524,-2.733632006042484,-9.594601478532354
[18:10:52] [Server thread/WARN]: thebrendan moved too quickly! -0.7716982633642147,-1.0244240882136921,-16.607497867011375
[18:12:09] [Server thread/INFO]: thebrendan lost connection: Timed out
[18:12:09] [Server thread/INFO]: thebrendan left the game
[19:33:41] [Server thread/INFO]: There are 0 of a max of 42069 players online: 
[20:09:31] [User Authenticator #138/INFO]: UUID of player BenDoesMusic is 19a02d34-63af-49e9-bfbc-7646e15ee022
[20:09:32] [Server thread/INFO]: BenDoesMusic[/98.111.253.55:50387] logged in with entity id 623652 at ([world_nether]13.28993482849736, 77.0, -5.90422432800282)
[20:10:34] [Server thread/INFO]: BenDoesMusic issued server command: /night
[20:10:34] [Server thread/INFO]: /night
[20:10:34] [Server thread/INFO]: BenDoesMusic issued mycmd command ID(3) /night
[20:10:34] [Server thread/INFO]: BenDoesMusic issued server command: /time set night
[20:10:34] [Server thread/INFO]: /time
[20:10:34] [Server thread/INFO]: [BenDoesMusic: Set the time to 13000]
[20:13:29] [Server thread/INFO]: [@] GAVE 69 V-BUCKS TO BenDoesMusic
[20:32:17] [Server thread/INFO]: [0;33;1m[ProtocolLib] The updater found an update, and has readied it to be loaded the next time the server restarts/reloads.[m
[20:40:26] [Server thread/INFO]: BenDoesMusic lost connection: Disconnected
[20:40:26] [Server thread/INFO]: BenDoesMusic left the game
[21:23:32] [Server thread/INFO]: Unknown command. Type "/help" for help.[m
[21:23:34] [Server thread/INFO]: There are 0 of a max of 42069 players online: 
