[15:27:16] [Server thread/INFO]: Starting minecraft server version 1.15.2
[15:27:16] [Server thread/INFO]: Loading properties
[15:27:16] [Server thread/INFO]: This server is running Paper version git-Paper-321 (MC: 1.15.2) (Implementing API version 1.15.2-R0.1-SNAPSHOT)
[15:27:17] [Server thread/INFO]: Debug logging is disabled
[15:27:17] [Server thread/INFO]: Server Ping Player Sample Count: 12
[15:27:17] [Server thread/INFO]: Using 4 threads for Netty based IO
[15:27:17] [Server thread/INFO]: Default game type: SURVIVAL
[15:27:17] [Server thread/INFO]: Generating keypair
[15:27:18] [Server thread/INFO]: Starting Minecraft server on *:25565
[15:27:18] [Server thread/INFO]: Using epoll channel type
[15:27:20] [Server thread/WARN]: Initializing Legacy Material Support. Unless you have legacy plugins and/or data this is a bug!
[15:27:30] [Server thread/WARN]: Legacy plugin ImageMaps v0.5.0 does not specify an api-version.
[15:27:30] [Server thread/WARN]: Legacy plugin PluginManager v2.0.1 does not specify an api-version.
[15:27:30] [Server thread/WARN]: Legacy plugin AdvancedBan v2.1.5-RELEASE does not specify an api-version.
[15:27:30] [Server thread/WARN]: Legacy plugin dynmap v3.0-beta-10-257 does not specify an api-version.
[15:27:31] [Server thread/WARN]: Legacy plugin SimplePrefix v2.5.1 does not specify an api-version.
[15:27:32] [Server thread/INFO]: [TARDISChunkGenerator] Loading TARDISChunkGenerator v4.4.1
[15:27:32] [Server thread/INFO]: [LuckPerms] Loading LuckPerms v5.0.72
[15:27:32] [Server thread/INFO]: [WorldEdit] Loading WorldEdit v7.1.0;8e55131
[15:27:34] [Server thread/INFO]: Got request to register class com.sk89q.worldedit.bukkit.BukkitServerInterface with WorldEdit [com.sk89q.worldedit.extension.platform.PlatformManager@bb6a804]
[15:27:34] [Server thread/INFO]: [ImageMaps] Loading ImageMaps v0.5.0
[15:27:34] [Server thread/INFO]: [OpenInv] Loading OpenInv v4.0.8
[15:27:34] [Server thread/INFO]: [ServerLog] Loading ServerLog v1.1.3
[15:27:34] [Server thread/INFO]: [PlaceholderAPI] Loading PlaceholderAPI v2.10.4
[15:27:34] [Server thread/INFO]: [PluginManager] Loading PluginManager v2.0.1
[15:27:34] [Server thread/INFO]: [AdvancedBan] Loading AdvancedBan v2.1.5-RELEASE
[15:27:34] [Server thread/INFO]: [Vault] Loading Vault v1.7.2-b107
[15:27:34] [Server thread/INFO]: [MyCommand] Loading MyCommand v5.6.3
[15:27:34] [Server thread/INFO]: [Multiverse-Core] Loading Multiverse-Core v4.1.0-b775
[15:27:34] [Server thread/INFO]: [ProtocolLib] Loading ProtocolLib v4.5.0
[15:27:35] [Server thread/WARN]: [ProtocolLib] Version (MC: 1.15.2) has not yet been tested! Proceed with caution.
[15:27:35] [Server thread/INFO]: [dynmap] Loading dynmap v3.0-beta-10-257
[15:27:36] [Server thread/INFO]: [dynmap] version=git-Paper-321 (MC: 1.15.2)
[15:27:36] [Server thread/INFO]: [dynmap] Unload queue not found - default to unload all chunks
[15:27:36] [Server thread/INFO]: [dynmap] inhabitedTicks field not found - inhabited shader not functional
[15:27:36] [Server thread/INFO]: [dynmap] Mod Support API available
[15:27:36] [Server thread/INFO]: [OldCombatMechanics] Loading OldCombatMechanics v1.7.4
[15:27:36] [Server thread/INFO]: [Shopkeepers] Loading Shopkeepers v2.9.3
[15:27:36] [Server thread/INFO]: [Shopkeepers] Loading config.
[15:27:36] [Server thread/INFO]: [Shopkeepers] Registering defaults.
[15:27:36] [Server thread/INFO]: [SimplePrefix] Loading SimplePrefix v2.5.1
[15:27:36] [Server thread/INFO]: [TAB] Loading TAB v2.7.1
[15:27:36] [Server thread/INFO]: [TARDIS] Loading TARDIS v4.4.1-b2127
[15:27:36] [Server thread/INFO]: Server permissions file permissions.yml is empty, ignoring it
[15:27:36] [Server thread/INFO]: [TARDISChunkGenerator] Enabling TARDISChunkGenerator v4.4.1
[15:27:36] [Server thread/INFO]: [LuckPerms] Enabling LuckPerms v5.0.72
[15:27:36] [Server thread/INFO]:         __    
[15:27:36] [Server thread/INFO]:   |    |__)   LuckPerms v5.0.72
[15:27:36] [Server thread/INFO]:   |___ |      Running on Bukkit - Paper
[15:27:36] [Server thread/INFO]: 
[15:27:36] [Server thread/INFO]: [LuckPerms] Loading configuration...
[15:27:38] [Server thread/INFO]: [LuckPerms] Loading storage provider... [H2]
[15:27:40] [Server thread/INFO]: [LuckPerms] Loading internal permission managers...
[15:27:41] [Server thread/INFO]: [LuckPerms] Performing initial data load...
[15:27:41] [Server thread/INFO]: [LuckPerms] Successfully enabled. (took 5013ms)
[15:27:41] [Server thread/INFO]: [WorldEdit] Enabling WorldEdit v7.1.0;8e55131
[15:27:41] [Server thread/WARN]: [WorldEdit] Loaded class net.milkbowl.vault.permission.Permission from Vault v1.7.2-b107 which is not a depend, softdepend or loadbefore of this plugin.
[15:27:41] [Server thread/INFO]: WEPIF: Using the Bukkit Permissions API.
[15:27:42] [Server thread/INFO]: Using com.sk89q.worldedit.bukkit.adapter.impl.Spigot_v1_15_R2 as the Bukkit adapter
[15:27:45] [Server thread/INFO]: [Vault] Enabling Vault v1.7.2-b107
[15:27:45] [Server thread/INFO]: [Vault] [Permission] SuperPermissions loaded as backup permission system.
[15:27:45] [Server thread/INFO]: [Vault] Enabled Version 1.7.2-b107
[15:27:45] [Server thread/WARN]: [LuckPerms] Loaded class net.milkbowl.vault.permission.Permission from Vault v1.7.2-b107 which is not a depend, softdepend or loadbefore of this plugin.
[15:27:45] [Server thread/INFO]: [LuckPerms] Registered Vault permission & chat hook.
[15:27:45] [Server thread/INFO]: WEPIF: Vault detected! Using Vault for permissions
[15:27:45] [Server thread/INFO]: [ProtocolLib] Enabling ProtocolLib v4.5.0
[15:27:45] [Server thread/INFO]: [ProtocolLib] Started structure compiler thread.
[15:27:45] [Server thread/INFO]: Preparing level "world"
[15:27:46] [Server thread/INFO]: Reloading ResourceManager: Default, bukkit, multiplayer_sleep, durability_ping, player head drops v1.0.0.zip, player_head_drops, time_datapack, death_coords, silence_mobs, tardis
[15:27:55] [Server thread/INFO]: Loaded 6 recipes
[15:27:56] [Server thread/INFO]: Loaded 51 custom command functions
[15:27:57] [Server thread/INFO]: -------- World Settings For [world] --------
[15:27:57] [Server thread/INFO]: Mob Spawn Range: 8
[15:27:57] [Server thread/INFO]: Experience Merge Radius: 3.0
[15:27:57] [Server thread/INFO]: Cactus Growth Modifier: 100%
[15:27:57] [Server thread/INFO]: Cane Growth Modifier: 100%
[15:27:57] [Server thread/INFO]: Melon Growth Modifier: 100%
[15:27:57] [Server thread/INFO]: Mushroom Growth Modifier: 100%
[15:27:57] [Server thread/INFO]: Pumpkin Growth Modifier: 100%
[15:27:57] [Server thread/INFO]: Sapling Growth Modifier: 100%
[15:27:57] [Server thread/INFO]: Beetroot Growth Modifier: 100%
[15:27:57] [Server thread/INFO]: Carrot Growth Modifier: 100%
[15:27:57] [Server thread/INFO]: Potato Growth Modifier: 100%
[15:27:57] [Server thread/INFO]: Wheat Growth Modifier: 100%
[15:27:57] [Server thread/INFO]: NetherWart Growth Modifier: 100%
[15:27:57] [Server thread/INFO]: Vine Growth Modifier: 100%
[15:27:57] [Server thread/INFO]: Cocoa Growth Modifier: 100%
[15:27:57] [Server thread/INFO]: Bamboo Growth Modifier: 100%
[15:27:57] [Server thread/INFO]: SweetBerry Growth Modifier: 100%
[15:27:57] [Server thread/INFO]: Kelp Growth Modifier: 100%
[15:27:57] [Server thread/INFO]: Entity Activation Range: An 32 / Mo 32 / Ra 48 / Mi 16 / Tiv true
[15:27:57] [Server thread/INFO]: Entity Tracking Range: Pl 48 / An 48 / Mo 48 / Mi 32 / Other 64
[15:27:57] [Server thread/INFO]: Hopper Transfer: 8 Hopper Check: 1 Hopper Amount: 1
[15:27:57] [Server thread/INFO]: Custom Map Seeds:  Village: 10387312 Desert: 14357617 Igloo: 14357618 Jungle: 14357619 Swamp: 14357620 Monument: 10387313 Ocean: 14357621 Shipwreck: 165745295 End City: 10387313 Slime: 987234911
[15:27:57] [Server thread/INFO]: Max TNT Explosions: 100
[15:27:57] [Server thread/INFO]: Tile Max Tick Time: 50ms Entity max Tick Time: 50ms
[15:27:57] [Server thread/INFO]: View Distance: 10
[15:27:57] [Server thread/INFO]: Item Merge Radius: 2.5
[15:27:57] [Server thread/INFO]: Item Despawn Rate: 6000
[15:27:57] [Server thread/INFO]: Allow Zombie Pigmen to spawn from portal blocks: true
[15:27:57] [Server thread/INFO]: Arrow Despawn Rate: 1200 Trident Respawn Rate:1200
[15:27:57] [Server thread/INFO]: Zombie Aggressive Towards Villager: true
[15:27:57] [Server thread/INFO]: Nerfing mobs spawned from spawners: false
[15:27:57] [Server thread/INFO]: Registering commands with com.sk89q.worldedit.bukkit.BukkitServerInterface
[15:27:57] [Server thread/INFO]: -------- World Settings For [world_nether] --------
[15:27:57] [Server thread/INFO]: Mob Spawn Range: 8
[15:27:57] [Server thread/INFO]: Experience Merge Radius: 3.0
[15:27:57] [Server thread/INFO]: Cactus Growth Modifier: 100%
[15:27:57] [Server thread/INFO]: Cane Growth Modifier: 100%
[15:27:57] [Server thread/INFO]: Melon Growth Modifier: 100%
[15:27:57] [Server thread/INFO]: Mushroom Growth Modifier: 100%
[15:27:57] [Server thread/INFO]: Pumpkin Growth Modifier: 100%
[15:27:57] [Server thread/INFO]: Sapling Growth Modifier: 100%
[15:27:57] [Server thread/INFO]: Beetroot Growth Modifier: 100%
[15:27:57] [Server thread/INFO]: Carrot Growth Modifier: 100%
[15:27:57] [Server thread/INFO]: Potato Growth Modifier: 100%
[15:27:57] [Server thread/INFO]: Wheat Growth Modifier: 100%
[15:27:57] [Server thread/INFO]: NetherWart Growth Modifier: 100%
[15:27:57] [Server thread/INFO]: Vine Growth Modifier: 100%
[15:27:57] [Server thread/INFO]: Cocoa Growth Modifier: 100%
[15:27:57] [Server thread/INFO]: Bamboo Growth Modifier: 100%
[15:27:57] [Server thread/INFO]: SweetBerry Growth Modifier: 100%
[15:27:57] [Server thread/INFO]: Kelp Growth Modifier: 100%
[15:27:57] [Server thread/INFO]: Entity Activation Range: An 32 / Mo 32 / Ra 48 / Mi 16 / Tiv true
[15:27:57] [Server thread/INFO]: Entity Tracking Range: Pl 48 / An 48 / Mo 48 / Mi 32 / Other 64
[15:27:57] [Server thread/INFO]: Hopper Transfer: 8 Hopper Check: 1 Hopper Amount: 1
[15:27:57] [Server thread/INFO]: Custom Map Seeds:  Village: 10387312 Desert: 14357617 Igloo: 14357618 Jungle: 14357619 Swamp: 14357620 Monument: 10387313 Ocean: 14357621 Shipwreck: 165745295 End City: 10387313 Slime: 987234911
[15:27:57] [Server thread/INFO]: Max TNT Explosions: 100
[15:27:57] [Server thread/INFO]: Tile Max Tick Time: 50ms Entity max Tick Time: 50ms
[15:27:57] [Server thread/INFO]: View Distance: 10
[15:27:57] [Server thread/INFO]: Item Merge Radius: 2.5
[15:27:57] [Server thread/INFO]: Item Despawn Rate: 6000
[15:27:57] [Server thread/INFO]: Allow Zombie Pigmen to spawn from portal blocks: true
[15:27:57] [Server thread/INFO]: Arrow Despawn Rate: 1200 Trident Respawn Rate:1200
[15:27:57] [Server thread/INFO]: Zombie Aggressive Towards Villager: true
[15:27:57] [Server thread/INFO]: Nerfing mobs spawned from spawners: false
[15:27:57] [Server thread/INFO]: -------- World Settings For [world_the_end] --------
[15:27:57] [Server thread/INFO]: Mob Spawn Range: 8
[15:27:57] [Server thread/INFO]: Experience Merge Radius: 3.0
[15:27:57] [Server thread/INFO]: Cactus Growth Modifier: 100%
[15:27:57] [Server thread/INFO]: Cane Growth Modifier: 100%
[15:27:57] [Server thread/INFO]: Melon Growth Modifier: 100%
[15:27:57] [Server thread/INFO]: Mushroom Growth Modifier: 100%
[15:27:57] [Server thread/INFO]: Pumpkin Growth Modifier: 100%
[15:27:57] [Server thread/INFO]: Sapling Growth Modifier: 100%
[15:27:57] [Server thread/INFO]: Beetroot Growth Modifier: 100%
[15:27:57] [Server thread/INFO]: Carrot Growth Modifier: 100%
[15:27:57] [Server thread/INFO]: Potato Growth Modifier: 100%
[15:27:57] [Server thread/INFO]: Wheat Growth Modifier: 100%
[15:27:57] [Server thread/INFO]: NetherWart Growth Modifier: 100%
[15:27:57] [Server thread/INFO]: Vine Growth Modifier: 100%
[15:27:57] [Server thread/INFO]: Cocoa Growth Modifier: 100%
[15:27:57] [Server thread/INFO]: Bamboo Growth Modifier: 100%
[15:27:57] [Server thread/INFO]: SweetBerry Growth Modifier: 100%
[15:27:57] [Server thread/INFO]: Kelp Growth Modifier: 100%
[15:27:57] [Server thread/INFO]: Entity Activation Range: An 32 / Mo 32 / Ra 48 / Mi 16 / Tiv true
[15:27:57] [Server thread/INFO]: Entity Tracking Range: Pl 48 / An 48 / Mo 48 / Mi 32 / Other 64
[15:27:57] [Server thread/INFO]: Hopper Transfer: 8 Hopper Check: 1 Hopper Amount: 1
[15:27:57] [Server thread/INFO]: Custom Map Seeds:  Village: 10387312 Desert: 14357617 Igloo: 14357618 Jungle: 14357619 Swamp: 14357620 Monument: 10387313 Ocean: 14357621 Shipwreck: 165745295 End City: 10387313 Slime: 987234911
[15:27:57] [Server thread/INFO]: Max TNT Explosions: 100
[15:27:57] [Server thread/INFO]: Tile Max Tick Time: 50ms Entity max Tick Time: 50ms
[15:27:57] [Server thread/INFO]: View Distance: 10
[15:27:57] [Server thread/INFO]: Item Merge Radius: 2.5
[15:27:57] [Server thread/INFO]: Item Despawn Rate: 6000
[15:27:57] [Server thread/INFO]: Allow Zombie Pigmen to spawn from portal blocks: true
[15:27:57] [Server thread/INFO]: Arrow Despawn Rate: 1200 Trident Respawn Rate:1200
[15:27:57] [Server thread/INFO]: Zombie Aggressive Towards Villager: true
[15:27:57] [Server thread/INFO]: Nerfing mobs spawned from spawners: false
[15:27:57] [Server thread/INFO]: Preparing start region for dimension 'world'/minecraft:overworld
[15:27:57] [Paper RegionFile IO Thread/INFO]: [RegionFile] Using Java 9+ invokeCleaner DirectByteBuffer cleanup method
[15:27:58] [Server thread/INFO]: Loaded 0 spawn chunks for world world
[15:27:58] [Server thread/INFO]: Preparing spawn area: 0%
[15:27:58] [Server thread/INFO]: Preparing spawn area: 0%
[15:27:58] [Server thread/INFO]: Preparing spawn area: 0%
[15:27:59] [Server thread/INFO]: Preparing spawn area: 0%
[15:27:59] [Server thread/INFO]: Time elapsed: 1739 ms
[15:27:59] [Server thread/INFO]: Preparing start region for dimension 'world_nether'/minecraft:the_nether
[15:27:59] [Server thread/INFO]: Loaded 0 spawn chunks for world world_nether
[15:27:59] [Server thread/INFO]: Time elapsed: 383 ms
[15:27:59] [Server thread/INFO]: Preparing start region for dimension 'world_the_end'/minecraft:the_end
[15:28:00] [Server thread/INFO]: Loaded 0 spawn chunks for world world_the_end
[15:28:00] [Server thread/INFO]: Time elapsed: 559 ms
[15:28:00] [Server thread/INFO]: [ImageMaps] Enabling ImageMaps v0.5.0*
[15:28:15] [Server thread/INFO]: [OpenInv] Enabling OpenInv v4.0.8
[15:28:15] [Server thread/INFO]: [ServerLog] Enabling ServerLog v1.1.3
[15:28:15] [Server thread/INFO]: [Server Log]: Thank you for choosing Server Log to log your server's functions.
[15:28:15] [Server thread/INFO]: [Server Log]: The current version you are using is ServerLog v1.1.3
[15:28:15] [Server thread/INFO]: [Server Log]: This is the full version of Server Log, so all features are enabled.
[15:28:15] [Server thread/INFO]: [Server Log]: bStats is enabled!
[15:28:16] [Server thread/INFO]: [Server Log]: All files have been initiated...
[15:28:16] [Server thread/INFO]: [PlaceholderAPI] Enabling PlaceholderAPI v2.10.4
[15:28:16] [Server thread/INFO]: [PlaceholderAPI] Fetching available expansion information...
[15:28:16] [Server thread/INFO]: [PluginManager] Enabling PluginManager v2.0.1*
[15:28:16] [Server thread/INFO]: [AdvancedBan] Enabling AdvancedBan v2.1.5-RELEASE*
[15:28:19] [Server thread/INFO]: 
 
[]=====[Enabling AdvancedBan]=====[]
| Information:
|   Name: AdvancedBan
|   Developer: Leoko
|   Version: 2.1.5-RELEASE
|   Storage: HSQLDB (local)
| Support:
|   Skype: Leoko33
|   Mail: Leoko4433@gmail.com
|   Github: https://github.com/DevLeoko/AdvancedBan/issues
|   Discord: https://discord.gg/ycDG6rS
| Update:
|   There is a new version available! [2.1.9]
[]================================[]
 
[15:28:19] [Server thread/INFO]: [MyCommand] Enabling MyCommand v5.6.3
[15:28:19] [Server thread/INFO]: *-=-=-=-=-=-=-=-=-=-* MyCommand *-=-=-=-=-=-=-=-=-=-=-*
[15:28:19] [Server thread/INFO]: | Vault  : Ok. Hooked on Vault 1.7.2-b107
[15:28:20] [Server thread/INFO]: | Command file(s) found : 2
[15:28:20] [Server thread/INFO]: | Config : Ready.
[15:28:20] [Server thread/INFO]: | PlaceholderAPI: Hooked, Ok.
[15:28:20] [Server thread/INFO]: | Custom commands loaded : 50
[15:28:20] [Server thread/INFO]: | Version: 5.6.3
[15:28:20] [Server thread/INFO]: | Author : emmerrei a.k.a Ivanpro
[15:28:21] [Server thread/INFO]: | New update available : MyCommand v5.6.5
[15:28:21] [Server thread/INFO]: *-=-=-=-=-=-=-=-=-=-*   Done!   *-=-=-=-=-=-=-=-=-=-=-*
[15:28:21] [Server thread/INFO]: [Multiverse-Core] Enabling Multiverse-Core v4.1.0-b775
[15:28:21] [Server thread/WARN]: [Multiverse-Core] Loaded class net.milkbowl.vault.economy.Economy from Vault v1.7.2-b107 which is not a depend, softdepend or loadbefore of this plugin.
[15:28:21] [Server thread/WARN]: [Multiverse-Core] "Multiverse-Core v4.1.0-b775" has registered a listener for org.bukkit.event.entity.EntityCreatePortalEvent on method "public void com.onarandombox.MultiverseCore.listeners.MVPortalListener.entityPortalCreate(org.bukkit.event.entity.EntityCreatePortalEvent)", but the event is Deprecated. "Server performance will be affected"; please notify the authors [Rigby, fernferret, lithium3141, main--, dumptruckman].
[15:28:21] [Server thread/INFO]: [Multiverse-Core] We are aware of the warning about the deprecated event. There is no alternative that allows us to do what we need to do. The performance impact is negligible.
[15:28:21] [Server thread/INFO]: [Multiverse-Core] 3 - World(s) loaded.
[15:28:22] [Server thread/WARN]: Warning: Nashorn engine is planned to be removed from a future JDK release
[15:28:22] [Server thread/INFO]: [Multiverse-Core] Version 4.1.0-b775 (API v24) Enabled - By Rigby, fernferret, lithium3141, main-- and dumptruckman
[15:28:22] [Server thread/INFO]: [Multiverse-Core] Help dumptruckman keep this project alive. Become a patron! https://www.patreon.com/dumptruckman
[15:28:22] [Server thread/INFO]: [Multiverse-Core] One time donations are also appreciated: https://www.paypal.me/dumptruckman
[15:28:22] [Server thread/INFO]: [dynmap] Enabling dynmap v3.0-beta-10-257*
[15:28:23] [Server thread/INFO]: [dynmap] Using LuckPerms 5.0.72 for access control
[15:28:24] [Server thread/INFO]: [dynmap] Mod Support processing completed
[15:28:24] [Server thread/INFO]: [dynmap] Loaded 25 shaders.
[15:28:25] [Server thread/INFO]: [dynmap] Loaded 82 perspectives.
[15:28:25] [Server thread/INFO]: [dynmap] Loaded 14 lightings.
[15:28:25] [Server thread/INFO]: [dynmap] Web server started on address 0.0.0.0:8123
[15:28:25] [Server thread/INFO]: [dynmap] version 3.0-beta-10-257 is enabled - core version 3.0-beta-10-257
[15:28:25] [Server thread/INFO]: [dynmap] For support, visit https://forums.dynmap.us
[15:28:25] [Server thread/INFO]: [dynmap] To report or track bugs, visit https://github.com/webbukkit/dynmap/issues
[15:28:25] [Server thread/INFO]: [dynmap] Loaded 3 maps of world 'world'.
[15:28:25] [Server thread/INFO]: [dynmap] Loaded 9 pending tile renders for world 'world'
[15:28:25] [Server thread/INFO]: [dynmap] Loaded 2 maps of world 'world_nether'.
[15:28:25] [Server thread/INFO]: [dynmap] Loaded 2 maps of world 'world_the_end'.
[15:28:25] [Server thread/INFO]: [dynmap] Enabled
[15:28:25] [Server thread/INFO]: [OldCombatMechanics] Enabling OldCombatMechanics v1.7.4
[15:28:25] [Server thread/INFO]: [OldCombatMechanics] OldCombatMechanics v1.7.4 has been enabled
[15:28:25] [Server thread/INFO]: [Shopkeepers] Enabling Shopkeepers v2.9.3
[15:28:26] [Server thread/INFO]: [Shopkeepers] Loading data of 8 shopkeepers..
[15:28:26] [Server thread/INFO]: [SimplePrefix] Enabling SimplePrefix v2.5.1*
[15:28:26] [Server thread/INFO]: [TAB] Enabling TAB v2.7.1
[15:28:26] [Server thread/INFO]: [TAB] Server version: 1.15.2 (v1_15_R1)
[15:28:26] [Server thread/INFO]: [TAB] File plugins/TAB/errors.txt exists and is not empty. Please take a look at the errors and try to correct them. You can also join our discord for assistance. After you resolve them, delete the file.
[15:28:26] [Server thread/INFO]: [TAB] Version 2.7.6 is out! Your version: 2.7.1
[15:28:26] [Server thread/INFO]: [TAB] Get the update at https://www.spigotmc.org/resources/57806/
[15:28:26] [Server thread/INFO]: [TAB] There was 1 startup warning.
[15:28:26] [Server thread/INFO]: [TAB] Enabled in 342ms
[15:28:26] [Server thread/INFO]: [TARDIS] Enabling TARDIS v4.4.1-b2127
[15:28:27] [Server thread/INFO]: [TARDIS] Loading language: ENGLISH
[15:28:27] [Server thread/INFO]: [TARDIS] Attempting to load world: 'TARDIS_TimeVortex'
[15:28:27] [Server thread/INFO]: -------- World Settings For [TARDIS_TimeVortex] --------
[15:28:27] [Server thread/INFO]: Mob Spawn Range: 8
[15:28:27] [Server thread/INFO]: Experience Merge Radius: 3.0
[15:28:27] [Server thread/INFO]: Cactus Growth Modifier: 100%
[15:28:27] [Server thread/INFO]: Cane Growth Modifier: 100%
[15:28:27] [Server thread/INFO]: Melon Growth Modifier: 100%
[15:28:27] [Server thread/INFO]: Mushroom Growth Modifier: 100%
[15:28:27] [Server thread/INFO]: Pumpkin Growth Modifier: 100%
[15:28:27] [Server thread/INFO]: Sapling Growth Modifier: 100%
[15:28:27] [Server thread/INFO]: Beetroot Growth Modifier: 100%
[15:28:27] [Server thread/INFO]: Carrot Growth Modifier: 100%
[15:28:27] [Server thread/INFO]: Potato Growth Modifier: 100%
[15:28:27] [Server thread/INFO]: Wheat Growth Modifier: 100%
[15:28:27] [Server thread/INFO]: NetherWart Growth Modifier: 100%
[15:28:27] [Server thread/INFO]: Vine Growth Modifier: 100%
[15:28:27] [Server thread/INFO]: Cocoa Growth Modifier: 100%
[15:28:27] [Server thread/INFO]: Bamboo Growth Modifier: 100%
[15:28:27] [Server thread/INFO]: SweetBerry Growth Modifier: 100%
[15:28:27] [Server thread/INFO]: Kelp Growth Modifier: 100%
[15:28:27] [Server thread/INFO]: Entity Activation Range: An 32 / Mo 32 / Ra 48 / Mi 16 / Tiv true
[15:28:27] [Server thread/INFO]: Entity Tracking Range: Pl 48 / An 48 / Mo 48 / Mi 32 / Other 64
[15:28:27] [Server thread/INFO]: Hopper Transfer: 8 Hopper Check: 1 Hopper Amount: 1
[15:28:27] [Server thread/INFO]: Custom Map Seeds:  Village: 10387312 Desert: 14357617 Igloo: 14357618 Jungle: 14357619 Swamp: 14357620 Monument: 10387313 Ocean: 14357621 Shipwreck: 165745295 End City: 10387313 Slime: 987234911
[15:28:27] [Server thread/INFO]: Max TNT Explosions: 100
[15:28:27] [Server thread/INFO]: Tile Max Tick Time: 50ms Entity max Tick Time: 50ms
[15:28:27] [Server thread/INFO]: View Distance: 10
[15:28:27] [Server thread/INFO]: Item Merge Radius: 2.5
[15:28:27] [Server thread/INFO]: Item Despawn Rate: 6000
[15:28:27] [Server thread/INFO]: Allow Zombie Pigmen to spawn from portal blocks: true
[15:28:27] [Server thread/INFO]: Arrow Despawn Rate: 1200 Trident Respawn Rate:1200
[15:28:27] [Server thread/INFO]: Zombie Aggressive Towards Villager: true
[15:28:27] [Server thread/INFO]: Nerfing mobs spawned from spawners: false
[15:28:27] [Server thread/INFO]: Preparing start region for dimension 'TARDIS_TimeVortex'/minecraft:overworld
[15:28:27] [Server thread/INFO]: Loaded 0 spawn chunks for world TARDIS_TimeVortex
[15:28:28] [Server thread/INFO]: Preparing spawn area: 0%
[15:28:28] [Server thread/INFO]: Preparing spawn area: 0%
[15:28:29] [Server thread/INFO]: Preparing spawn area: 0%
[15:28:29] [Server thread/INFO]: Preparing spawn area: 0%
[15:28:29] [Server thread/INFO]: Preparing spawn area: 0%
[15:28:29] [Server thread/INFO]: Time elapsed: 2120 ms
[15:28:29] [Server thread/INFO]: [dynmap] Loaded 3 maps of world 'TARDIS_TimeVortex'.
[15:28:29] [Server thread/WARN]: [TARDIS] Loaded class org.hsqldb.jdbc.JDBCDriver from AdvancedBan v2.1.5-RELEASE which is not a depend, softdepend or loadbefore of this plugin.
[15:28:32] [Server thread/INFO]: [TARDIS] Loaded 3 portals.
[15:28:32] [Server thread/INFO]: [TARDIS] Loaded 0 TARDISes in Siege Mode.
[15:28:32] [Server thread/INFO]: [TARDIS] Loaded 0 dispersed Police Boxes.
[15:28:33] [Server thread/INFO]: [PlaceholderAPI] Placeholder expansion registration initializing...
[15:28:33] [Server thread/INFO]: Running delayed init tasks
[15:28:33] [Craft Scheduler Thread - 11/INFO]: [Vault] Checking for Updates ... 
[15:28:34] [Craft Scheduler Thread - 11/INFO]: [Vault] No new version available
[15:28:34] [Server thread/INFO]: [PlaceholderAPI] An update for PlaceholderAPI (v2.10.6) is available at:
[15:28:34] [Server thread/INFO]: [PlaceholderAPI] https://www.spigotmc.org/resources/placeholderapi.6245/
[15:28:34] [Craft Scheduler Thread - 6/INFO]: [PlaceholderAPI] 173 placeholder expansions are available on the cloud.
[15:28:34] [Server thread/INFO]: Done (78.257s)! For help, type "help"
[15:28:34] [Server thread/INFO]: Timings Reset
[15:28:34] [Craft Scheduler Thread - 7/INFO]: PM | You are using the latest version of PluginManager.
[15:28:34] [Dynmap Render Thread/INFO]: [dynmap] Loading default resource pack
[15:28:44] [Server thread/INFO]: [MyCommand] found an update for MyCommand. Type /mycommand for more infos.
[15:29:16] [User Authenticator #1/INFO]: UUID of player CreeperMKB is be1f1085-13b4-48ec-aa6d-0f5172ba56d0
[15:29:17] [Server thread/INFO]: CreeperMKB joined the game
[15:29:18] [Server thread/INFO]: CreeperMKB[/73.40.242.202:63786] logged in with entity id 523 at ([world]39.696114109215465, 72.0, -9.894845260163677)
[15:29:22] [User Authenticator #1/INFO]: UUID of player Lhendy51 is a060e158-277d-4fcd-9d79-a11f60316abf
[15:29:23] [Server thread/INFO]: Lhendy51 joined the game
[15:29:24] [Server thread/INFO]: Lhendy51[/73.154.195.184:51966] logged in with entity id 573 at ([world]1263.8678722359489, 63.5, 631.9013511770883)
[15:29:27] [Async Chat Thread - #0/INFO]: [3:29 PM] <CreeperMKB> hello
[15:29:31] [Async Chat Thread - #0/INFO]: [3:29 PM] [hot sister] <Lhendy51> howdy
[15:29:45] [Server thread/INFO]: [Server] good morn
[15:30:03] [Async Chat Thread - #0/INFO]: [3:30 PM] [hot sister] <Lhendy51> im just gonna go afk at the mob farm
[15:30:31] [Server thread/INFO]: [Server] if there are any issues with the server, ping me. i wont answer right away however
[15:30:39] [Async Chat Thread - #0/INFO]: [3:30 PM] <CreeperMKB> go ahead
[15:30:42] [Async Chat Thread - #0/INFO]: [3:30 PM] [hot sister] <Lhendy51> ok
[15:39:08] [Async Chat Thread - #1/INFO]: [3:39 PM] [hot sister] <Lhendy51> ok im going afk ill be back latere
[15:39:20] [Async Chat Thread - #1/INFO]: [3:39 PM] <CreeperMKB> ok seya
[16:11:31] [User Authenticator #2/INFO]: UUID of player Borps is d6b1ba70-5e88-4d6c-8dff-2266dde50f0f
[16:11:32] [Server thread/INFO]: Borps joined the game
[16:11:32] [Server thread/INFO]: Borps[/2.0.0.10:53830] logged in with entity id 11297 at ([world]739.6235529814577, 63.0, 314.24695032916793)
[16:19:38] [Server thread/WARN]: Can't keep up! Is the server overloaded? Running 5069ms or 101 ticks behind
[16:22:51] [Server thread/INFO]: Borps issued server command: /day
[16:22:51] [Server thread/INFO]: /day
[16:22:51] [Server thread/INFO]: Borps issued mycmd command ID(2) /day
[16:22:51] [Server thread/INFO]: Borps issued server command: /time set day
[16:22:51] [Server thread/INFO]: /time
[16:22:51] [Server thread/INFO]: [Borps: Set the time to 1000]
[16:26:49] [Server thread/INFO]: [ProtocolLib] The updater found an update, and has readied it to be loaded the next time the server restarts/reloads.
[16:31:51] [Server thread/INFO]: Borps issued server command: /tardis comehere
[16:31:51] [Server thread/INFO]: /tardis
[16:39:17] [User Authenticator #3/INFO]: UUID of player TARDIS_360 is cc0b95b1-ed8e-4a9d-a6ed-61d807d09aee
[16:39:18] [Server thread/INFO]: TARDIS_360 joined the game
[16:39:18] [Server thread/INFO]: TARDIS_360[/73.154.210.58:54497] logged in with entity id 20192 at ([TARDIS_TimeVortex]501.97937464095384, 69.0, 1530.5927808505965)
[16:39:24] [Async Chat Thread - #2/INFO]: [4:39 PM] <CreeperMKB> hello
[16:39:27] [Async Chat Thread - #2/INFO]: [4:39 PM] [dummy] <TARDIS_360> HI MICHAEL
[16:39:37] [Async Chat Thread - #2/INFO]: [4:39 PM] <CreeperMKB> HIA
[16:40:02] [Async Chat Thread - #2/INFO]: [4:40 PM] <CreeperMKB> logan look at this
[16:40:17] [Async Chat Thread - #2/INFO]: [4:40 PM] <CreeperMKB> what do ya think so far
[16:40:18] [Async Chat Thread - #2/INFO]: [4:40 PM] [hot sister] <Lhendy51> this is super epic
[16:40:31] [Async Chat Thread - #2/INFO]: [4:40 PM] [hot sister] <Lhendy51> hop on the disc
[16:40:33] [Async Chat Thread - #2/INFO]: [4:40 PM] <CreeperMKB> thanks I still have a ways to go lol
[16:40:37] [Async Chat Thread - #2/INFO]: [4:40 PM] <CreeperMKB> ok
[16:40:40] [Async Chat Thread - #2/INFO]: [4:40 PM] [hot sister] <Lhendy51> ye keep it up
[16:41:21] [Server thread/INFO]: [@] GAVE 69 V-BUCKS TO Lhendy51
[16:42:35] [Server thread/WARN]: TARDIS_360 moved too quickly! 15.284947227441279,-0.7461092740512356,12.92740661159587
[16:42:55] [Server thread/INFO]: Borps issued server command: /gmsp
[16:42:55] [Server thread/INFO]: /gmsp
[16:42:55] [Server thread/INFO]: Borps issued mycmd command ID(7) /gmsp
[16:42:55] [Server thread/INFO]: Borps issued server command: /gamemode spectator
[16:42:55] [Server thread/INFO]: /gamemode
[16:42:55] [Server thread/INFO]: [Borps: Set own game mode to Spectator Mode]
[16:45:27] [Server thread/INFO]: CreeperMKB was blown up by Creeper
[16:48:10] [Server thread/INFO]: Borps issued server command: /gmc
[16:48:10] [Server thread/INFO]: /gmc
[16:48:10] [Server thread/INFO]: Borps issued mycmd command ID(6) /gmc
[16:48:10] [Server thread/INFO]: Borps issued server command: /gamemode creative
[16:48:10] [Server thread/INFO]: /gamemode
[16:48:10] [Server thread/INFO]: [Borps: Set own game mode to Creative Mode]
[16:48:25] [Async Chat Thread - #3/INFO]: [4:48 PM] <CreeperMKB> im passing over here
[16:48:37] [Async Chat Thread - #3/INFO]: [4:48 PM] [hot sister] <Lhendy51> this is no bueno
[16:50:15] [Server thread/INFO]: TARDIS_360 lost connection: Disconnected
[16:50:15] [Server thread/INFO]: TARDIS_360 left the game
[16:52:41] [User Authenticator #4/INFO]: UUID of player Austin_Powers_ is 33763e4d-26f0-433d-be7f-234836699127
[16:52:42] [Server thread/INFO]: Austin_Powers_ joined the game
[16:52:42] [Server thread/INFO]: Austin_Powers_[/73.154.194.210:53187] logged in with entity id 27933 at ([world]41.95639120077473, 69.5, 25.34251790986797)
[16:55:14] [Server thread/INFO]: Borps issued server command: /tardis save office
[16:55:14] [Server thread/INFO]: /tardis
[16:56:04] [Server thread/WARN]: Can't keep up! Is the server overloaded? Running 5328ms or 106 ticks behind
[16:56:04] [Server thread/WARN]: Lhendy51 moved too quickly! 0.18426400039038526,-19.466701512065537,2.1678234732037254
[16:58:22] [Server thread/INFO]: Austin_Powers_ lost connection: Timed out
[16:58:22] [Server thread/INFO]: Austin_Powers_ left the game
[17:04:14] [User Authenticator #5/INFO]: UUID of player BenDoesMusic is 19a02d34-63af-49e9-bfbc-7646e15ee022
[17:04:14] [Server thread/INFO]: BenDoesMusic joined the game
[17:04:14] [Server thread/INFO]: BenDoesMusic[/98.111.229.85:56875] logged in with entity id 33307 at ([world]151.5515677360523, 70.0, -1895.826621139186)
[17:06:41] [Server thread/INFO]: [@] GAVE 69 V-BUCKS TO Borps
[17:07:05] [Server thread/INFO]: BenDoesMusic issued server command: /tardis comehere
[17:07:05] [Server thread/INFO]: /tardis
[17:07:33] [Server thread/WARN]: Can't keep up! Is the server overloaded? Running 6073ms or 121 ticks behind
[17:08:32] [Server thread/INFO]: BenDoesMusic issued server command: /tardis save logan
[17:08:32] [Server thread/INFO]: /tardis
[17:09:04] [Server thread/INFO]: BenDoesMusic has made the advancement [Power hungry]
[17:09:04] [Server thread/INFO]: Granted the advancement [Power hungry] to BenDoesMusic
[17:11:42] [Server thread/INFO]: Borps issued server command: /tp BenDoesMusic
[17:11:42] [Server thread/INFO]: /tp
[17:11:42] [Server thread/INFO]: [Borps: Teleported Borps to BenDoesMusic]
[17:12:20] [Server thread/INFO]: Borps issued server command: /give BenDoesMusic minecraft:gold_block
[17:12:20] [Server thread/INFO]: /give
[17:12:20] [Server thread/INFO]: [Borps: Gave 1 [Block of Gold] to BenDoesMusic]
[17:12:55] [Paper Watchdog Thread/ERROR]: --- DO NOT REPORT THIS TO PAPER - THIS IS NOT A BUG OR A CRASH  - git-Paper-321 (MC: 1.15.2) ---
[17:12:55] [Paper Watchdog Thread/ERROR]: The server has not responded for 10 seconds! Creating thread dump
[17:12:55] [Paper Watchdog Thread/ERROR]: ------------------------------
[17:12:55] [Paper Watchdog Thread/ERROR]: Server thread dump (Look for plugins here before reporting to Paper!):
[17:12:55] [Paper Watchdog Thread/ERROR]: ------------------------------
[17:12:55] [Paper Watchdog Thread/ERROR]: Current Thread: Server thread
[17:12:55] [Paper Watchdog Thread/ERROR]: 	PID: 22 | Suspended: false | Native: false | State: BLOCKED
[17:12:55] [Paper Watchdog Thread/ERROR]: 	Stack:
[17:12:55] [Paper Watchdog Thread/ERROR]: 		app//org.sqlite.core.DB.prepare(DB.java:251)
[17:12:55] [Paper Watchdog Thread/ERROR]: 		app//org.sqlite.core.CorePreparedStatement.<init>(CorePreparedStatement.java:47)
[17:12:55] [Paper Watchdog Thread/ERROR]: 		app//org.sqlite.jdbc3.JDBC3PreparedStatement.<init>(JDBC3PreparedStatement.java:30)
[17:12:55] [Paper Watchdog Thread/ERROR]: 		app//org.sqlite.jdbc4.JDBC4PreparedStatement.<init>(JDBC4PreparedStatement.java:19)
[17:12:55] [Paper Watchdog Thread/ERROR]: 		app//org.sqlite.jdbc4.JDBC4Connection.prepareStatement(JDBC4Connection.java:35)
[17:12:55] [Paper Watchdog Thread/ERROR]: 		app//org.sqlite.jdbc3.JDBC3Connection.prepareStatement(JDBC3Connection.java:241)
[17:12:55] [Paper Watchdog Thread/ERROR]: 		app//org.sqlite.jdbc3.JDBC3Connection.prepareStatement(JDBC3Connection.java:205)
[17:12:55] [Paper Watchdog Thread/ERROR]: 		me.eccentric_nz.TARDIS.database.ResultSetTravellers.resultSet(ResultSetTravellers.java:82)
[17:12:55] [Paper Watchdog Thread/ERROR]: 		me.eccentric_nz.TARDIS.flight.TARDISHandbrakeListener.onInteract(TARDISHandbrakeListener.java:82)
[17:12:55] [Paper Watchdog Thread/ERROR]: 		com.destroystokyo.paper.event.executor.asm.generated.GeneratedEventExecutor171.execute(Unknown Source)
[17:12:55] [Paper Watchdog Thread/ERROR]: 		app//org.bukkit.plugin.EventExecutor.lambda$create$1(EventExecutor.java:69)
[17:12:55] [Paper Watchdog Thread/ERROR]: 		app//org.bukkit.plugin.EventExecutor$$Lambda$2921/0x0000000840aec840.execute(Unknown Source)
[17:12:55] [Paper Watchdog Thread/ERROR]: 		app//co.aikar.timings.TimedEventExecutor.execute(TimedEventExecutor.java:80)
[17:12:55] [Paper Watchdog Thread/ERROR]: 		app//org.bukkit.plugin.RegisteredListener.callEvent(RegisteredListener.java:70)
[17:12:55] [Paper Watchdog Thread/ERROR]: 		app//org.bukkit.plugin.SimplePluginManager.callEvent(SimplePluginManager.java:607)
[17:12:55] [Paper Watchdog Thread/ERROR]: 		app//org.bukkit.craftbukkit.v1_15_R1.event.CraftEventFactory.callPlayerInteractEvent(CraftEventFactory.java:471)
[17:12:55] [Paper Watchdog Thread/ERROR]: 		app//org.bukkit.craftbukkit.v1_15_R1.event.CraftEventFactory.callPlayerInteractEvent(CraftEventFactory.java:438)
[17:12:55] [Paper Watchdog Thread/ERROR]: 		app//net.minecraft.server.v1_15_R1.PlayerInteractManager.a(PlayerInteractManager.java:143)
[17:12:55] [Paper Watchdog Thread/ERROR]: 		app//net.minecraft.server.v1_15_R1.PlayerConnection.a(PlayerConnection.java:1359)
[17:12:55] [Paper Watchdog Thread/ERROR]: 		app//net.minecraft.server.v1_15_R1.PacketPlayInBlockDig.a(SourceFile:40)
[17:12:55] [Paper Watchdog Thread/ERROR]: 		app//net.minecraft.server.v1_15_R1.PacketPlayInBlockDig.a(SourceFile:10)
[17:12:55] [Paper Watchdog Thread/ERROR]: 		app//net.minecraft.server.v1_15_R1.PlayerConnectionUtils.lambda$ensureMainThread$0(PlayerConnectionUtils.java:23)
[17:12:55] [Paper Watchdog Thread/ERROR]: 		app//net.minecraft.server.v1_15_R1.PlayerConnectionUtils$$Lambda$4354/0x00000008412ff440.run(Unknown Source)
[17:12:55] [Paper Watchdog Thread/ERROR]: 		app//net.minecraft.server.v1_15_R1.TickTask.run(SourceFile:18)
[17:12:55] [Paper Watchdog Thread/ERROR]: 		app//net.minecraft.server.v1_15_R1.IAsyncTaskHandler.executeTask(IAsyncTaskHandler.java:136)
[17:12:55] [Paper Watchdog Thread/ERROR]: 		app//net.minecraft.server.v1_15_R1.IAsyncTaskHandlerReentrant.executeTask(SourceFile:23)
[17:12:55] [Paper Watchdog Thread/ERROR]: 		app//net.minecraft.server.v1_15_R1.IAsyncTaskHandler.executeNext(IAsyncTaskHandler.java:109)
[17:12:55] [Paper Watchdog Thread/ERROR]: 		app//net.minecraft.server.v1_15_R1.MinecraftServer.ba(MinecraftServer.java:1097)
[17:12:55] [Paper Watchdog Thread/ERROR]: 		app//net.minecraft.server.v1_15_R1.MinecraftServer.executeNext(MinecraftServer.java:1090)
[17:12:55] [Paper Watchdog Thread/ERROR]: 		app//net.minecraft.server.v1_15_R1.IAsyncTaskHandler.awaitTasks(IAsyncTaskHandler.java:119)
[17:12:55] [Paper Watchdog Thread/ERROR]: 		app//net.minecraft.server.v1_15_R1.MinecraftServer.sleepForTick(MinecraftServer.java:1051)
[17:12:55] [Paper Watchdog Thread/ERROR]: 		app//net.minecraft.server.v1_15_R1.MinecraftServer.run(MinecraftServer.java:966)
[17:12:55] [Paper Watchdog Thread/ERROR]: 		java.base@11.0.6/java.lang.Thread.run(Thread.java:834)
[17:12:55] [Paper Watchdog Thread/ERROR]: ------------------------------
[17:12:55] [Paper Watchdog Thread/ERROR]: --- DO NOT REPORT THIS TO PAPER - THIS IS NOT A BUG OR A CRASH ---
[17:12:55] [Paper Watchdog Thread/ERROR]: ------------------------------
[17:13:00] [Paper Watchdog Thread/ERROR]: --- DO NOT REPORT THIS TO PAPER - THIS IS NOT A BUG OR A CRASH  - git-Paper-321 (MC: 1.15.2) ---
[17:13:00] [Paper Watchdog Thread/ERROR]: The server has not responded for 15 seconds! Creating thread dump
[17:13:00] [Paper Watchdog Thread/ERROR]: ------------------------------
[17:13:00] [Paper Watchdog Thread/ERROR]: Server thread dump (Look for plugins here before reporting to Paper!):
[17:13:00] [Paper Watchdog Thread/ERROR]: ------------------------------
[17:13:00] [Paper Watchdog Thread/ERROR]: Current Thread: Server thread
[17:13:00] [Paper Watchdog Thread/ERROR]: 	PID: 22 | Suspended: false | Native: false | State: BLOCKED
[17:13:00] [Paper Watchdog Thread/ERROR]: 	Stack:
[17:13:00] [Paper Watchdog Thread/ERROR]: 		app//org.sqlite.core.NativeDB.reset(Native Method)
[17:13:00] [Paper Watchdog Thread/ERROR]: 		app//org.sqlite.jdbc3.JDBC3PreparedStatement.executeQuery(JDBC3PreparedStatement.java:75)
[17:13:00] [Paper Watchdog Thread/ERROR]: 		me.eccentric_nz.TARDIS.database.ResultSetTravellers.resultSet(ResultSetTravellers.java:95)
[17:13:00] [Paper Watchdog Thread/ERROR]: 		me.eccentric_nz.TARDIS.flight.TARDISHandbrakeListener.onInteract(TARDISHandbrakeListener.java:82)
[17:13:00] [Paper Watchdog Thread/ERROR]: 		com.destroystokyo.paper.event.executor.asm.generated.GeneratedEventExecutor171.execute(Unknown Source)
[17:13:00] [Paper Watchdog Thread/ERROR]: 		app//org.bukkit.plugin.EventExecutor.lambda$create$1(EventExecutor.java:69)
[17:13:00] [Paper Watchdog Thread/ERROR]: 		app//org.bukkit.plugin.EventExecutor$$Lambda$2921/0x0000000840aec840.execute(Unknown Source)
[17:13:00] [Paper Watchdog Thread/ERROR]: 		app//co.aikar.timings.TimedEventExecutor.execute(TimedEventExecutor.java:80)
[17:13:00] [Paper Watchdog Thread/ERROR]: 		app//org.bukkit.plugin.RegisteredListener.callEvent(RegisteredListener.java:70)
[17:13:00] [Paper Watchdog Thread/ERROR]: 		app//org.bukkit.plugin.SimplePluginManager.callEvent(SimplePluginManager.java:607)
[17:13:00] [Paper Watchdog Thread/ERROR]: 		app//org.bukkit.craftbukkit.v1_15_R1.event.CraftEventFactory.callPlayerInteractEvent(CraftEventFactory.java:471)
[17:13:00] [Paper Watchdog Thread/ERROR]: 		app//org.bukkit.craftbukkit.v1_15_R1.event.CraftEventFactory.callPlayerInteractEvent(CraftEventFactory.java:438)
[17:13:00] [Paper Watchdog Thread/ERROR]: 		app//net.minecraft.server.v1_15_R1.PlayerInteractManager.a(PlayerInteractManager.java:143)
[17:13:00] [Paper Watchdog Thread/ERROR]: 		app//net.minecraft.server.v1_15_R1.PlayerConnection.a(PlayerConnection.java:1359)
[17:13:00] [Paper Watchdog Thread/ERROR]: 		app//net.minecraft.server.v1_15_R1.PacketPlayInBlockDig.a(SourceFile:40)
[17:13:00] [Paper Watchdog Thread/ERROR]: 		app//net.minecraft.server.v1_15_R1.PacketPlayInBlockDig.a(SourceFile:10)
[17:13:00] [Paper Watchdog Thread/ERROR]: 		app//net.minecraft.server.v1_15_R1.PlayerConnectionUtils.lambda$ensureMainThread$0(PlayerConnectionUtils.java:23)
[17:13:00] [Paper Watchdog Thread/ERROR]: 		app//net.minecraft.server.v1_15_R1.PlayerConnectionUtils$$Lambda$4354/0x00000008412ff440.run(Unknown Source)
[17:13:00] [Paper Watchdog Thread/ERROR]: 		app//net.minecraft.server.v1_15_R1.TickTask.run(SourceFile:18)
[17:13:00] [Paper Watchdog Thread/ERROR]: 		app//net.minecraft.server.v1_15_R1.IAsyncTaskHandler.executeTask(IAsyncTaskHandler.java:136)
[17:13:00] [Paper Watchdog Thread/ERROR]: 		app//net.minecraft.server.v1_15_R1.IAsyncTaskHandlerReentrant.executeTask(SourceFile:23)
[17:13:00] [Paper Watchdog Thread/ERROR]: 		app//net.minecraft.server.v1_15_R1.IAsyncTaskHandler.executeNext(IAsyncTaskHandler.java:109)
[17:13:00] [Paper Watchdog Thread/ERROR]: 		app//net.minecraft.server.v1_15_R1.MinecraftServer.ba(MinecraftServer.java:1097)
[17:13:00] [Paper Watchdog Thread/ERROR]: 		app//net.minecraft.server.v1_15_R1.MinecraftServer.executeNext(MinecraftServer.java:1090)
[17:13:00] [Paper Watchdog Thread/ERROR]: 		app//net.minecraft.server.v1_15_R1.IAsyncTaskHandler.awaitTasks(IAsyncTaskHandler.java:119)
[17:13:00] [Paper Watchdog Thread/ERROR]: 		app//net.minecraft.server.v1_15_R1.MinecraftServer.sleepForTick(MinecraftServer.java:1051)
[17:13:00] [Paper Watchdog Thread/ERROR]: 		app//net.minecraft.server.v1_15_R1.MinecraftServer.run(MinecraftServer.java:966)
[17:13:00] [Paper Watchdog Thread/ERROR]: 		java.base@11.0.6/java.lang.Thread.run(Thread.java:834)
[17:13:00] [Paper Watchdog Thread/ERROR]: ------------------------------
[17:13:00] [Paper Watchdog Thread/ERROR]: --- DO NOT REPORT THIS TO PAPER - THIS IS NOT A BUG OR A CRASH ---
[17:13:00] [Paper Watchdog Thread/ERROR]: ------------------------------
[17:13:00] [Server thread/WARN]: Can't keep up! Is the server overloaded? Running 15087ms or 301 ticks behind
[17:13:01] [Server thread/WARN]: Lhendy51 moved too quickly! 4.540403318697827,-3.1942937317126106,13.450329830944042
[17:13:01] [Server thread/WARN]: Lhendy51 moved too quickly! -2.7188609451084176,-0.4315238452707266,10.395433815426031
[17:16:15] [Server thread/INFO]: Borps issued server command: /tp CreeperMKB
[17:16:15] [Server thread/INFO]: /tp
[17:16:15] [Server thread/INFO]: [Borps: Teleported Borps to CreeperMKB]
[17:18:05] [Server thread/INFO]: BenDoesMusic issued server command: /tp Borps
[17:18:05] [Server thread/INFO]: /tp
[17:18:05] [Server thread/INFO]: [BenDoesMusic: Teleported BenDoesMusic to Borps]
[17:18:43] [Server thread/INFO]: BenDoesMusic issued server command: /tp Lhendy51
[17:18:43] [Server thread/INFO]: /tp
[17:18:43] [Server thread/INFO]: [BenDoesMusic: Teleported BenDoesMusic to Lhendy51]
[17:18:49] [Server thread/INFO]: BenDoesMusic issued server command: /gamemode creative
[17:18:49] [Server thread/INFO]: /gamemode
[17:18:49] [Server thread/INFO]: [BenDoesMusic: Set own game mode to Creative Mode]
[17:18:53] [Server thread/INFO]: BenDoesMusic issued server command: /gamemode survival
[17:18:53] [Server thread/INFO]: /gamemode
[17:18:53] [Server thread/INFO]: [BenDoesMusic: Set own game mode to Survival Mode]
[17:19:19] [Server thread/INFO]: BenDoesMusic issued server command: /tp CreeperMKB
[17:19:19] [Server thread/INFO]: /tp
[17:19:19] [Server thread/INFO]: [BenDoesMusic: Teleported BenDoesMusic to CreeperMKB]
[17:19:42] [Server thread/INFO]: BenDoesMusic issued server command: /tardis comehere
[17:19:42] [Server thread/INFO]: /tardis
[17:20:08] [Server thread/WARN]: Can't keep up! Is the server overloaded? Running 7431ms or 148 ticks behind
[17:20:09] [Server thread/WARN]: BenDoesMusic moved too quickly! -11.447433455695403,0.0,5.745404260642097
[17:20:09] [Server thread/WARN]: Lhendy51 moved wrongly!
[17:20:23] [Server thread/INFO]: Borps issued server command: /tardisadmin reload
[17:20:23] [Server thread/INFO]: /tardisadmin
[17:20:30] [Server thread/INFO]: Borps issued server command: /tp BenDoesMusic
[17:20:30] [Server thread/INFO]: /tp
[17:20:30] [Server thread/INFO]: [Borps: Teleported Borps to BenDoesMusic]
[17:22:42] [Server thread/WARN]: Can't keep up! Is the server overloaded? Running 5385ms or 107 ticks behind
[17:23:24] [Server thread/INFO]: Lhendy51 issued server command: /gmsp
[17:23:24] [Server thread/INFO]: /gmsp
[17:23:24] [Server thread/INFO]: Lhendy51 issued mycmd command ID(7) /gmsp
[17:23:24] [Server thread/INFO]: Lhendy51 issued server command: /gamemode spectator
[17:23:24] [Server thread/INFO]: /gamemode
[17:23:24] [Server thread/INFO]: [Lhendy51: Set own game mode to Spectator Mode]
[17:23:47] [Server thread/INFO]: Lhendy51 issued server command: /gms
[17:23:47] [Server thread/INFO]: /gms
[17:23:47] [Server thread/INFO]: Lhendy51 issued mycmd command ID(5) /gms
[17:23:47] [Server thread/INFO]: Lhendy51 issued server command: /gamemode survival
[17:23:47] [Server thread/INFO]: /gamemode
[17:23:47] [Server thread/INFO]: [Lhendy51: Set own game mode to Survival Mode]
[17:23:52] [Server thread/INFO]: CreeperMKB lost connection: Disconnected
[17:23:52] [Server thread/INFO]: CreeperMKB left the game
[17:24:29] [Server thread/INFO]: Borps issued server command: /tardisadmin admin_bypass true
[17:24:29] [Server thread/INFO]: /tardisadmin
[17:26:31] [Server thread/ERROR]: Block at 505, 66, 4,596 is Block{minecraft:gray_concrete} but has net.minecraft.server.v1_15_R1.TileEntityBrewingStand@58d881d0. Bukkit will attempt to fix this, but there may be additional damage that we cannot recover.
[17:29:08] [Server thread/INFO]: Borps issued server command: /tardisprefs
[17:29:08] [Server thread/INFO]: /tardisprefs
[17:29:19] [Server thread/INFO]: Borps issued server command: /tardis?
[17:29:19] [Server thread/INFO]: /tardis?
[17:29:40] [Server thread/INFO]: Borps issued server command: /tardissay dookie
[17:29:40] [Server thread/INFO]: /tardissay
[17:29:52] [Server thread/INFO]: Borps issued server command: /tardissay ARABIC hi
[17:29:52] [Server thread/INFO]: /tardissay
[17:29:53] [Server thread/INFO]: [5:29 PM] [Administrator] <Borps> [TARDIS Universal Translator] مرحبا
[17:30:04] [Server thread/INFO]: BenDoesMusic issued server command: /tardis say bruh
[17:30:04] [Server thread/INFO]: /tardis
[17:30:14] [Server thread/INFO]: Borps issued server command: /tardis?
[17:30:14] [Server thread/INFO]: /tardis?
[17:30:28] [Server thread/INFO]: BenDoesMusic issued server command: /tardissay RUSSIAN bruh
[17:30:28] [Server thread/INFO]: /tardissay
[17:30:29] [Server thread/INFO]: [5:30 PM] [Leslie] <BenDoesMusic> [TARDIS Universal Translator] Брух
[17:32:15] [Server thread/INFO]: BenDoesMusic issued server command: /tardis add Borps
[17:32:15] [Server thread/INFO]: /tardis
[17:32:29] [Server thread/INFO]: Borps issued server command: /tardis add BenDoesMusic
[17:32:29] [Server thread/INFO]: /tardis
[17:33:14] [Server thread/WARN]: Can't keep up! Is the server overloaded? Running 6625ms or 132 ticks behind
[17:33:14] [Server thread/WARN]: Borps moved too quickly! -0.860320927645148,-0.9810356201475088,10.152705928046998
[17:33:36] [Server thread/INFO]: Borps issued server command: /give BenDoesMusic minecraft:gold_block
[17:33:36] [Server thread/INFO]: /give
[17:33:36] [Server thread/INFO]: [Borps: Gave 1 [Block of Gold] to BenDoesMusic]
[17:34:10] [Server thread/INFO]: Borps issued server command: /tardisadmin bypass
[17:34:10] [Server thread/INFO]: /tardisadmin
[17:34:17] [Server thread/INFO]: Borps issued server command: /tardisadmin admin_bypass
[17:34:17] [Server thread/INFO]: /tardisadmin
[17:34:30] [Server thread/INFO]: Borps issued server command: /tardisadminsudo
[17:34:30] [Server thread/INFO]: /tardisadminsudo
[17:34:30] [Server thread/ERROR]: null
org.bukkit.command.CommandException: Unhandled exception executing command 'tardisadminsudo' in plugin TARDIS v4.4.1-b2127
	at org.bukkit.command.PluginCommand.execute(PluginCommand.java:47) ~[patched_1.15.2.jar:git-Paper-321]
	at org.bukkit.command.SimpleCommandMap.dispatch(SimpleCommandMap.java:159) ~[patched_1.15.2.jar:git-Paper-321]
	at org.bukkit.craftbukkit.v1_15_R1.CraftServer.dispatchCommand(CraftServer.java:761) ~[patched_1.15.2.jar:git-Paper-321]
	at net.minecraft.server.v1_15_R1.PlayerConnection.handleCommand(PlayerConnection.java:1860) ~[patched_1.15.2.jar:git-Paper-321]
	at net.minecraft.server.v1_15_R1.PlayerConnection.a(PlayerConnection.java:1668) ~[patched_1.15.2.jar:git-Paper-321]
	at net.minecraft.server.v1_15_R1.PacketPlayInChat.a(PacketPlayInChat.java:47) ~[patched_1.15.2.jar:git-Paper-321]
	at net.minecraft.server.v1_15_R1.PacketPlayInChat.a(PacketPlayInChat.java:5) ~[patched_1.15.2.jar:git-Paper-321]
	at net.minecraft.server.v1_15_R1.PlayerConnectionUtils.lambda$ensureMainThread$0(PlayerConnectionUtils.java:23) ~[patched_1.15.2.jar:git-Paper-321]
	at net.minecraft.server.v1_15_R1.TickTask.run(SourceFile:18) ~[patched_1.15.2.jar:git-Paper-321]
	at net.minecraft.server.v1_15_R1.IAsyncTaskHandler.executeTask(IAsyncTaskHandler.java:136) ~[patched_1.15.2.jar:git-Paper-321]
	at net.minecraft.server.v1_15_R1.IAsyncTaskHandlerReentrant.executeTask(SourceFile:23) ~[patched_1.15.2.jar:git-Paper-321]
	at net.minecraft.server.v1_15_R1.IAsyncTaskHandler.executeNext(IAsyncTaskHandler.java:109) ~[patched_1.15.2.jar:git-Paper-321]
	at net.minecraft.server.v1_15_R1.MinecraftServer.ba(MinecraftServer.java:1097) ~[patched_1.15.2.jar:git-Paper-321]
	at net.minecraft.server.v1_15_R1.MinecraftServer.executeNext(MinecraftServer.java:1090) ~[patched_1.15.2.jar:git-Paper-321]
	at net.minecraft.server.v1_15_R1.IAsyncTaskHandler.executeAll(IAsyncTaskHandler.java:95) ~[patched_1.15.2.jar:git-Paper-321]
	at net.minecraft.server.v1_15_R1.MinecraftServer.a(MinecraftServer.java:1224) ~[patched_1.15.2.jar:git-Paper-321]
	at net.minecraft.server.v1_15_R1.MinecraftServer.run(MinecraftServer.java:962) ~[patched_1.15.2.jar:git-Paper-321]
	at java.lang.Thread.run(Thread.java:834) [?:?]
Caused by: java.lang.ArrayIndexOutOfBoundsException: Index 0 out of bounds for length 0
	at me.eccentric_nz.TARDIS.commands.sudo.TARDISSudoCommand.onCommand(TARDISSudoCommand.java:35) ~[?:?]
	at org.bukkit.command.PluginCommand.execute(PluginCommand.java:45) ~[patched_1.15.2.jar:git-Paper-321]
	... 17 more
[17:34:50] [Paper Watchdog Thread/ERROR]: --- DO NOT REPORT THIS TO PAPER - THIS IS NOT A BUG OR A CRASH  - git-Paper-321 (MC: 1.15.2) ---
[17:34:50] [Paper Watchdog Thread/ERROR]: The server has not responded for 10 seconds! Creating thread dump
[17:34:50] [Paper Watchdog Thread/ERROR]: ------------------------------
[17:34:50] [Paper Watchdog Thread/ERROR]: Server thread dump (Look for plugins here before reporting to Paper!):
[17:34:50] [Paper Watchdog Thread/ERROR]: ------------------------------
[17:34:50] [Paper Watchdog Thread/ERROR]: Current Thread: Server thread
[17:34:50] [Paper Watchdog Thread/ERROR]: 	PID: 22 | Suspended: false | Native: false | State: BLOCKED
[17:34:50] [Paper Watchdog Thread/ERROR]: 	Stack:
[17:34:50] [Paper Watchdog Thread/ERROR]: 		app//org.sqlite.core.DB.prepare(DB.java:251)
[17:34:50] [Paper Watchdog Thread/ERROR]: 		app//org.sqlite.core.CorePreparedStatement.<init>(CorePreparedStatement.java:47)
[17:34:50] [Paper Watchdog Thread/ERROR]: 		app//org.sqlite.jdbc3.JDBC3PreparedStatement.<init>(JDBC3PreparedStatement.java:30)
[17:34:50] [Paper Watchdog Thread/ERROR]: 		app//org.sqlite.jdbc4.JDBC4PreparedStatement.<init>(JDBC4PreparedStatement.java:19)
[17:34:50] [Paper Watchdog Thread/ERROR]: 		app//org.sqlite.jdbc4.JDBC4Connection.prepareStatement(JDBC4Connection.java:35)
[17:34:50] [Paper Watchdog Thread/ERROR]: 		app//org.sqlite.jdbc3.JDBC3Connection.prepareStatement(JDBC3Connection.java:241)
[17:34:50] [Paper Watchdog Thread/ERROR]: 		app//org.sqlite.jdbc3.JDBC3Connection.prepareStatement(JDBC3Connection.java:205)
[17:34:50] [Paper Watchdog Thread/ERROR]: 		me.eccentric_nz.TARDIS.database.ResultSetBlocks.resultSet(ResultSetBlocks.java:81)
[17:34:50] [Paper Watchdog Thread/ERROR]: 		me.eccentric_nz.TARDIS.listeners.TARDISBlockDamageListener.onPoliceBoxDamage(TARDISBlockDamageListener.java:69)
[17:34:50] [Paper Watchdog Thread/ERROR]: 		com.destroystokyo.paper.event.executor.asm.generated.GeneratedEventExecutor135.execute(Unknown Source)
[17:34:50] [Paper Watchdog Thread/ERROR]: 		app//org.bukkit.plugin.EventExecutor.lambda$create$1(EventExecutor.java:69)
[17:34:50] [Paper Watchdog Thread/ERROR]: 		app//org.bukkit.plugin.EventExecutor$$Lambda$2921/0x0000000840aec840.execute(Unknown Source)
[17:34:50] [Paper Watchdog Thread/ERROR]: 		app//co.aikar.timings.TimedEventExecutor.execute(TimedEventExecutor.java:80)
[17:34:50] [Paper Watchdog Thread/ERROR]: 		app//org.bukkit.plugin.RegisteredListener.callEvent(RegisteredListener.java:70)
[17:34:50] [Paper Watchdog Thread/ERROR]: 		app//org.bukkit.plugin.SimplePluginManager.callEvent(SimplePluginManager.java:607)
[17:34:50] [Paper Watchdog Thread/ERROR]: 		app//org.bukkit.craftbukkit.v1_15_R1.event.CraftEventFactory.callBlockDamageEvent(CraftEventFactory.java:539)
[17:34:50] [Paper Watchdog Thread/ERROR]: 		app//net.minecraft.server.v1_15_R1.PlayerInteractManager.a(PlayerInteractManager.java:207)
[17:34:50] [Paper Watchdog Thread/ERROR]: 		app//net.minecraft.server.v1_15_R1.PlayerConnection.a(PlayerConnection.java:1359)
[17:34:50] [Paper Watchdog Thread/ERROR]: 		app//net.minecraft.server.v1_15_R1.PacketPlayInBlockDig.a(SourceFile:40)
[17:34:50] [Paper Watchdog Thread/ERROR]: 		app//net.minecraft.server.v1_15_R1.PacketPlayInBlockDig.a(SourceFile:10)
[17:34:50] [Paper Watchdog Thread/ERROR]: 		app//net.minecraft.server.v1_15_R1.PlayerConnectionUtils.lambda$ensureMainThread$0(PlayerConnectionUtils.java:23)
[17:34:50] [Paper Watchdog Thread/ERROR]: 		app//net.minecraft.server.v1_15_R1.PlayerConnectionUtils$$Lambda$4354/0x00000008412ff440.run(Unknown Source)
[17:34:50] [Paper Watchdog Thread/ERROR]: 		app//net.minecraft.server.v1_15_R1.TickTask.run(SourceFile:18)
[17:34:50] [Paper Watchdog Thread/ERROR]: 		app//net.minecraft.server.v1_15_R1.IAsyncTaskHandler.executeTask(IAsyncTaskHandler.java:136)
[17:34:50] [Paper Watchdog Thread/ERROR]: 		app//net.minecraft.server.v1_15_R1.IAsyncTaskHandlerReentrant.executeTask(SourceFile:23)
[17:34:50] [Paper Watchdog Thread/ERROR]: 		app//net.minecraft.server.v1_15_R1.IAsyncTaskHandler.executeNext(IAsyncTaskHandler.java:109)
[17:34:50] [Paper Watchdog Thread/ERROR]: 		app//net.minecraft.server.v1_15_R1.MinecraftServer.ba(MinecraftServer.java:1097)
[17:34:50] [Paper Watchdog Thread/ERROR]: 		app//net.minecraft.server.v1_15_R1.MinecraftServer.executeNext(MinecraftServer.java:1090)
[17:34:50] [Paper Watchdog Thread/ERROR]: 		app//net.minecraft.server.v1_15_R1.IAsyncTaskHandler.awaitTasks(IAsyncTaskHandler.java:119)
[17:34:50] [Paper Watchdog Thread/ERROR]: 		app//net.minecraft.server.v1_15_R1.MinecraftServer.a(MinecraftServer.java:1164)
[17:34:50] [Paper Watchdog Thread/ERROR]: 		app//net.minecraft.server.v1_15_R1.MinecraftServer.run(MinecraftServer.java:962)
[17:34:50] [Paper Watchdog Thread/ERROR]: 		java.base@11.0.6/java.lang.Thread.run(Thread.java:834)
[17:34:50] [Paper Watchdog Thread/ERROR]: ------------------------------
[17:34:50] [Paper Watchdog Thread/ERROR]: --- DO NOT REPORT THIS TO PAPER - THIS IS NOT A BUG OR A CRASH ---
[17:34:50] [Paper Watchdog Thread/ERROR]: ------------------------------
[17:34:54] [Server thread/WARN]: Can't keep up! Is the server overloaded? Running 15591ms or 311 ticks behind
[17:34:55] [Server thread/WARN]: Borps moved too quickly! -51.224724113404086,2.669184374979494,-46.834693339813654
[17:34:55] [Server thread/WARN]: Lhendy51 moved wrongly!
[17:35:35] [Server thread/INFO]: Borps issued server command: /tardisadminsudo TARDIS_360 tardis add borps
[17:35:35] [Server thread/INFO]: /tardisadminsudo
[17:35:54] [Server thread/INFO]: Borps issued server command: /tardis add Borps
[17:35:54] [Server thread/INFO]: /tardis
[17:36:01] [Server thread/INFO]: Borps issued server command: /tardissudo off
[17:36:01] [Server thread/INFO]: /tardissudo
[17:36:12] [Server thread/INFO]: Borps issued server command: /thru
[17:36:12] [Server thread/INFO]: /thru
[17:36:18] [Server thread/INFO]: Borps issued server command: /thru
[17:36:18] [Server thread/INFO]: /thru
[17:36:36] [Server thread/INFO]: Borps issued server command: /tardisadminsudo TARDIS_360
[17:36:36] [Server thread/INFO]: /tardisadminsudo
[17:36:47] [Server thread/INFO]: Borps issued server command: /tardis inside
[17:36:47] [Server thread/INFO]: /tardis
[17:37:05] [Server thread/INFO]: Borps issued server command: /tardis transmat list
[17:37:05] [Server thread/INFO]: /tardis
[17:37:50] [Server thread/INFO]: BenDoesMusic issued server command: /tardis save hunter
[17:37:50] [Server thread/INFO]: /tardis
[17:38:31] [Server thread/INFO]: Borps issued server command: /tp BenDoesMusic
[17:38:31] [Server thread/INFO]: /tp
[17:38:31] [Server thread/INFO]: [Borps: Teleported Borps to BenDoesMusic]
[17:38:56] [Server thread/INFO]: Borps issued server command: /tardissudo off
[17:38:56] [Server thread/INFO]: /tardissudo
[17:39:11] [Server thread/INFO]: BenDoesMusic issued server command: /tardis save ender portal
[17:39:11] [Server thread/INFO]: /tardis
[17:39:16] [Server thread/INFO]: Borps issued server command: /tp BenDoesMusic Borps
[17:39:16] [Server thread/INFO]: /tp
[17:39:16] [Server thread/INFO]: [Borps: Teleported BenDoesMusic to Borps]
[17:39:30] [Server thread/INFO]: BenDoesMusic issued server command: /tp Borps
[17:39:30] [Server thread/INFO]: /tp
[17:39:30] [Server thread/INFO]: [BenDoesMusic: Teleported BenDoesMusic to Borps]
[17:39:44] [Server thread/INFO]: BenDoesMusic issued server command: /tardis save emi
[17:39:44] [Server thread/INFO]: /tardis
[17:40:20] [Server thread/INFO]: Borps issued server command: /tardis comehere
[17:40:20] [Server thread/INFO]: /tardis
[17:40:46] [Server thread/WARN]: Can't keep up! Is the server overloaded? Running 6360ms or 127 ticks behind
[17:40:46] [Server thread/WARN]: BenDoesMusic moved too quickly! -72.07285988267836,5.647533408905218,-49.78074895464084
[17:41:24] [Server thread/INFO]: Borps issued server command: /tardis save tardis_360
[17:41:24] [Server thread/INFO]: /tardis
[17:41:28] [Server thread/INFO]: BenDoesMusic issued server command: /tardis save ethan
[17:41:28] [Server thread/INFO]: /tardis
[17:42:32] [Server thread/WARN]: Can't keep up! Is the server overloaded? Running 6303ms or 126 ticks behind
[17:42:40] [Server thread/INFO]: BenDoesMusic issued server command: /tardis save codfather
[17:42:40] [Server thread/INFO]: /tardis
[17:43:33] [Server thread/WARN]: Can't keep up! Is the server overloaded? Running 5058ms or 101 ticks behind
[17:44:04] [Server thread/INFO]: Borps issued server command: /tardis comehere
[17:44:04] [Server thread/INFO]: /tardis
[17:44:58] [Server thread/INFO]: Borps issued server command: /tardis comehere
[17:44:58] [Server thread/INFO]: /tardis
[17:45:23] [Server thread/WARN]: Can't keep up! Is the server overloaded? Running 5886ms or 117 ticks behind
[17:45:25] [Server thread/WARN]: BenDoesMusic moved too quickly! 13.024452252685663,0.0,4.667664822888568
[17:46:10] [Server thread/WARN]: Can't keep up! Is the server overloaded? Running 6691ms or 133 ticks behind
[17:46:10] [Server thread/WARN]: Borps moved too quickly! -6.59271979679761,-1.0188359922251635,7.767641520745144
[17:46:10] [Server thread/WARN]: BenDoesMusic moved too quickly! -9.945171616823927,0.04353562014750878,-5.080038174083484
[17:46:41] [Server thread/INFO]: BenDoesMusic issued server command: /tardis save whitehouse
[17:46:41] [Server thread/INFO]: /tardis
[17:47:23] [Server thread/INFO]: Lhendy51 issued server command: /gmsp
[17:47:23] [Server thread/INFO]: /gmsp
[17:47:23] [Server thread/INFO]: Lhendy51 issued mycmd command ID(7) /gmsp
[17:47:23] [Server thread/INFO]: Lhendy51 issued server command: /gamemode spectator
[17:47:23] [Server thread/INFO]: /gamemode
[17:47:23] [Server thread/INFO]: [Lhendy51: Set own game mode to Spectator Mode]
[17:47:30] [Server thread/INFO]: Borps issued server command: /tardis comehere
[17:47:30] [Server thread/INFO]: /tardis
[17:47:35] [Server thread/INFO]: Lhendy51 issued server command: /gms
[17:47:35] [Server thread/INFO]: /gms
[17:47:36] [Server thread/INFO]: Lhendy51 issued mycmd command ID(5) /gms
[17:47:36] [Server thread/INFO]: Lhendy51 issued server command: /gamemode survival
[17:47:36] [Server thread/INFO]: /gamemode
[17:47:36] [Server thread/INFO]: [Lhendy51: Set own game mode to Survival Mode]
[17:47:46] [Server thread/WARN]: Lhendy51 moved too quickly! 6.192004635975536,-0.6044241013267033,-8.231963813841901
[17:48:00] [Server thread/WARN]: Can't keep up! Is the server overloaded? Running 10166ms or 203 ticks behind
[17:48:00] [Server thread/WARN]: Lhendy51 moved too quickly! -1.5154409571214273,3.2468000194787976,9.3798132275017
[17:48:11] [Server thread/WARN]: Lhendy51 moved too quickly! 8.061682001232839,3.0,6.060643065813849
[17:48:58] [Server thread/INFO]: Borps issued server command: /tardis save Lhendy51
[17:48:58] [Server thread/INFO]: /tardis
[17:49:01] [Server thread/INFO]: BenDoesMusic issued server command: /tardis save erik
[17:49:01] [Server thread/INFO]: /tardis
[17:49:21] [Server thread/INFO]: BenDoesMusic issued server command: /tardis comehere
[17:49:21] [Server thread/INFO]: /tardis
[17:49:58] [Server thread/WARN]: Can't keep up! Is the server overloaded? Running 9594ms or 191 ticks behind
[17:55:32] [Server thread/INFO]: Lhendy51 lost connection: Disconnected
[17:55:32] [Server thread/INFO]: Lhendy51 left the game
[17:55:37] [Async Chat Thread - #4/INFO]: [5:55 PM] [Administrator] <Borps> Stattenheim Remote
[17:56:24] [Server thread/INFO]: BenDoesMusic issued server command: /tardis save volcano
[17:56:24] [Server thread/INFO]: /tardis
[17:56:30] [Server thread/INFO]: BenDoesMusic issued server command: /tardis comehere
[17:56:30] [Server thread/INFO]: /tardis
[17:56:46] [Server thread/INFO]: Borps issued server command: /tremote
[17:56:46] [Server thread/INFO]: /tremote
[17:57:07] [Server thread/INFO]: Borps issued server command: /t comehere
[17:57:07] [Server thread/INFO]: /t
[17:57:07] [Server thread/INFO]: Borps issued mycmd command ID(13) /t comehere
[17:57:16] [Server thread/INFO]: Borps issued server command: /tardis comehere
[17:57:16] [Server thread/INFO]: /tardis
[17:57:30] [Server thread/INFO]: Borps issued server command: /tardisgive BenDoesMusic a-circuit
[17:57:30] [Server thread/INFO]: /tardisgive
[17:57:33] [Server thread/INFO]: Borps issued server command: /tardisgive BenDoesMusic a-circuit 1
[17:57:33] [Server thread/INFO]: /tardisgive
[17:57:42] [Server thread/WARN]: Can't keep up! Is the server overloaded? Running 6553ms or 131 ticks behind
[17:57:56] [Server thread/INFO]: Borps issued server command: /tardisgive BenDoesMusic arrow-circuit 1
[17:57:56] [Server thread/INFO]: /tardisgive
[17:58:29] [Server thread/INFO]: Borps issued server command: /tardisgive BenDoesMusic bio-circuit 1
[17:58:29] [Server thread/INFO]: /tardisgive
[18:00:49] [Server thread/INFO]: Borps issued server command: /gmsp
[18:00:49] [Server thread/INFO]: /gmsp
[18:00:49] [Server thread/INFO]: Borps issued mycmd command ID(7) /gmsp
[18:00:49] [Server thread/INFO]: Borps issued server command: /gamemode spectator
[18:00:49] [Server thread/INFO]: /gamemode
[18:00:49] [Server thread/INFO]: [Borps: Set own game mode to Spectator Mode]
[18:00:50] [Server thread/INFO]: BenDoesMusic issued server command: /gamemode spectator
[18:00:50] [Server thread/INFO]: /gamemode
[18:00:50] [Server thread/INFO]: [BenDoesMusic: Set own game mode to Spectator Mode]
[18:01:40] [Server thread/INFO]: BenDoesMusic issued server command: /gamemode survival
[18:01:40] [Server thread/INFO]: /gamemode
[18:01:40] [Server thread/INFO]: [BenDoesMusic: Set own game mode to Survival Mode]
[18:01:42] [Server thread/INFO]: Borps issued server command: /gmc
[18:01:42] [Server thread/INFO]: /gmc
[18:01:42] [Server thread/INFO]: Borps issued mycmd command ID(6) /gmc
[18:01:42] [Server thread/INFO]: Borps issued server command: /gamemode creative
[18:01:42] [Server thread/INFO]: /gamemode
[18:01:42] [Server thread/INFO]: [Borps: Set own game mode to Creative Mode]
[18:03:02] [Server thread/INFO]: Borps issued server command: /ts
[18:03:02] [Server thread/INFO]: /ts
[18:07:36] [Paper Watchdog Thread/ERROR]: --- DO NOT REPORT THIS TO PAPER - THIS IS NOT A BUG OR A CRASH  - git-Paper-321 (MC: 1.15.2) ---
[18:07:36] [Paper Watchdog Thread/ERROR]: The server has not responded for 10 seconds! Creating thread dump
[18:07:36] [Paper Watchdog Thread/ERROR]: ------------------------------
[18:07:36] [Paper Watchdog Thread/ERROR]: Server thread dump (Look for plugins here before reporting to Paper!):
[18:07:36] [Paper Watchdog Thread/ERROR]: ------------------------------
[18:07:36] [Paper Watchdog Thread/ERROR]: Current Thread: Server thread
[18:07:36] [Paper Watchdog Thread/ERROR]: 	PID: 22 | Suspended: false | Native: false | State: BLOCKED
[18:07:36] [Paper Watchdog Thread/ERROR]: 	Stack:
[18:07:36] [Paper Watchdog Thread/ERROR]: 		app//org.sqlite.core.DB.prepare(DB.java:251)
[18:07:36] [Paper Watchdog Thread/ERROR]: 		app//org.sqlite.jdbc3.JDBC3Statement.executeQuery(JDBC3Statement.java:73)
[18:07:36] [Paper Watchdog Thread/ERROR]: 		me.eccentric_nz.TARDIS.database.ResultSetOccupied.resultSet(ResultSetOccupied.java:68)
[18:07:36] [Paper Watchdog Thread/ERROR]: 		me.eccentric_nz.TARDIS.control.TARDISControlRunnable.run(TARDISControlRunnable.java:43)
[18:07:36] [Paper Watchdog Thread/ERROR]: 		app//org.bukkit.craftbukkit.v1_15_R1.scheduler.CraftTask.run(CraftTask.java:84)
[18:07:36] [Paper Watchdog Thread/ERROR]: 		app//org.bukkit.craftbukkit.v1_15_R1.scheduler.CraftScheduler.mainThreadHeartbeat(CraftScheduler.java:461)
[18:07:36] [Paper Watchdog Thread/ERROR]: 		app//net.minecraft.server.v1_15_R1.MinecraftServer.b(MinecraftServer.java:1256)
[18:07:36] [Paper Watchdog Thread/ERROR]: 		app//net.minecraft.server.v1_15_R1.DedicatedServer.b(DedicatedServer.java:430)
[18:07:36] [Paper Watchdog Thread/ERROR]: 		app//net.minecraft.server.v1_15_R1.MinecraftServer.a(MinecraftServer.java:1173)
[18:07:36] [Paper Watchdog Thread/ERROR]: 		app//net.minecraft.server.v1_15_R1.MinecraftServer.run(MinecraftServer.java:962)
[18:07:36] [Paper Watchdog Thread/ERROR]: 		java.base@11.0.6/java.lang.Thread.run(Thread.java:834)
[18:07:36] [Paper Watchdog Thread/ERROR]: ------------------------------
[18:07:36] [Paper Watchdog Thread/ERROR]: --- DO NOT REPORT THIS TO PAPER - THIS IS NOT A BUG OR A CRASH ---
[18:07:36] [Paper Watchdog Thread/ERROR]: ------------------------------
[18:07:41] [Paper Watchdog Thread/ERROR]: --- DO NOT REPORT THIS TO PAPER - THIS IS NOT A BUG OR A CRASH  - git-Paper-321 (MC: 1.15.2) ---
[18:07:41] [Paper Watchdog Thread/ERROR]: The server has not responded for 15 seconds! Creating thread dump
[18:07:41] [Paper Watchdog Thread/ERROR]: ------------------------------
[18:07:41] [Paper Watchdog Thread/ERROR]: Server thread dump (Look for plugins here before reporting to Paper!):
[18:07:41] [Paper Watchdog Thread/ERROR]: ------------------------------
[18:07:41] [Paper Watchdog Thread/ERROR]: Current Thread: Server thread
[18:07:41] [Paper Watchdog Thread/ERROR]: 	PID: 22 | Suspended: false | Native: false | State: BLOCKED
[18:07:41] [Paper Watchdog Thread/ERROR]: 	Stack:
[18:07:41] [Paper Watchdog Thread/ERROR]: 		app//org.sqlite.core.DB.prepare(DB.java:251)
[18:07:41] [Paper Watchdog Thread/ERROR]: 		app//org.sqlite.jdbc3.JDBC3Statement.executeQuery(JDBC3Statement.java:73)
[18:07:41] [Paper Watchdog Thread/ERROR]: 		me.eccentric_nz.TARDIS.database.ResultSetOccupied.resultSet(ResultSetOccupied.java:68)
[18:07:41] [Paper Watchdog Thread/ERROR]: 		me.eccentric_nz.TARDIS.control.TARDISControlRunnable.run(TARDISControlRunnable.java:43)
[18:07:41] [Paper Watchdog Thread/ERROR]: 		app//org.bukkit.craftbukkit.v1_15_R1.scheduler.CraftTask.run(CraftTask.java:84)
[18:07:41] [Paper Watchdog Thread/ERROR]: 		app//org.bukkit.craftbukkit.v1_15_R1.scheduler.CraftScheduler.mainThreadHeartbeat(CraftScheduler.java:461)
[18:07:41] [Paper Watchdog Thread/ERROR]: 		app//net.minecraft.server.v1_15_R1.MinecraftServer.b(MinecraftServer.java:1256)
[18:07:41] [Paper Watchdog Thread/ERROR]: 		app//net.minecraft.server.v1_15_R1.DedicatedServer.b(DedicatedServer.java:430)
[18:07:41] [Paper Watchdog Thread/ERROR]: 		app//net.minecraft.server.v1_15_R1.MinecraftServer.a(MinecraftServer.java:1173)
[18:07:41] [Paper Watchdog Thread/ERROR]: 		app//net.minecraft.server.v1_15_R1.MinecraftServer.run(MinecraftServer.java:962)
[18:07:41] [Paper Watchdog Thread/ERROR]: 		java.base@11.0.6/java.lang.Thread.run(Thread.java:834)
[18:07:41] [Paper Watchdog Thread/ERROR]: ------------------------------
[18:07:41] [Paper Watchdog Thread/ERROR]: --- DO NOT REPORT THIS TO PAPER - THIS IS NOT A BUG OR A CRASH ---
[18:07:41] [Paper Watchdog Thread/ERROR]: ------------------------------
[18:07:43] [Server thread/WARN]: Can't keep up! Is the server overloaded? Running 16732ms or 334 ticks behind
[18:07:43] [Server thread/INFO]: BenDoesMusic issued server command: /gamemode spectator
[18:07:43] [Server thread/INFO]: /gamemode
[18:07:43] [Server thread/INFO]: [BenDoesMusic: Set own game mode to Spectator Mode]
[18:08:04] [Server thread/INFO]: BenDoesMusic issued server command: /gamemode survival
[18:08:04] [Server thread/INFO]: /gamemode
[18:08:04] [Server thread/INFO]: [BenDoesMusic: Set own game mode to Survival Mode]
[18:10:10] [Server thread/INFO]: Borps issued server command: /tardis comehere
[18:10:10] [Server thread/INFO]: /tardis
[18:10:11] [Server thread/INFO]: BenDoesMusic issued server command: /tardis removesave ethan
[18:10:11] [Server thread/INFO]: /tardis
[18:10:14] [Server thread/INFO]: BenDoesMusic issued server command: /tardis removesave hunter
[18:10:14] [Server thread/INFO]: /tardis
[18:10:17] [Server thread/INFO]: BenDoesMusic issued server command: /tardis removesave whitehouse
[18:10:17] [Server thread/INFO]: /tardis
[18:10:21] [Server thread/INFO]: BenDoesMusic issued server command: /tardis removesave codfather
[18:10:21] [Server thread/INFO]: /tardis
[18:10:24] [Server thread/INFO]: BenDoesMusic issued server command: /tardis removesave ender
[18:10:24] [Server thread/INFO]: /tardis
[18:10:43] [Paper Watchdog Thread/ERROR]: --- DO NOT REPORT THIS TO PAPER - THIS IS NOT A BUG OR A CRASH  - git-Paper-321 (MC: 1.15.2) ---
[18:10:43] [Paper Watchdog Thread/ERROR]: The server has not responded for 10 seconds! Creating thread dump
[18:10:43] [Paper Watchdog Thread/ERROR]: ------------------------------
[18:10:43] [Paper Watchdog Thread/ERROR]: Server thread dump (Look for plugins here before reporting to Paper!):
[18:10:43] [Paper Watchdog Thread/ERROR]: ------------------------------
[18:10:43] [Paper Watchdog Thread/ERROR]: Current Thread: Server thread
[18:10:43] [Paper Watchdog Thread/ERROR]: 	PID: 22 | Suspended: false | Native: false | State: BLOCKED
[18:10:43] [Paper Watchdog Thread/ERROR]: 	Stack:
[18:10:43] [Paper Watchdog Thread/ERROR]: 		app//org.sqlite.core.NativeDB.column_int(Native Method)
[18:10:43] [Paper Watchdog Thread/ERROR]: 		app//org.sqlite.jdbc3.JDBC3ResultSet.getInt(JDBC3ResultSet.java:401)
[18:10:43] [Paper Watchdog Thread/ERROR]: 		app//org.sqlite.jdbc3.JDBC3ResultSet.getInt(JDBC3ResultSet.java:408)
[18:10:43] [Paper Watchdog Thread/ERROR]: 		me.eccentric_nz.TARDIS.database.ResultSetOccupied.resultSet(ResultSetOccupied.java:71)
[18:10:43] [Paper Watchdog Thread/ERROR]: 		me.eccentric_nz.TARDIS.control.TARDISControlRunnable.run(TARDISControlRunnable.java:43)
[18:10:43] [Paper Watchdog Thread/ERROR]: 		app//org.bukkit.craftbukkit.v1_15_R1.scheduler.CraftTask.run(CraftTask.java:84)
[18:10:43] [Paper Watchdog Thread/ERROR]: 		app//org.bukkit.craftbukkit.v1_15_R1.scheduler.CraftScheduler.mainThreadHeartbeat(CraftScheduler.java:461)
[18:10:43] [Paper Watchdog Thread/ERROR]: 		app//net.minecraft.server.v1_15_R1.MinecraftServer.b(MinecraftServer.java:1256)
[18:10:43] [Paper Watchdog Thread/ERROR]: 		app//net.minecraft.server.v1_15_R1.DedicatedServer.b(DedicatedServer.java:430)
[18:10:43] [Paper Watchdog Thread/ERROR]: 		app//net.minecraft.server.v1_15_R1.MinecraftServer.a(MinecraftServer.java:1173)
[18:10:43] [Paper Watchdog Thread/ERROR]: 		app//net.minecraft.server.v1_15_R1.MinecraftServer.run(MinecraftServer.java:962)
[18:10:43] [Paper Watchdog Thread/ERROR]: 		java.base@11.0.6/java.lang.Thread.run(Thread.java:834)
[18:10:43] [Paper Watchdog Thread/ERROR]: ------------------------------
[18:10:43] [Paper Watchdog Thread/ERROR]: --- DO NOT REPORT THIS TO PAPER - THIS IS NOT A BUG OR A CRASH ---
[18:10:43] [Paper Watchdog Thread/ERROR]: ------------------------------
[18:10:45] [Server thread/WARN]: Can't keep up! Is the server overloaded? Running 12666ms or 253 ticks behind
[18:10:45] [Server thread/INFO]: BenDoesMusic issued server command: /tardis removesave emi
[18:10:45] [Server thread/INFO]: /tardis
[18:10:45] [Server thread/INFO]: BenDoesMusic issued server command: /tardis removesave erik
[18:10:45] [Server thread/INFO]: /tardis
[18:10:51] [Server thread/INFO]: Borps issued server command: /tps
[18:10:51] [Server thread/INFO]: /tps
[18:10:54] [Server thread/INFO]: BenDoesMusic issued server command: /tardis removesave volcano
[18:10:54] [Server thread/INFO]: /tardis
[18:11:44] [Server thread/WARN]: Can't keep up! Is the server overloaded? Running 9059ms or 181 ticks behind
[18:11:44] [Server thread/WARN]: Borps moved too quickly! -2.4006232958877476,1.2531999805212024,13.711645345424472
[18:11:53] [Server thread/INFO]: Borps issued server command: /tp BenDoesMusic
[18:11:53] [Server thread/INFO]: /tp
[18:11:53] [Server thread/INFO]: [Borps: Teleported Borps to BenDoesMusic]
[18:12:32] [Async Chat Thread - #5/INFO]: [6:12 PM] [Administrator] <Borps> 745 321
[18:13:21] [Server thread/WARN]: Can't keep up! Is the server overloaded? Running 7070ms or 141 ticks behind
[18:14:00] [Server thread/INFO]: [@] GAVE 69 V-BUCKS TO Borps
[18:14:17] [Server thread/INFO]: BenDoesMusic issued server command: /tardis save braydon
[18:14:17] [Server thread/INFO]: /tardis
[18:14:21] [Server thread/INFO]: BenDoesMusic issued server command: /tardis comehere
[18:14:21] [Server thread/INFO]: /tardis
[18:14:46] [Server thread/WARN]: Borps moved too quickly! 19.43460788890866,4.724762990530991,-4.690768412491671
[18:15:31] [Server thread/INFO]: BenDoesMusic issued server command: /tardis removesave braydon
[18:15:31] [Server thread/INFO]: /tardis
[18:16:06] [Server thread/INFO]: BenDoesMusic issued server command: /tardis save braydon
[18:16:06] [Server thread/INFO]: /tardis
[18:17:19] [Server thread/INFO]: BenDoesMusic issued server command: /tardis comehere
[18:17:19] [Server thread/INFO]: /tardis
[18:17:51] [Server thread/WARN]: Can't keep up! Is the server overloaded? Running 9800ms or 196 ticks behind
[18:18:10] [Server thread/INFO]: BenDoesMusic issued server command: /tardis save netherhub
[18:18:10] [Server thread/INFO]: /tardis
[18:18:59] [Server thread/INFO]: BenDoesMusic issued server command: /tardis comehere
[18:18:59] [Server thread/INFO]: /tardis
[18:20:32] [Server thread/INFO]: BenDoesMusic issued server command: /tardis comehere
[18:20:32] [Server thread/INFO]: /tardis
[18:20:58] [Server thread/WARN]: Can't keep up! Is the server overloaded? Running 7088ms or 141 ticks behind
[18:20:58] [Server thread/WARN]: Borps moved too quickly! -10.011649900178481,2.446947937232963,1.293638398782516
[18:21:18] [Server thread/INFO]: BenDoesMusic issued server command: /tardis save enderportal
[18:21:18] [Server thread/INFO]: /tardis
[18:22:02] [Server thread/WARN]: Borps moved too quickly! 10.551986785608648,-6.738792348720267,25.246744017010876
[18:23:23] [Server thread/INFO]: Borps lost connection: Disconnected
[18:23:23] [Server thread/INFO]: Borps left the game
[18:23:28] [User Authenticator #6/INFO]: UUID of player Borps is d6b1ba70-5e88-4d6c-8dff-2266dde50f0f
[18:23:28] [Server thread/INFO]: Borps joined the game
[18:23:29] [Server thread/INFO]: Borps[/2.0.0.10:59065] logged in with entity id 65812 at ([world]-4.0936859288782115, 80.14300443114467, 20.852739893457837)
[18:24:18] [Paper Watchdog Thread/ERROR]: --- DO NOT REPORT THIS TO PAPER - THIS IS NOT A BUG OR A CRASH  - git-Paper-321 (MC: 1.15.2) ---
[18:24:18] [Paper Watchdog Thread/ERROR]: The server has not responded for 10 seconds! Creating thread dump
[18:24:18] [Paper Watchdog Thread/ERROR]: ------------------------------
[18:24:18] [Paper Watchdog Thread/ERROR]: Server thread dump (Look for plugins here before reporting to Paper!):
[18:24:18] [Paper Watchdog Thread/ERROR]: ------------------------------
[18:24:18] [Paper Watchdog Thread/ERROR]: Current Thread: Server thread
[18:24:18] [Paper Watchdog Thread/ERROR]: 	PID: 22 | Suspended: false | Native: false | State: BLOCKED
[18:24:18] [Paper Watchdog Thread/ERROR]: 	Stack:
[18:24:18] [Paper Watchdog Thread/ERROR]: 		app//org.sqlite.core.NativeDB.column_int(Native Method)
[18:24:18] [Paper Watchdog Thread/ERROR]: 		app//org.sqlite.jdbc3.JDBC3ResultSet.getInt(JDBC3ResultSet.java:401)
[18:24:18] [Paper Watchdog Thread/ERROR]: 		app//org.sqlite.jdbc3.JDBC3ResultSet.getInt(JDBC3ResultSet.java:408)
[18:24:18] [Paper Watchdog Thread/ERROR]: 		me.eccentric_nz.TARDIS.database.ResultSetOccupied.resultSet(ResultSetOccupied.java:71)
[18:24:18] [Paper Watchdog Thread/ERROR]: 		me.eccentric_nz.TARDIS.control.TARDISControlRunnable.run(TARDISControlRunnable.java:43)
[18:24:18] [Paper Watchdog Thread/ERROR]: 		app//org.bukkit.craftbukkit.v1_15_R1.scheduler.CraftTask.run(CraftTask.java:84)
[18:24:18] [Paper Watchdog Thread/ERROR]: 		app//org.bukkit.craftbukkit.v1_15_R1.scheduler.CraftScheduler.mainThreadHeartbeat(CraftScheduler.java:461)
[18:24:18] [Paper Watchdog Thread/ERROR]: 		app//net.minecraft.server.v1_15_R1.MinecraftServer.b(MinecraftServer.java:1256)
[18:24:18] [Paper Watchdog Thread/ERROR]: 		app//net.minecraft.server.v1_15_R1.DedicatedServer.b(DedicatedServer.java:430)
[18:24:18] [Paper Watchdog Thread/ERROR]: 		app//net.minecraft.server.v1_15_R1.MinecraftServer.a(MinecraftServer.java:1173)
[18:24:18] [Paper Watchdog Thread/ERROR]: 		app//net.minecraft.server.v1_15_R1.MinecraftServer.run(MinecraftServer.java:962)
[18:24:18] [Paper Watchdog Thread/ERROR]: 		java.base@11.0.6/java.lang.Thread.run(Thread.java:834)
[18:24:18] [Paper Watchdog Thread/ERROR]: ------------------------------
[18:24:18] [Paper Watchdog Thread/ERROR]: --- DO NOT REPORT THIS TO PAPER - THIS IS NOT A BUG OR A CRASH ---
[18:24:18] [Paper Watchdog Thread/ERROR]: ------------------------------
[18:24:23] [Paper Watchdog Thread/ERROR]: --- DO NOT REPORT THIS TO PAPER - THIS IS NOT A BUG OR A CRASH  - git-Paper-321 (MC: 1.15.2) ---
[18:24:23] [Paper Watchdog Thread/ERROR]: The server has not responded for 15 seconds! Creating thread dump
[18:24:23] [Paper Watchdog Thread/ERROR]: ------------------------------
[18:24:23] [Paper Watchdog Thread/ERROR]: Server thread dump (Look for plugins here before reporting to Paper!):
[18:24:23] [Paper Watchdog Thread/ERROR]: ------------------------------
[18:24:23] [Paper Watchdog Thread/ERROR]: Current Thread: Server thread
[18:24:23] [Paper Watchdog Thread/ERROR]: 	PID: 22 | Suspended: false | Native: false | State: BLOCKED
[18:24:23] [Paper Watchdog Thread/ERROR]: 	Stack:
[18:24:23] [Paper Watchdog Thread/ERROR]: 		app//org.sqlite.core.NativeDB.column_int(Native Method)
[18:24:23] [Paper Watchdog Thread/ERROR]: 		app//org.sqlite.jdbc3.JDBC3ResultSet.getInt(JDBC3ResultSet.java:401)
[18:24:23] [Paper Watchdog Thread/ERROR]: 		app//org.sqlite.jdbc3.JDBC3ResultSet.getInt(JDBC3ResultSet.java:408)
[18:24:23] [Paper Watchdog Thread/ERROR]: 		me.eccentric_nz.TARDIS.database.ResultSetOccupied.resultSet(ResultSetOccupied.java:71)
[18:24:23] [Paper Watchdog Thread/ERROR]: 		me.eccentric_nz.TARDIS.control.TARDISControlRunnable.run(TARDISControlRunnable.java:43)
[18:24:23] [Paper Watchdog Thread/ERROR]: 		app//org.bukkit.craftbukkit.v1_15_R1.scheduler.CraftTask.run(CraftTask.java:84)
[18:24:23] [Paper Watchdog Thread/ERROR]: 		app//org.bukkit.craftbukkit.v1_15_R1.scheduler.CraftScheduler.mainThreadHeartbeat(CraftScheduler.java:461)
[18:24:23] [Paper Watchdog Thread/ERROR]: 		app//net.minecraft.server.v1_15_R1.MinecraftServer.b(MinecraftServer.java:1256)
[18:24:23] [Paper Watchdog Thread/ERROR]: 		app//net.minecraft.server.v1_15_R1.DedicatedServer.b(DedicatedServer.java:430)
[18:24:23] [Paper Watchdog Thread/ERROR]: 		app//net.minecraft.server.v1_15_R1.MinecraftServer.a(MinecraftServer.java:1173)
[18:24:23] [Paper Watchdog Thread/ERROR]: 		app//net.minecraft.server.v1_15_R1.MinecraftServer.run(MinecraftServer.java:962)
[18:24:23] [Paper Watchdog Thread/ERROR]: 		java.base@11.0.6/java.lang.Thread.run(Thread.java:834)
[18:24:23] [Paper Watchdog Thread/ERROR]: ------------------------------
[18:24:23] [Paper Watchdog Thread/ERROR]: --- DO NOT REPORT THIS TO PAPER - THIS IS NOT A BUG OR A CRASH ---
[18:24:23] [Paper Watchdog Thread/ERROR]: ------------------------------
[18:24:25] [Server thread/WARN]: Can't keep up! Is the server overloaded? Running 16717ms or 334 ticks behind
