[00:04:08] [Server thread/INFO]: [Server Log]: The folder 'plugins/ServerLog/Compiled Log' has been created...
[00:04:08] [Server thread/INFO]: [Server Log]: The folder 'plugins/ServerLog/Server Information' has been created...
[00:04:08] [Server thread/INFO]: [Server Log]: The folder 'plugins/ServerLog/Server Information/TPS' has been created...
[00:04:08] [Server thread/INFO]: [Server Log]: The folder 'plugins/ServerLog/Server Information/Ram Usage' has been created...
[00:04:08] [Server thread/INFO]: [Server Log]: The folder 'plugins/ServerLog/Server Information/Player Count' has been created...
[00:04:08] [Server thread/INFO]: [Server Log]: The folder 'plugins/ServerLog/Server Information/Entity Count' has been created...
[00:04:08] [Server thread/INFO]: [Server Log]: The folder 'plugins/ServerLog/Server Information/Entity Count/world' has been created...
[00:04:08] [Server thread/INFO]: [Server Log]: The folder 'plugins/ServerLog/Server Information/Entity Count/world_nether' has been created...
[00:04:08] [Server thread/INFO]: [Server Log]: The folder 'plugins/ServerLog/Server Information/Entity Count/world_the_end' has been created...
[00:04:08] [Server thread/INFO]: [Server Log]: The folder 'plugins/ServerLog/Server Information/Chunks Loaded' has been created...
[00:04:08] [Server thread/INFO]: [Server Log]: The folder 'plugins/ServerLog/Server Information/Chunks Loaded/world' has been created...
[00:04:08] [Server thread/INFO]: [Server Log]: The folder 'plugins/ServerLog/Server Information/Chunks Loaded/world_nether' has been created...
[00:04:08] [Server thread/INFO]: [Server Log]: The folder 'plugins/ServerLog/Server Information/Chunks Loaded/world_the_end' has been created...
[00:04:08] [Server thread/INFO]: [Server Log]: The folder 'plugins/ServerLog/Activity' has been created...
[00:04:08] [Server thread/INFO]: [Server Log]: The folder 'plugins/ServerLog/Activity/Player Join' has been created...
[00:04:08] [Server thread/INFO]: [Server Log]: The folder 'plugins/ServerLog/Activity/Player Quit' has been created...
[00:04:08] [Server thread/INFO]: [Server Log]: The folder 'plugins/ServerLog/Activity/Player Kick' has been created...
[00:04:08] [Server thread/INFO]: [Server Log]: The folder 'plugins/ServerLog/Blocks' has been created...
[00:04:08] [Server thread/INFO]: [Server Log]: The folder 'plugins/ServerLog/Blocks/Block Place' has been created...
[00:04:08] [Server thread/INFO]: [Server Log]: The folder 'plugins/ServerLog/Blocks/Block Break' has been created...
[00:04:08] [Server thread/INFO]: [Server Log]: The folder 'plugins/ServerLog/Blocks/Empty Bucket' has been created...
[00:04:08] [Server thread/INFO]: [Server Log]: The folder 'plugins/ServerLog/Chat' has been created...
[00:04:08] [Server thread/INFO]: [Server Log]: The folder 'plugins/ServerLog/Commands' has been created...
[00:04:08] [Server thread/INFO]: [Server Log]: The folder 'plugins/ServerLog/Items' has been created...
[00:04:08] [Server thread/INFO]: [Server Log]: The folder 'plugins/ServerLog/Items/Item Pickup' has been created...
[00:04:08] [Server thread/INFO]: [Server Log]: The folder 'plugins/ServerLog/Items/Item Drop' has been created...
[00:04:08] [Server thread/INFO]: [Server Log]: The folder 'plugins/ServerLog/Players' has been created...
[00:04:08] [Server thread/INFO]: [Server Log]: The folder 'plugins/ServerLog/Players/Death' has been created...
[00:04:08] [Server thread/INFO]: [Server Log]: The folder 'plugins/ServerLog/Players/Spawn Mob Egg' has been created...
[00:04:08] [Server thread/INFO]: [Server Log]: The folder 'plugins/ServerLog/Players/Gamemode Change' has been created...
[00:04:08] [Server thread/INFO]: [Server Log]: The folder 'plugins/ServerLog/Players/Respawn' has been created...
[00:04:08] [Server thread/INFO]: [Server Log]: The folder 'plugins/ServerLog/Players/Teleport' has been created...
[00:04:08] [Server thread/INFO]: [Server Log]: The folder 'plugins/ServerLog/Custom APIs' has been created...
[00:04:08] [Server thread/INFO]: [Server Log]: The folder 'plugins/ServerLog/Custom APIs/Vouchers' has been created...
[00:04:08] [Server thread/INFO]: [Server Log]: All files have been initiated...
[00:11:59] [Server thread/WARN]: ya_boi_ehoff moved too quickly! -9.404970087535464,0.02442408821369213,3.5346790450031733
[00:12:01] [Server thread/WARN]: ya_boi_ehoff moved wrongly!
[00:16:56] [User Authenticator #77/INFO]: UUID of player ya_boi_ehoff is 29b09d36-7241-4ab4-b9bd-5a997e40a06b
[00:16:56] [Server thread/INFO]: ya_boi_ehoff lost connection: You logged in from another location
[00:16:56] [Server thread/INFO]: ya_boi_ehoff left the game
[00:16:56] [Server thread/INFO]: ya_boi_ehoff joined the game
[00:16:56] [Server thread/INFO]: ya_boi_ehoff[/173.233.15.90:49591] logged in with entity id 605332 at ([world]17.122975979058708, 62.0, 69.52304676828612)
[00:16:56] [Server thread/WARN]: handleDisconnection() called twice
[00:21:02] [Server thread/INFO]: ya_boi_ehoff lost connection: Disconnected
[00:21:02] [Server thread/INFO]: ya_boi_ehoff left the game
[01:00:22] [User Authenticator #78/INFO]: UUID of player ya_boi_ehoff is 29b09d36-7241-4ab4-b9bd-5a997e40a06b
[01:00:22] [Server thread/INFO]: ya_boi_ehoff joined the game
[01:00:22] [Server thread/INFO]: ya_boi_ehoff[/173.233.15.90:49882] logged in with entity id 606183 at ([world]42.690019270351584, 77.0, -5.675979901822025)
[01:02:34] [Server thread/WARN]: ya_boi_ehoff moved too quickly! 1.3342445836883599E-4,137.60475011770876,0.008640752140522068
[01:02:43] [Server thread/WARN]: ya_boi_ehoff moved too quickly! 0.1306419055458541,-48.21631547296056,-0.26099739684292445
[01:02:49] [Server thread/WARN]: ya_boi_ehoff moved too quickly! -3.1497756932530656,-121.99839148130407,-13.427505715240443
[01:08:04] [Server thread/INFO]: ya_boi_ehoff lost connection: Disconnected
[01:08:04] [Server thread/INFO]: ya_boi_ehoff left the game
[04:25:38] [Server thread/INFO]: [ProtocolLib] The updater found an update, and has readied it to be loaded the next time the server restarts/reloads.
