[00:00:04] [Server thread/INFO]: [Server Log]: The folder 'plugins/ServerLog/Compiled Log' has been created...
[00:00:04] [Server thread/INFO]: [Server Log]: The folder 'plugins/ServerLog/Server Information' has been created...
[00:00:04] [Server thread/INFO]: [Server Log]: The folder 'plugins/ServerLog/Server Information/TPS' has been created...
[00:00:04] [Server thread/INFO]: [Server Log]: The folder 'plugins/ServerLog/Server Information/Ram Usage' has been created...
[00:00:04] [Server thread/INFO]: [Server Log]: The folder 'plugins/ServerLog/Server Information/Player Count' has been created...
[00:00:04] [Server thread/INFO]: [Server Log]: The folder 'plugins/ServerLog/Server Information/Entity Count' has been created...
[00:00:04] [Server thread/INFO]: [Server Log]: The folder 'plugins/ServerLog/Server Information/Entity Count/world' has been created...
[00:00:04] [Server thread/INFO]: [Server Log]: The folder 'plugins/ServerLog/Server Information/Entity Count/world_nether' has been created...
[00:00:04] [Server thread/INFO]: [Server Log]: The folder 'plugins/ServerLog/Server Information/Entity Count/world_the_end' has been created...
[00:00:04] [Server thread/INFO]: [Server Log]: The folder 'plugins/ServerLog/Server Information/Chunks Loaded' has been created...
[00:00:04] [Server thread/INFO]: [Server Log]: The folder 'plugins/ServerLog/Server Information/Chunks Loaded/world' has been created...
[00:00:04] [Server thread/INFO]: [Server Log]: The folder 'plugins/ServerLog/Server Information/Chunks Loaded/world_nether' has been created...
[00:00:04] [Server thread/INFO]: [Server Log]: The folder 'plugins/ServerLog/Server Information/Chunks Loaded/world_the_end' has been created...
[00:00:04] [Server thread/INFO]: [Server Log]: The folder 'plugins/ServerLog/Activity' has been created...
[00:00:04] [Server thread/INFO]: [Server Log]: The folder 'plugins/ServerLog/Activity/Player Join' has been created...
[00:00:04] [Server thread/INFO]: [Server Log]: The folder 'plugins/ServerLog/Activity/Player Quit' has been created...
[00:00:04] [Server thread/INFO]: [Server Log]: The folder 'plugins/ServerLog/Activity/Player Kick' has been created...
[00:00:04] [Server thread/INFO]: [Server Log]: The folder 'plugins/ServerLog/Blocks' has been created...
[00:00:04] [Server thread/INFO]: [Server Log]: The folder 'plugins/ServerLog/Blocks/Block Place' has been created...
[00:00:04] [Server thread/INFO]: [Server Log]: The folder 'plugins/ServerLog/Blocks/Block Break' has been created...
[00:00:04] [Server thread/INFO]: [Server Log]: The folder 'plugins/ServerLog/Blocks/Empty Bucket' has been created...
[00:00:04] [Server thread/INFO]: [Server Log]: The folder 'plugins/ServerLog/Chat' has been created...
[00:00:04] [Server thread/INFO]: [Server Log]: The folder 'plugins/ServerLog/Commands' has been created...
[00:00:04] [Server thread/INFO]: [Server Log]: The folder 'plugins/ServerLog/Items' has been created...
[00:00:04] [Server thread/INFO]: [Server Log]: The folder 'plugins/ServerLog/Items/Item Pickup' has been created...
[00:00:04] [Server thread/INFO]: [Server Log]: The folder 'plugins/ServerLog/Items/Item Drop' has been created...
[00:00:04] [Server thread/INFO]: [Server Log]: The folder 'plugins/ServerLog/Players' has been created...
[00:00:04] [Server thread/INFO]: [Server Log]: The folder 'plugins/ServerLog/Players/Death' has been created...
[00:00:04] [Server thread/INFO]: [Server Log]: The folder 'plugins/ServerLog/Players/Spawn Mob Egg' has been created...
[00:00:04] [Server thread/INFO]: [Server Log]: The folder 'plugins/ServerLog/Players/Gamemode Change' has been created...
[00:00:04] [Server thread/INFO]: [Server Log]: The folder 'plugins/ServerLog/Players/Respawn' has been created...
[00:00:04] [Server thread/INFO]: [Server Log]: The folder 'plugins/ServerLog/Players/Teleport' has been created...
[00:00:04] [Server thread/INFO]: [Server Log]: The folder 'plugins/ServerLog/Custom APIs' has been created...
[00:00:04] [Server thread/INFO]: [Server Log]: The folder 'plugins/ServerLog/Custom APIs/Vouchers' has been created...
[00:00:04] [Server thread/INFO]: [Server Log]: All files have been initiated...
[03:01:25] [User Authenticator #58/INFO]: UUID of player ya_boi_ehoff is 29b09d36-7241-4ab4-b9bd-5a997e40a06b
[03:01:26] [Server thread/INFO]: ya_boi_ehoff[/173.233.15.90:59447] logged in with entity id 380169 at ([world]42.36431933408831, 72.0, 4.4026821009914965)
[03:11:47] [Server thread/INFO]: ya_boi_ehoff was slain by Enderman
[03:21:42] [Server thread/INFO]: ya_boi_ehoff lost connection: Disconnected
[03:21:42] [Server thread/INFO]: ya_boi_ehoff left the game
[04:25:25] [Server thread/INFO]: [ProtocolLib] The updater found an update, and has readied it to be loaded the next time the server restarts/reloads.
[12:54:14] [User Authenticator #59/INFO]: UUID of player Xestra is 0e6871b0-1917-45ec-8718-8a241461ba73
[12:54:15] [Server thread/INFO]: Xestra[/74.111.112.184:62624] logged in with entity id 390778 at ([world]1259.374323969306, 11.0, 646.6999999880791)
[12:54:19] [Server thread/INFO]: Xestra lost connection: Disconnected
[12:54:19] [Server thread/INFO]: Xestra left the game
[16:25:26] [Server thread/INFO]: [ProtocolLib] The updater found an update, and has readied it to be loaded the next time the server restarts/reloads.
